<?xml version="1.0" encoding="UTF-8"?>
<coverage generated="1773396599982" clover="3.2.0">
  <project timestamp="1773396599982" name="All files">
    <metrics statements="976" coveredstatements="921" conditionals="582" coveredconditionals="501" methods="323" coveredmethods="292" elements="1881" coveredelements="1714" complexity="0" loc="976" ncloc="976" packages="10" files="45" classes="45"/>
    <package name="src">
      <metrics statements="34" coveredstatements="26" conditionals="14" coveredconditionals="9" methods="10" coveredmethods="6"/>
      <file name="App.tsx" path="/Users/danleemh/ai/apps/inspiror/frontend/src/App.tsx">
        <metrics statements="18" coveredstatements="10" conditionals="8" coveredconditionals="3" methods="6" coveredmethods="2"/>
        <line num="13" count="190" type="stmt"/>
        <line num="25" count="190" type="stmt"/>
        <line num="26" count="190" type="stmt"/>
        <line num="28" count="190" type="stmt"/>
        <line num="29" count="0" type="stmt"/>
        <line num="30" count="0" type="cond" truecount="0" falsecount="2"/>
        <line num="31" count="0" type="cond" truecount="0" falsecount="2"/>
        <line num="32" count="0" type="stmt"/>
        <line num="36" count="190" type="stmt"/>
        <line num="38" count="0" type="stmt"/>
        <line num="39" count="0" type="stmt"/>
        <line num="40" count="0" type="stmt"/>
        <line num="41" count="0" type="stmt"/>
        <line num="50" count="190" type="cond" truecount="2" falsecount="0"/>
        <line num="51" count="17" type="stmt"/>
        <line num="58" count="1" type="stmt"/>
        <line num="66" count="173" type="stmt"/>
        <line num="68" count="173" type="stmt"/>
      </file>
      <file name="constants.ts" path="/Users/danleemh/ai/apps/inspiror/frontend/src/constants.ts">
        <metrics statements="16" coveredstatements="16" conditionals="6" coveredconditionals="6" methods="4" coveredmethods="4"/>
        <line num="4" count="4" type="stmt"/>
        <line num="48" count="4" type="stmt"/>
        <line num="50" count="4" type="stmt"/>
        <line num="93" count="4" type="stmt"/>
        <line num="136" count="4" type="stmt"/>
        <line num="137" count="4" type="stmt"/>
        <line num="139" count="4" type="stmt"/>
        <line num="150" count="4" type="stmt"/>
        <line num="173" count="4" type="stmt"/>
        <line num="180" count="54" type="cond" truecount="2" falsecount="0"/>
        <line num="181" count="51" type="cond" truecount="2" falsecount="0"/>
        <line num="182" count="48" type="stmt"/>
        <line num="186" count="53" type="cond" truecount="2" falsecount="0"/>
        <line num="187" count="8285" type="stmt"/>
        <line num="188" count="53" type="stmt"/>
        <line num="195" count="81" type="stmt"/>
      </file>
      <file name="index.css" path="/Users/danleemh/ai/apps/inspiror/frontend/src/index.css">
        <metrics statements="0" coveredstatements="0" conditionals="0" coveredconditionals="0" methods="0" coveredmethods="0"/>
      </file>
    </package>
    <package name="src.compiler">
      <metrics statements="39" coveredstatements="39" conditionals="16" coveredconditionals="15" methods="17" coveredmethods="17"/>
      <file name="compileBlocks.ts" path="/Users/danleemh/ai/apps/inspiror/frontend/src/compiler/compileBlocks.ts">
        <metrics statements="27" coveredstatements="27" conditionals="6" coveredconditionals="6" methods="16" coveredmethods="16"/>
        <line num="7" count="35" type="stmt"/>
        <line num="19" count="1" type="stmt"/>
        <line num="24" count="32" type="stmt"/>
        <line num="29" count="35" type="stmt"/>
        <line num="33" count="3" type="stmt"/>
        <line num="36" count="3" type="stmt"/>
        <line num="51" count="18" type="stmt"/>
        <line num="52" count="84" type="stmt"/>
        <line num="61" count="27" type="stmt"/>
        <line num="62" count="27" type="cond" truecount="2" falsecount="0"/>
        <line num="64" count="3" type="stmt"/>
        <line num="65" count="3" type="stmt"/>
        <line num="66" count="3" type="stmt"/>
        <line num="74" count="3" type="stmt"/>
        <line num="75" count="3" type="stmt"/>
        <line num="105" count="27" type="stmt"/>
        <line num="106" count="36" type="stmt"/>
        <line num="107" count="13" type="stmt"/>
        <line num="110" count="27" type="stmt"/>
        <line num="111" count="32" type="cond" truecount="2" falsecount="0"/>
        <line num="116" count="27" type="stmt"/>
        <line num="118" count="32" type="stmt"/>
        <line num="119" count="32" type="stmt"/>
        <line num="120" count="32" type="stmt"/>
        <line num="121" count="32" type="stmt"/>
        <line num="140" count="27" type="cond" truecount="2" falsecount="0"/>
        <line num="142" count="27" type="stmt"/>
      </file>
      <file name="substituteParams.ts" path="/Users/danleemh/ai/apps/inspiror/frontend/src/compiler/substituteParams.ts">
        <metrics statements="12" coveredstatements="12" conditionals="10" coveredconditionals="9" methods="1" coveredmethods="1"/>
        <line num="11" count="39" type="stmt"/>
        <line num="12" count="39" type="stmt"/>
        <line num="13" count="32" type="stmt"/>
        <line num="14" count="32" type="cond" truecount="2" falsecount="0"/>
        <line num="17" count="31" type="cond" truecount="2" falsecount="0"/>
        <line num="19" count="17" type="stmt"/>
        <line num="20" count="14" type="cond" truecount="2" falsecount="0"/>
        <line num="21" count="1" type="cond" truecount="1" falsecount="1"/>
        <line num="24" count="13" type="stmt"/>
        <line num="25" count="13" type="cond" truecount="2" falsecount="0"/>
        <line num="28" count="31" type="stmt"/>
        <line num="30" count="39" type="stmt"/>
      </file>
    </package>
    <package name="src.components">
      <metrics statements="346" coveredstatements="305" conditionals="242" coveredconditionals="188" methods="119" coveredmethods="97"/>
      <file name="AchievementModal.tsx" path="/Users/danleemh/ai/apps/inspiror/frontend/src/components/AchievementModal.tsx">
        <metrics statements="13" coveredstatements="13" conditionals="6" coveredconditionals="5" methods="5" coveredmethods="5"/>
        <line num="19" count="144" type="stmt"/>
        <line num="20" count="144" type="stmt"/>
        <line num="21" count="144" type="stmt"/>
        <line num="23" count="144" type="stmt"/>
        <line num="24" count="57" type="cond" truecount="2" falsecount="0"/>
        <line num="25" count="12" type="stmt"/>
        <line num="26" count="57" type="stmt"/>
        <line num="27" count="1" type="cond" truecount="1" falsecount="1"/>
        <line num="29" count="57" type="stmt"/>
        <line num="30" count="57" type="stmt"/>
        <line num="33" count="144" type="cond" truecount="2" falsecount="0"/>
        <line num="35" count="17" type="stmt"/>
        <line num="47" count="1" type="stmt"/>
      </file>
      <file name="BackgroundBubbles.tsx" path="/Users/danleemh/ai/apps/inspiror/frontend/src/components/BackgroundBubbles.tsx">
        <metrics statements="12" coveredstatements="12" conditionals="0" coveredconditionals="0" methods="4" coveredmethods="4"/>
        <line num="3" count="1" type="stmt"/>
        <line num="13" count="137" type="stmt"/>
        <line num="14" count="44" type="stmt"/>
        <line num="15" count="880" type="stmt"/>
        <line num="16" count="880" type="stmt"/>
        <line num="17" count="880" type="stmt"/>
        <line num="18" count="880" type="stmt"/>
        <line num="19" count="880" type="stmt"/>
        <line num="22" count="880" type="stmt"/>
        <line num="24" count="880" type="stmt"/>
        <line num="36" count="137" type="stmt"/>
        <line num="39" count="2740" type="stmt"/>
      </file>
      <file name="BadgeGallery.tsx" path="/Users/danleemh/ai/apps/inspiror/frontend/src/components/BadgeGallery.tsx">
        <metrics statements="20" coveredstatements="18" conditionals="32" coveredconditionals="28" methods="9" coveredmethods="7"/>
        <line num="38" count="146" type="stmt"/>
        <line num="39" count="146" type="stmt"/>
        <line num="40" count="146" type="stmt"/>
        <line num="42" count="146" type="stmt"/>
        <line num="43" count="146" type="cond" truecount="2" falsecount="0"/>
        <line num="44" count="8" type="stmt"/>
        <line num="45" count="146" type="stmt"/>
        <line num="46" count="1" type="cond" truecount="1" falsecount="1"/>
        <line num="48" count="146" type="stmt"/>
        <line num="49" count="146" type="stmt"/>
        <line num="52" count="146" type="cond" truecount="2" falsecount="0"/>
        <line num="54" count="8" type="stmt"/>
        <line num="66" count="0" type="stmt"/>
        <line num="118" count="88" type="stmt"/>
        <line num="119" count="88" type="cond" truecount="2" falsecount="0"/>
        <line num="120" count="88" type="stmt"/>
        <line num="150" count="40" type="stmt"/>
        <line num="151" count="40" type="stmt"/>
        <line num="152" count="40" type="stmt"/>
        <line num="155" count="0" type="cond" truecount="0" falsecount="2"/>
      </file>
      <file name="BuildingOverlay.tsx" path="/Users/danleemh/ai/apps/inspiror/frontend/src/components/BuildingOverlay.tsx">
        <metrics statements="11" coveredstatements="11" conditionals="11" coveredconditionals="11" methods="5" coveredmethods="5"/>
        <line num="11" count="2" type="stmt"/>
        <line num="19" count="146" type="stmt"/>
        <line num="21" count="146" type="stmt"/>
        <line num="22" count="50" type="cond" truecount="4" falsecount="0"/>
        <line num="24" count="8" type="stmt"/>
        <line num="25" count="8" type="stmt"/>
        <line num="26" count="5" type="stmt"/>
        <line num="29" count="8" type="stmt"/>
        <line num="32" count="146" type="cond" truecount="2" falsecount="0"/>
        <line num="34" count="17" type="cond" truecount="2" falsecount="0"/>
        <line num="36" count="146" type="stmt"/>
      </file>
      <file name="ChatHeader.tsx" path="/Users/danleemh/ai/apps/inspiror/frontend/src/components/ChatHeader.tsx">
        <metrics statements="5" coveredstatements="5" conditionals="19" coveredconditionals="14" methods="1" coveredmethods="1"/>
        <line num="20" count="2" type="stmt"/>
        <line num="28" count="2" type="stmt"/>
        <line num="80" count="148" type="cond" truecount="2" falsecount="0"/>
        <line num="81" count="148" type="stmt"/>
        <line num="83" count="148" type="stmt"/>
      </file>
      <file name="ConfettiBurst.tsx" path="/Users/danleemh/ai/apps/inspiror/frontend/src/components/ConfettiBurst.tsx">
        <metrics statements="15" coveredstatements="15" conditionals="6" coveredconditionals="6" methods="2" coveredmethods="2"/>
        <line num="8" count="137" type="cond" truecount="2" falsecount="0"/>
        <line num="10" count="15" type="stmt"/>
        <line num="19" count="15" type="stmt"/>
        <line num="25" count="1200" type="stmt"/>
        <line num="26" count="1200" type="stmt"/>
        <line num="27" count="1200" type="stmt"/>
        <line num="28" count="1200" type="stmt"/>
        <line num="29" count="1200" type="stmt"/>
        <line num="30" count="1200" type="stmt"/>
        <line num="31" count="1200" type="stmt"/>
        <line num="32" count="1200" type="stmt"/>
        <line num="33" count="1200" type="stmt"/>
        <line num="34" count="1200" type="stmt"/>
        <line num="35" count="1200" type="cond" truecount="2" falsecount="0"/>
        <line num="37" count="1200" type="stmt"/>
      </file>
      <file name="ConfirmDialog.tsx" path="/Users/danleemh/ai/apps/inspiror/frontend/src/components/ConfirmDialog.tsx">
        <metrics statements="14" coveredstatements="14" conditionals="8" coveredconditionals="7" methods="5" coveredmethods="5"/>
        <line num="21" count="177" type="stmt"/>
        <line num="22" count="177" type="stmt"/>
        <line num="23" count="177" type="stmt"/>
        <line num="26" count="177" type="stmt"/>
        <line num="27" count="83" type="cond" truecount="2" falsecount="0"/>
        <line num="28" count="10" type="stmt"/>
        <line num="33" count="177" type="stmt"/>
        <line num="34" count="177" type="cond" truecount="2" falsecount="0"/>
        <line num="35" count="10" type="stmt"/>
        <line num="36" count="1" type="cond" truecount="1" falsecount="1"/>
        <line num="38" count="10" type="stmt"/>
        <line num="39" count="10" type="stmt"/>
        <line num="42" count="177" type="cond" truecount="2" falsecount="0"/>
        <line num="44" count="10" type="stmt"/>
      </file>
      <file name="EditorView.tsx" path="/Users/danleemh/ai/apps/inspiror/frontend/src/components/EditorView.tsx">
        <metrics statements="125" coveredstatements="110" conditionals="46" coveredconditionals="35" methods="38" coveredmethods="28"/>
        <line num="55" count="138" type="stmt"/>
        <line num="56" count="138" type="stmt"/>
        <line num="57" count="44" type="cond" truecount="2" falsecount="0"/>
        <line num="61" count="38" type="stmt"/>
        <line num="63" count="6" type="stmt"/>
        <line num="65" count="138" type="stmt"/>
        <line num="66" count="138" type="stmt"/>
        <line num="67" count="138" type="stmt"/>
        <line num="68" count="44" type="cond" truecount="2" falsecount="0"/>
        <line num="70" count="138" type="stmt"/>
        <line num="71" count="138" type="stmt"/>
        <line num="72" count="138" type="stmt"/>
        <line num="73" count="44" type="cond" truecount="1" falsecount="1"/>
        <line num="74" count="0" type="stmt"/>
        <line num="75" count="0" type="cond" truecount="0" falsecount="2"/>
        <line num="77" count="0" type="stmt"/>
        <line num="78" count="0" type="stmt"/>
        <line num="80" count="138" type="stmt"/>
        <line num="81" count="138" type="stmt"/>
        <line num="82" count="138" type="stmt"/>
        <line num="85" count="138" type="stmt"/>
        <line num="87" count="138" type="stmt"/>
        <line num="88" count="138" type="stmt"/>
        <line num="89" count="138" type="stmt"/>
        <line num="90" count="138" type="stmt"/>
        <line num="91" count="138" type="stmt"/>
        <line num="93" count="138" type="stmt"/>
        <line num="94" count="59" type="stmt"/>
        <line num="97" count="138" type="stmt"/>
        <line num="98" count="48" type="stmt"/>
        <line num="101" count="138" type="stmt"/>
        <line num="111" count="138" type="stmt"/>
        <line num="124" count="138" type="stmt"/>
        <line num="125" count="138" type="stmt"/>
        <line num="131" count="138" type="stmt"/>
        <line num="132" count="138" type="stmt"/>
        <line num="133" count="138" type="stmt"/>
        <line num="134" count="138" type="stmt"/>
        <line num="135" count="138" type="stmt"/>
        <line num="136" count="138" type="stmt"/>
        <line num="138" count="138" type="stmt"/>
        <line num="139" count="44" type="stmt"/>
        <line num="142" count="138" type="stmt"/>
        <line num="143" count="44" type="stmt"/>
        <line num="146" count="138" type="stmt"/>
        <line num="147" count="44" type="stmt"/>
        <line num="150" count="138" type="stmt"/>
        <line num="151" count="44" type="stmt"/>
        <line num="154" count="138" type="stmt"/>
        <line num="155" count="44" type="cond" truecount="2" falsecount="2"/>
        <line num="156" count="0" type="stmt"/>
        <line num="160" count="138" type="stmt"/>
        <line num="164" count="6" type="cond" truecount="2" falsecount="0"/>
        <line num="165" count="5" type="stmt"/>
        <line num="169" count="5" type="stmt"/>
        <line num="171" count="6" type="cond" truecount="2" falsecount="0"/>
        <line num="176" count="3" type="stmt"/>
        <line num="177" count="3" type="cond" truecount="1" falsecount="1"/>
        <line num="180" count="3" type="stmt"/>
        <line num="181" count="3" type="stmt"/>
        <line num="183" count="6" type="stmt"/>
        <line num="184" count="6" type="stmt"/>
        <line num="185" count="6" type="stmt"/>
        <line num="187" count="6" type="cond" truecount="2" falsecount="0"/>
        <line num="188" count="1" type="stmt"/>
        <line num="190" count="6" type="stmt"/>
        <line num="191" count="6" type="stmt"/>
        <line num="192" count="1" type="stmt"/>
        <line num="193" count="1" type="stmt"/>
        <line num="195" count="6" type="stmt"/>
        <line num="198" count="1" type="stmt"/>
        <line num="199" count="1" type="stmt"/>
        <line num="203" count="138" type="stmt"/>
        <line num="214" count="3" type="stmt"/>
        <line num="219" count="138" type="stmt"/>
        <line num="223" count="0" type="stmt"/>
        <line num="224" count="0" type="stmt"/>
        <line num="228" count="138" type="stmt"/>
        <line num="229" count="2" type="cond" truecount="3" falsecount="1"/>
        <line num="230" count="2" type="stmt"/>
        <line num="231" count="2" type="stmt"/>
        <line num="232" count="2" type="stmt"/>
        <line num="233" count="2" type="stmt"/>
        <line num="237" count="2" type="stmt"/>
        <line num="238" count="2" type="stmt"/>
        <line num="239" count="2" type="stmt"/>
        <line num="246" count="138" type="stmt"/>
        <line num="247" count="2" type="cond" truecount="1" falsecount="1"/>
        <line num="248" count="2" type="stmt"/>
        <line num="249" count="2" type="stmt"/>
        <line num="250" count="2" type="stmt"/>
        <line num="251" count="2" type="stmt"/>
        <line num="252" count="2" type="stmt"/>
        <line num="253" count="2" type="stmt"/>
        <line num="254" count="2" type="stmt"/>
        <line num="261" count="138" type="stmt"/>
        <line num="263" count="138" type="stmt"/>
        <line num="264" count="1" type="stmt"/>
        <line num="267" count="138" type="stmt"/>
        <line num="268" count="1" type="stmt"/>
        <line num="269" count="1" type="stmt"/>
        <line num="270" count="3" type="stmt"/>
        <line num="271" count="1" type="stmt"/>
        <line num="272" count="1" type="stmt"/>
        <line num="273" count="1" type="stmt"/>
        <line num="274" count="1" type="stmt"/>
        <line num="275" count="1" type="stmt"/>
        <line num="276" count="1" type="stmt"/>
        <line num="277" count="1" type="stmt"/>
        <line num="281" count="138" type="stmt"/>
        <line num="283" count="0" type="stmt"/>
        <line num="284" count="0" type="stmt"/>
        <line num="289" count="138" type="stmt"/>
        <line num="297" count="138" type="cond" truecount="3" falsecount="0"/>
        <line num="299" count="138" type="stmt"/>
        <line num="307" count="138" type="stmt"/>
        <line num="309" count="138" type="stmt"/>
        <line num="317" count="0" type="stmt"/>
        <line num="333" count="2" type="stmt"/>
        <line num="334" count="0" type="stmt"/>
        <line num="369" count="2" type="stmt"/>
        <line num="370" count="0" type="stmt"/>
        <line num="399" count="0" type="stmt"/>
        <line num="417" count="0" type="stmt"/>
        <line num="438" count="0" type="stmt"/>
      </file>
      <file name="ErrorBoundary.tsx" path="/Users/danleemh/ai/apps/inspiror/frontend/src/components/ErrorBoundary.tsx">
        <metrics statements="8" coveredstatements="7" conditionals="2" coveredconditionals="2" methods="5" coveredmethods="4"/>
        <line num="16" count="8" type="stmt"/>
        <line num="17" count="8" type="stmt"/>
        <line num="21" count="6" type="stmt"/>
        <line num="25" count="3" type="stmt"/>
        <line num="29" count="13" type="cond" truecount="2" falsecount="0"/>
        <line num="30" count="6" type="stmt"/>
        <line num="40" count="0" type="stmt"/>
        <line num="51" count="7" type="stmt"/>
      </file>
      <file name="MessageInput.tsx" path="/Users/danleemh/ai/apps/inspiror/frontend/src/components/MessageInput.tsx">
        <metrics statements="3" coveredstatements="3" conditionals="12" coveredconditionals="8" methods="3" coveredmethods="3"/>
        <line num="29" count="135" type="stmt"/>
        <line num="52" count="6" type="stmt"/>
        <line num="53" count="1" type="cond" truecount="1" falsecount="1"/>
      </file>
      <file name="MessageList.tsx" path="/Users/danleemh/ai/apps/inspiror/frontend/src/components/MessageList.tsx">
        <metrics statements="9" coveredstatements="8" conditionals="12" coveredconditionals="12" methods="6" coveredmethods="5"/>
        <line num="33" count="139" type="stmt"/>
        <line num="35" count="139" type="stmt"/>
        <line num="36" count="65" type="stmt"/>
        <line num="39" count="139" type="stmt"/>
        <line num="42" count="225" type="stmt"/>
        <line num="104" count="0" type="stmt"/>
        <line num="115" count="316" type="stmt"/>
        <line num="121" count="316" type="stmt"/>
        <line num="124" count="2" type="stmt"/>
      </file>
      <file name="OnboardingTooltip.tsx" path="/Users/danleemh/ai/apps/inspiror/frontend/src/components/OnboardingTooltip.tsx">
        <metrics statements="43" coveredstatements="43" conditionals="25" coveredconditionals="22" methods="9" coveredmethods="9"/>
        <line num="27" count="2" type="stmt"/>
        <line num="34" count="2" type="stmt"/>
        <line num="36" count="2" type="stmt"/>
        <line num="37" count="2" type="stmt"/>
        <line num="38" count="2" type="stmt"/>
        <line num="40" count="2" type="stmt"/>
        <line num="43" count="41" type="stmt"/>
        <line num="44" count="41" type="stmt"/>
        <line num="45" count="41" type="stmt"/>
        <line num="47" count="41" type="stmt"/>
        <line num="48" count="41" type="stmt"/>
        <line num="52" count="41" type="stmt"/>
        <line num="54" count="41" type="cond" truecount="1" falsecount="1"/>
        <line num="55" count="41" type="stmt"/>
        <line num="56" count="41" type="stmt"/>
        <line num="59" count="41" type="stmt"/>
        <line num="61" count="41" type="stmt"/>
        <line num="71" count="152" type="stmt"/>
        <line num="72" count="152" type="stmt"/>
        <line num="74" count="152" type="stmt"/>
        <line num="75" count="52" type="cond" truecount="4" falsecount="0"/>
        <line num="76" count="51" type="stmt"/>
        <line num="77" count="51" type="cond" truecount="2" falsecount="0"/>
        <line num="78" count="41" type="stmt"/>
        <line num="81" count="152" type="stmt"/>
        <line num="82" count="52" type="stmt"/>
        <line num="83" count="52" type="stmt"/>
        <line num="84" count="52" type="stmt"/>
        <line num="88" count="152" type="stmt"/>
        <line num="89" count="93" type="cond" truecount="4" falsecount="0"/>
        <line num="90" count="41" type="stmt"/>
        <line num="95" count="152" type="stmt"/>
        <line num="96" count="52" type="cond" truecount="2" falsecount="0"/>
        <line num="97" count="51" type="stmt"/>
        <line num="98" count="2" type="cond" truecount="2" falsecount="0"/>
        <line num="100" count="51" type="stmt"/>
        <line num="101" count="51" type="stmt"/>
        <line num="104" count="152" type="cond" truecount="5" falsecount="0"/>
        <line num="106" count="85" type="stmt"/>
        <line num="111" count="85" type="stmt"/>
        <line num="118" count="85" type="cond" truecount="1" falsecount="1"/>
        <line num="122" count="152" type="cond" truecount="1" falsecount="1"/>
        <line num="124" count="152" type="stmt"/>
      </file>
      <file name="PreviewPanel.tsx" path="/Users/danleemh/ai/apps/inspiror/frontend/src/components/PreviewPanel.tsx">
        <metrics statements="21" coveredstatements="11" conditionals="24" coveredconditionals="11" methods="10" coveredmethods="4"/>
        <line num="60" count="137" type="stmt"/>
        <line num="62" count="137" type="stmt"/>
        <line num="63" count="0" type="cond" truecount="0" falsecount="2"/>
        <line num="66" count="137" type="stmt"/>
        <line num="68" count="137" type="stmt"/>
        <line num="69" count="0" type="cond" truecount="0" falsecount="2"/>
        <line num="74" count="137" type="stmt"/>
        <line num="75" count="137" type="stmt"/>
        <line num="77" count="137" type="stmt"/>
        <line num="78" count="44" type="stmt"/>
        <line num="79" count="44" type="cond" truecount="1" falsecount="1"/>
        <line num="83" count="137" type="stmt"/>
        <line num="84" count="0" type="stmt"/>
        <line num="85" count="0" type="cond" truecount="0" falsecount="2"/>
        <line num="86" count="0" type="stmt"/>
        <line num="87" count="0" type="cond" truecount="0" falsecount="2"/>
        <line num="88" count="0" type="stmt"/>
        <line num="89" count="0" type="stmt"/>
        <line num="90" count="0" type="stmt"/>
        <line num="95" count="137" type="stmt"/>
        <line num="98" count="0" type="stmt"/>
      </file>
      <file name="ProjectCatalog.tsx" path="/Users/danleemh/ai/apps/inspiror/frontend/src/components/ProjectCatalog.tsx">
        <metrics statements="47" coveredstatements="35" conditionals="39" coveredconditionals="27" methods="17" coveredmethods="15"/>
        <line num="42" count="31" type="stmt"/>
        <line num="43" count="31" type="stmt"/>
        <line num="44" count="31" type="stmt"/>
        <line num="45" count="31" type="stmt"/>
        <line num="46" count="31" type="stmt"/>
        <line num="47" count="31" type="stmt"/>
        <line num="49" count="31" type="stmt"/>
        <line num="50" count="28" type="cond" truecount="2" falsecount="0"/>
        <line num="53" count="31" type="stmt"/>
        <line num="54" count="1" type="stmt"/>
        <line num="55" count="1" type="stmt"/>
        <line num="58" count="31" type="stmt"/>
        <line num="59" count="1" type="cond" truecount="3" falsecount="1"/>
        <line num="60" count="1" type="stmt"/>
        <line num="62" count="1" type="stmt"/>
        <line num="63" count="1" type="stmt"/>
        <line num="66" count="31" type="stmt"/>
        <line num="67" count="15" type="stmt"/>
        <line num="68" count="15" type="cond" truecount="1" falsecount="1"/>
        <line num="69" count="0" type="stmt"/>
        <line num="70" count="0" type="cond" truecount="0" falsecount="2"/>
        <line num="71" count="0" type="stmt"/>
        <line num="72" count="0" type="cond" truecount="0" falsecount="2"/>
        <line num="73" count="0" type="stmt"/>
        <line num="74" count="0" type="cond" truecount="0" falsecount="2"/>
        <line num="75" count="0" type="stmt"/>
        <line num="78" count="31" type="stmt"/>
        <line num="87" count="31" type="stmt"/>
        <line num="158" count="186" type="stmt"/>
        <line num="159" count="186" type="stmt"/>
        <line num="162" count="7" type="stmt"/>
        <line num="205" count="15" type="stmt"/>
        <line num="213" count="15" type="stmt"/>
        <line num="215" count="15" type="stmt"/>
        <line num="227" count="1" type="stmt"/>
        <line num="230" count="1" type="cond" truecount="1" falsecount="1"/>
        <line num="231" count="1" type="cond" truecount="1" falsecount="1"/>
        <line num="232" count="0" type="stmt"/>
        <line num="233" count="0" type="stmt"/>
        <line num="243" count="1" type="stmt"/>
        <line num="249" count="0" type="stmt"/>
        <line num="250" count="0" type="stmt"/>
        <line num="267" count="4" type="stmt"/>
        <line num="275" count="1" type="stmt"/>
        <line num="296" count="1" type="cond" truecount="1" falsecount="1"/>
        <line num="297" count="1" type="stmt"/>
        <line num="299" count="0" type="stmt"/>
      </file>
    </package>
    <package name="src.components.blocks">
      <metrics statements="59" coveredstatements="59" conditionals="73" coveredconditionals="69" methods="33" coveredmethods="33"/>
      <file name="BlockCard.tsx" path="/Users/danleemh/ai/apps/inspiror/frontend/src/components/blocks/BlockCard.tsx">
        <metrics statements="10" coveredstatements="10" conditionals="29" coveredconditionals="28" methods="6" coveredmethods="6"/>
        <line num="29" count="119" type="stmt"/>
        <line num="30" count="119" type="stmt"/>
        <line num="39" count="119" type="stmt"/>
        <line num="41" count="119" type="stmt"/>
        <line num="46" count="119" type="stmt"/>
        <line num="81" count="3" type="stmt"/>
        <line num="99" count="5" type="stmt"/>
        <line num="114" count="4" type="stmt"/>
        <line num="127" count="5" type="stmt"/>
        <line num="130" count="2" type="stmt"/>
      </file>
      <file name="BlockEditor.tsx" path="/Users/danleemh/ai/apps/inspiror/frontend/src/components/blocks/BlockEditor.tsx">
        <metrics statements="34" coveredstatements="34" conditionals="20" coveredconditionals="17" methods="19" coveredmethods="19"/>
        <line num="34" count="156" type="stmt"/>
        <line num="43" count="156" type="stmt"/>
        <line num="44" count="67" type="stmt"/>
        <line num="48" count="156" type="stmt"/>
        <line num="50" count="3" type="stmt"/>
        <line num="51" count="3" type="cond" truecount="4" falsecount="0"/>
        <line num="53" count="1" type="stmt"/>
        <line num="54" count="3" type="stmt"/>
        <line num="56" count="1" type="cond" truecount="3" falsecount="1"/>
        <line num="59" count="1" type="stmt"/>
        <line num="60" count="1" type="stmt"/>
        <line num="61" count="1" type="stmt"/>
        <line num="63" count="3" type="stmt"/>
        <line num="68" count="1" type="stmt"/>
        <line num="73" count="156" type="stmt"/>
        <line num="75" count="2" type="stmt"/>
        <line num="76" count="3" type="cond" truecount="2" falsecount="0"/>
        <line num="78" count="2" type="stmt"/>
        <line num="83" count="156" type="stmt"/>
        <line num="85" count="1" type="stmt"/>
        <line num="86" count="1" type="cond" truecount="1" falsecount="1"/>
        <line num="87" count="1" type="stmt"/>
        <line num="90" count="1" type="cond" truecount="1" falsecount="1"/>
        <line num="94" count="1" type="stmt"/>
        <line num="99" count="156" type="stmt"/>
        <line num="101" count="3" type="stmt"/>
        <line num="102" count="6" type="stmt"/>
        <line num="103" count="3" type="stmt"/>
        <line num="104" count="3" type="stmt"/>
        <line num="109" count="156" type="stmt"/>
        <line num="118" count="89" type="stmt"/>
        <line num="131" count="30" type="stmt"/>
        <line num="145" count="89" type="stmt"/>
        <line num="149" count="89" type="stmt"/>
      </file>
      <file name="ParamEditor.tsx" path="/Users/danleemh/ai/apps/inspiror/frontend/src/components/blocks/ParamEditor.tsx">
        <metrics statements="15" coveredstatements="15" conditionals="24" coveredconditionals="24" methods="8" coveredmethods="8"/>
        <line num="11" count="29" type="stmt"/>
        <line num="12" count="9" type="stmt"/>
        <line num="15" count="29" type="cond" truecount="6" falsecount="0"/>
        <line num="17" count="12" type="stmt"/>
        <line num="28" count="4" type="stmt"/>
        <line num="39" count="3" type="stmt"/>
        <line num="47" count="1" type="stmt"/>
        <line num="56" count="3" type="stmt"/>
        <line num="64" count="1" type="stmt"/>
        <line num="72" count="5" type="stmt"/>
        <line num="78" count="2" type="stmt"/>
        <line num="96" count="5" type="stmt"/>
        <line num="103" count="1" type="stmt"/>
        <line num="108" count="10" type="stmt"/>
        <line num="117" count="1" type="stmt"/>
      </file>
    </package>
    <package name="src.constants">
      <metrics statements="8" coveredstatements="8" conditionals="2" coveredconditionals="1" methods="1" coveredmethods="1"/>
      <file name="blockCategories.ts" path="/Users/danleemh/ai/apps/inspiror/frontend/src/constants/blockCategories.ts">
        <metrics statements="1" coveredstatements="1" conditionals="0" coveredconditionals="0" methods="0" coveredmethods="0"/>
        <line num="9" count="3" type="stmt"/>
      </file>
      <file name="codingFacts.ts" path="/Users/danleemh/ai/apps/inspiror/frontend/src/constants/codingFacts.ts">
        <metrics statements="5" coveredstatements="5" conditionals="2" coveredconditionals="1" methods="1" coveredmethods="1"/>
        <line num="3" count="1" type="stmt"/>
        <line num="24" count="1" type="stmt"/>
        <line num="45" count="1" type="stmt"/>
        <line num="66" count="1" type="stmt"/>
        <line num="73" count="44" type="cond" truecount="1" falsecount="1"/>
      </file>
      <file name="defaultBlocks.ts" path="/Users/danleemh/ai/apps/inspiror/frontend/src/constants/defaultBlocks.ts">
        <metrics statements="1" coveredstatements="1" conditionals="0" coveredconditionals="0" methods="0" coveredmethods="0"/>
        <line num="7" count="2" type="stmt"/>
      </file>
      <file name="starterTemplates.ts" path="/Users/danleemh/ai/apps/inspiror/frontend/src/constants/starterTemplates.ts">
        <metrics statements="1" coveredstatements="1" conditionals="0" coveredconditionals="0" methods="0" coveredmethods="0"/>
        <line num="11" count="3" type="stmt"/>
      </file>
    </package>
    <package name="src.hooks">
      <metrics statements="436" coveredstatements="430" conditionals="215" coveredconditionals="199" methods="136" coveredmethods="131"/>
      <file name="useAchievements.ts" path="/Users/danleemh/ai/apps/inspiror/frontend/src/hooks/useAchievements.ts">
        <metrics statements="50" coveredstatements="49" conditionals="19" coveredconditionals="18" methods="17" coveredmethods="16"/>
        <line num="11" count="2" type="stmt"/>
        <line num="12" count="2" type="stmt"/>
        <line num="15" count="60" type="stmt"/>
        <line num="16" count="60" type="stmt"/>
        <line num="17" count="60" type="cond" truecount="2" falsecount="0"/>
        <line num="18" count="3" type="stmt"/>
        <line num="23" count="58" type="stmt"/>
        <line num="30" count="34" type="stmt"/>
        <line num="34" count="60" type="cond" truecount="2" falsecount="0"/>
        <line num="38" count="191" type="stmt"/>
        <line num="39" count="191" type="stmt"/>
        <line num="40" count="191" type="stmt"/>
        <line num="42" count="191" type="stmt"/>
        <line num="44" count="191" type="stmt"/>
        <line num="45" count="19" type="stmt"/>
        <line num="46" count="19" type="stmt"/>
        <line num="47" count="19" type="cond" truecount="2" falsecount="0"/>
        <line num="50" count="191" type="stmt"/>
        <line num="52" count="34" type="stmt"/>
        <line num="53" count="34" type="stmt"/>
        <line num="54" count="34" type="stmt"/>
        <line num="55" count="34" type="stmt"/>
        <line num="57" count="34" type="stmt"/>
        <line num="58" count="374" type="cond" truecount="2" falsecount="0"/>
        <line num="63" count="19" type="stmt"/>
        <line num="64" count="19" type="stmt"/>
        <line num="68" count="34" type="stmt"/>
        <line num="72" count="34" type="stmt"/>
        <line num="74" count="34" type="cond" truecount="2" falsecount="0"/>
        <line num="75" count="19" type="stmt"/>
        <line num="77" count="19" type="stmt"/>
        <line num="80" count="34" type="stmt"/>
        <line num="86" count="191" type="stmt"/>
        <line num="87" count="28" type="stmt"/>
        <line num="90" count="191" type="stmt"/>
        <line num="91" count="4" type="stmt"/>
        <line num="94" count="191" type="stmt"/>
        <line num="95" count="0" type="stmt"/>
        <line num="98" count="191" type="stmt"/>
        <line num="99" count="2" type="stmt"/>
        <line num="103" count="191" type="stmt"/>
        <line num="105" count="191" type="stmt"/>
        <line num="107" count="7" type="stmt"/>
        <line num="108" count="3" type="cond" truecount="4" falsecount="0"/>
        <line num="109" count="2" type="stmt"/>
        <line num="110" count="2" type="stmt"/>
        <line num="117" count="194" type="cond" truecount="1" falsecount="1"/>
        <line num="119" count="191" type="stmt"/>
        <line num="120" count="955" type="stmt"/>
        <line num="123" count="191" type="stmt"/>
      </file>
      <file name="useAudio.ts" path="/Users/danleemh/ai/apps/inspiror/frontend/src/hooks/useAudio.ts">
        <metrics statements="45" coveredstatements="44" conditionals="4" coveredconditionals="4" methods="17" coveredmethods="16"/>
        <line num="3" count="1" type="stmt"/>
        <line num="4" count="1" type="stmt"/>
        <line num="6" count="1" type="stmt"/>
        <line num="19" count="36" type="stmt"/>
        <line num="20" count="144" type="stmt"/>
        <line num="21" count="144" type="stmt"/>
        <line num="22" count="144" type="stmt"/>
        <line num="24" count="36" type="stmt"/>
        <line num="28" count="9" type="stmt"/>
        <line num="29" count="9" type="stmt"/>
        <line num="30" count="9" type="stmt"/>
        <line num="31" count="9" type="stmt"/>
        <line num="32" count="9" type="stmt"/>
        <line num="39" count="36" type="stmt"/>
        <line num="40" count="144" type="stmt"/>
        <line num="41" count="144" type="stmt"/>
        <line num="42" count="144" type="stmt"/>
        <line num="44" count="36" type="stmt"/>
        <line num="48" count="11" type="stmt"/>
        <line num="49" count="9" type="stmt"/>
        <line num="50" count="9" type="stmt"/>
        <line num="52" count="0" type="stmt"/>
        <line num="56" count="11" type="stmt"/>
        <line num="58" count="11" type="stmt"/>
        <line num="59" count="9" type="stmt"/>
        <line num="60" count="9" type="stmt"/>
        <line num="61" count="36" type="stmt"/>
        <line num="63" count="9" type="stmt"/>
        <line num="65" count="9" type="stmt"/>
        <line num="66" count="9" type="stmt"/>
        <line num="67" count="36" type="stmt"/>
        <line num="69" count="9" type="stmt"/>
        <line num="73" count="11" type="stmt"/>
        <line num="74" count="11" type="stmt"/>
        <line num="75" count="11" type="stmt"/>
        <line num="81" count="11" type="stmt"/>
        <line num="83" count="10" type="cond" truecount="2" falsecount="0"/>
        <line num="84" count="9" type="stmt"/>
        <line num="85" count="10" type="cond" truecount="2" falsecount="0"/>
        <line num="90" count="11" type="stmt"/>
        <line num="91" count="11" type="stmt"/>
        <line num="92" count="11" type="stmt"/>
        <line num="93" count="11" type="stmt"/>
        <line num="94" count="11" type="stmt"/>
        <line num="96" count="11" type="stmt"/>
      </file>
      <file name="useAutoFix.ts" path="/Users/danleemh/ai/apps/inspiror/frontend/src/hooks/useAutoFix.ts">
        <metrics statements="55" coveredstatements="55" conditionals="20" coveredconditionals="17" methods="13" coveredmethods="13"/>
        <line num="8" count="2" type="stmt"/>
        <line num="9" count="2" type="stmt"/>
        <line num="46" count="149" type="stmt"/>
        <line num="49" count="149" type="stmt"/>
        <line num="50" count="149" type="stmt"/>
        <line num="51" count="55" type="stmt"/>
        <line num="55" count="149" type="stmt"/>
        <line num="56" count="149" type="stmt"/>
        <line num="57" count="55" type="stmt"/>
        <line num="60" count="149" type="stmt"/>
        <line num="61" count="149" type="stmt"/>
        <line num="62" count="55" type="stmt"/>
        <line num="65" count="149" type="stmt"/>
        <line num="66" count="149" type="stmt"/>
        <line num="67" count="55" type="stmt"/>
        <line num="70" count="149" type="stmt"/>
        <line num="71" count="149" type="stmt"/>
        <line num="72" count="55" type="stmt"/>
        <line num="75" count="149" type="stmt"/>
        <line num="76" count="149" type="stmt"/>
        <line num="77" count="55" type="stmt"/>
        <line num="80" count="149" type="stmt"/>
        <line num="81" count="149" type="stmt"/>
        <line num="82" count="55" type="stmt"/>
        <line num="85" count="149" type="stmt"/>
        <line num="86" count="55" type="stmt"/>
        <line num="87" count="22" type="stmt"/>
        <line num="88" count="22" type="cond" truecount="2" falsecount="0"/>
        <line num="89" count="21" type="cond" truecount="2" falsecount="0"/>
        <line num="91" count="20" type="cond" truecount="2" falsecount="0"/>
        <line num="92" count="22" type="stmt"/>
        <line num="93" count="22" type="cond" truecount="2" falsecount="0"/>
        <line num="95" count="22" type="cond" truecount="3" falsecount="1"/>
        <line num="97" count="22" type="stmt"/>
        <line num="101" count="22" type="cond" truecount="2" falsecount="0"/>
        <line num="103" count="18" type="cond" truecount="2" falsecount="0"/>
        <line num="104" count="4" type="stmt"/>
        <line num="105" count="4" type="stmt"/>
        <line num="109" count="4" type="stmt"/>
        <line num="110" count="4" type="stmt"/>
        <line num="113" count="14" type="stmt"/>
        <line num="114" count="14" type="stmt"/>
        <line num="118" count="14" type="stmt"/>
        <line num="119" count="22" type="stmt"/>
        <line num="120" count="22" type="stmt"/>
        <line num="121" count="22" type="stmt"/>
        <line num="122" count="22" type="stmt"/>
        <line num="126" count="22" type="stmt"/>
        <line num="131" count="22" type="stmt"/>
        <line num="132" count="22" type="stmt"/>
        <line num="139" count="55" type="stmt"/>
        <line num="140" count="55" type="stmt"/>
        <line num="143" count="149" type="stmt"/>
        <line num="144" count="6" type="stmt"/>
        <line num="147" count="149" type="stmt"/>
      </file>
      <file name="useBuddyEmotion.ts" path="/Users/danleemh/ai/apps/inspiror/frontend/src/hooks/useBuddyEmotion.ts">
        <metrics statements="19" coveredstatements="19" conditionals="10" coveredconditionals="10" methods="6" coveredmethods="6"/>
        <line num="11" count="155" type="stmt"/>
        <line num="12" count="155" type="stmt"/>
        <line num="15" count="155" type="stmt"/>
        <line num="16" count="73" type="stmt"/>
        <line num="17" count="73" type="cond" truecount="2" falsecount="0"/>
        <line num="21" count="43" type="stmt"/>
        <line num="22" count="30" type="cond" truecount="2" falsecount="0"/>
        <line num="23" count="5" type="stmt"/>
        <line num="30" count="155" type="stmt"/>
        <line num="31" count="51" type="stmt"/>
        <line num="32" count="51" type="cond" truecount="2" falsecount="0"/>
        <line num="36" count="155" type="stmt"/>
        <line num="38" count="13" type="cond" truecount="2" falsecount="0"/>
        <line num="39" count="3" type="stmt"/>
        <line num="41" count="13" type="stmt"/>
        <line num="42" count="13" type="stmt"/>
        <line num="43" count="3" type="stmt"/>
        <line num="44" count="3" type="stmt"/>
        <line num="50" count="155" type="stmt"/>
      </file>
      <file name="useCompileBlocks.ts" path="/Users/danleemh/ai/apps/inspiror/frontend/src/hooks/useCompileBlocks.ts">
        <metrics statements="13" coveredstatements="13" conditionals="6" coveredconditionals="6" methods="4" coveredmethods="4"/>
        <line num="5" count="2" type="stmt"/>
        <line num="20" count="145" type="stmt"/>
        <line num="21" count="145" type="stmt"/>
        <line num="23" count="145" type="stmt"/>
        <line num="24" count="55" type="cond" truecount="2" falsecount="0"/>
        <line num="25" count="9" type="stmt"/>
        <line num="26" count="9" type="stmt"/>
        <line num="28" count="46" type="cond" truecount="2" falsecount="0"/>
        <line num="29" count="46" type="stmt"/>
        <line num="30" count="5" type="stmt"/>
        <line num="31" count="5" type="stmt"/>
        <line num="33" count="46" type="stmt"/>
        <line num="34" count="46" type="cond" truecount="2" falsecount="0"/>
      </file>
      <file name="useFocusTrap.ts" path="/Users/danleemh/ai/apps/inspiror/frontend/src/hooks/useFocusTrap.ts">
        <metrics statements="18" coveredstatements="18" conditionals="16" coveredconditionals="14" methods="4" coveredmethods="4"/>
        <line num="4" count="6" type="stmt"/>
        <line num="10" count="473" type="stmt"/>
        <line num="11" count="199" type="stmt"/>
        <line num="12" count="199" type="cond" truecount="4" falsecount="0"/>
        <line num="14" count="34" type="stmt"/>
        <line num="15" count="3" type="cond" truecount="2" falsecount="0"/>
        <line num="17" count="2" type="stmt"/>
        <line num="20" count="2" type="cond" truecount="1" falsecount="1"/>
        <line num="22" count="2" type="stmt"/>
        <line num="23" count="2" type="stmt"/>
        <line num="25" count="2" type="cond" truecount="4" falsecount="0"/>
        <line num="26" count="1" type="stmt"/>
        <line num="27" count="1" type="stmt"/>
        <line num="28" count="1" type="cond" truecount="3" falsecount="1"/>
        <line num="29" count="1" type="stmt"/>
        <line num="30" count="1" type="stmt"/>
        <line num="34" count="34" type="stmt"/>
        <line num="35" count="34" type="stmt"/>
      </file>
      <file name="useLegacyConversion.ts" path="/Users/danleemh/ai/apps/inspiror/frontend/src/hooks/useLegacyConversion.ts">
        <metrics statements="25" coveredstatements="25" conditionals="24" coveredconditionals="19" methods="8" coveredmethods="6"/>
        <line num="18" count="4" type="stmt"/>
        <line num="33" count="156" type="stmt"/>
        <line num="34" count="156" type="stmt"/>
        <line num="36" count="156" type="stmt"/>
        <line num="37" count="51" type="cond" truecount="1" falsecount="1"/>
        <line num="38" count="51" type="cond" truecount="2" falsecount="0"/>
        <line num="39" count="13" type="stmt"/>
        <line num="40" count="13" type="cond" truecount="4" falsecount="0"/>
        <line num="42" count="5" type="stmt"/>
        <line num="43" count="5" type="stmt"/>
        <line num="45" count="5" type="stmt"/>
        <line num="46" count="5" type="stmt"/>
        <line num="48" count="5" type="cond" truecount="1" falsecount="1"/>
        <line num="51" count="51" type="stmt"/>
        <line num="53" count="51" type="stmt"/>
        <line num="60" count="4" type="cond" truecount="1" falsecount="1"/>
        <line num="61" count="4" type="stmt"/>
        <line num="62" count="4" type="cond" truecount="1" falsecount="1"/>
        <line num="68" count="4" type="stmt"/>
        <line num="69" count="4" type="stmt"/>
        <line num="73" count="1" type="stmt"/>
        <line num="77" count="5" type="stmt"/>
        <line num="78" count="5" type="stmt"/>
        <line num="79" count="5" type="stmt"/>
        <line num="84" count="156" type="stmt"/>
      </file>
      <file name="useOnboarding.ts" path="/Users/danleemh/ai/apps/inspiror/frontend/src/hooks/useOnboarding.ts">
        <metrics statements="19" coveredstatements="18" conditionals="4" coveredconditionals="4" methods="7" coveredmethods="7"/>
        <line num="3" count="3" type="stmt"/>
        <line num="4" count="3" type="stmt"/>
        <line num="14" count="53" type="stmt"/>
        <line num="15" count="53" type="stmt"/>
        <line num="17" count="0" type="stmt"/>
        <line num="22" count="4" type="stmt"/>
        <line num="23" count="4" type="stmt"/>
        <line num="30" count="156" type="cond" truecount="2" falsecount="0"/>
        <line num="32" count="156" type="stmt"/>
        <line num="34" count="156" type="stmt"/>
        <line num="35" count="6" type="stmt"/>
        <line num="36" count="6" type="stmt"/>
        <line num="37" count="6" type="cond" truecount="2" falsecount="0"/>
        <line num="38" count="1" type="stmt"/>
        <line num="40" count="6" type="stmt"/>
        <line num="44" count="156" type="stmt"/>
        <line num="45" count="3" type="stmt"/>
        <line num="46" count="3" type="stmt"/>
        <line num="49" count="156" type="stmt"/>
      </file>
      <file name="usePersistProject.ts" path="/Users/danleemh/ai/apps/inspiror/frontend/src/hooks/usePersistProject.ts">
        <metrics statements="10" coveredstatements="10" conditionals="4" coveredconditionals="3" methods="5" coveredmethods="5"/>
        <line num="5" count="2" type="stmt"/>
        <line num="25" count="144" type="stmt"/>
        <line num="28" count="144" type="stmt"/>
        <line num="29" count="65" type="stmt"/>
        <line num="33" count="144" type="stmt"/>
        <line num="34" count="55" type="cond" truecount="2" falsecount="0"/>
        <line num="35" count="55" type="stmt"/>
        <line num="36" count="4" type="stmt"/>
        <line num="38" count="55" type="stmt"/>
        <line num="39" count="55" type="cond" truecount="1" falsecount="1"/>
      </file>
      <file name="useProjects.ts" path="/Users/danleemh/ai/apps/inspiror/frontend/src/hooks/useProjects.ts">
        <metrics statements="85" coveredstatements="85" conditionals="56" coveredconditionals="55" methods="31" coveredmethods="31"/>
        <line num="9" count="2" type="stmt"/>
        <line num="16" count="2" type="stmt"/>
        <line num="17" count="267" type="stmt"/>
        <line num="18" count="267" type="stmt"/>
        <line num="113" count="9" type="stmt"/>
        <line num="123" count="81" type="stmt"/>
        <line num="124" count="81" type="stmt"/>
        <line num="125" count="81" type="cond" truecount="2" falsecount="0"/>
        <line num="127" count="2" type="stmt"/>
        <line num="132" count="19" type="stmt"/>
        <line num="133" count="19" type="stmt"/>
        <line num="135" count="19" type="cond" truecount="4" falsecount="0"/>
        <line num="137" count="7" type="stmt"/>
        <line num="138" count="7" type="stmt"/>
        <line num="139" count="7" type="cond" truecount="2" falsecount="0"/>
        <line num="143" count="7" type="cond" truecount="2" falsecount="0"/>
        <line num="147" count="19" type="stmt"/>
        <line num="157" count="19" type="stmt"/>
        <line num="158" count="19" type="stmt"/>
        <line num="160" count="19" type="stmt"/>
        <line num="163" count="2" type="stmt"/>
        <line num="169" count="5" type="cond" truecount="2" falsecount="0"/>
        <line num="170" count="4" type="stmt"/>
        <line num="172" count="11" type="cond" truecount="4" falsecount="0"/>
        <line num="177" count="4" type="cond" truecount="1" falsecount="1"/>
        <line num="178" count="7" type="stmt"/>
        <line num="186" count="10" type="stmt"/>
        <line num="187" count="7" type="cond" truecount="2" falsecount="0"/>
        <line num="188" count="5" type="stmt"/>
        <line num="189" count="5" type="cond" truecount="2" falsecount="0"/>
        <line num="190" count="1" type="stmt"/>
        <line num="197" count="81" type="stmt"/>
        <line num="199" count="81" type="cond" truecount="2" falsecount="0"/>
        <line num="200" count="62" type="stmt"/>
        <line num="201" count="62" type="stmt"/>
        <line num="204" count="19" type="stmt"/>
        <line num="205" count="19" type="cond" truecount="2" falsecount="0"/>
        <line num="206" count="7" type="stmt"/>
        <line num="209" count="12" type="stmt"/>
        <line num="213" count="264" type="stmt"/>
        <line num="214" count="264" type="stmt"/>
        <line num="216" count="264" type="stmt"/>
        <line num="217" count="171" type="stmt"/>
        <line num="220" count="264" type="stmt"/>
        <line num="221" count="264" type="cond" truecount="2" falsecount="0"/>
        <line num="222" count="207" type="cond" truecount="2" falsecount="0"/>
        <line num="225" count="264" type="stmt"/>
        <line num="227" count="264" type="stmt"/>
        <line num="228" count="171" type="stmt"/>
        <line num="229" count="171" type="cond" truecount="2" falsecount="0"/>
        <line num="230" count="127" type="stmt"/>
        <line num="231" count="127" type="cond" truecount="4" falsecount="0"/>
        <line num="233" count="44" type="stmt"/>
        <line num="234" count="44" type="cond" truecount="2" falsecount="0"/>
        <line num="238" count="264" type="stmt"/>
        <line num="240" count="264" type="stmt"/>
        <line num="241" count="12" type="stmt"/>
        <line num="242" count="4" type="stmt"/>
        <line num="252" count="4" type="stmt"/>
        <line num="256" count="4" type="stmt"/>
        <line num="259" count="264" type="stmt"/>
        <line num="260" count="5" type="stmt"/>
        <line num="263" count="264" type="stmt"/>
        <line num="264" count="4" type="stmt"/>
        <line num="265" count="6" type="stmt"/>
        <line num="266" count="4" type="cond" truecount="2" falsecount="0"/>
        <line num="267" count="4" type="stmt"/>
        <line num="271" count="264" type="stmt"/>
        <line num="272" count="4" type="stmt"/>
        <line num="275" count="264" type="stmt"/>
        <line num="282" count="73" type="stmt"/>
        <line num="283" count="73" type="stmt"/>
        <line num="284" count="80" type="cond" truecount="2" falsecount="0"/>
        <line num="285" count="73" type="stmt"/>
        <line num="286" count="73" type="cond" truecount="4" falsecount="0"/>
        <line num="291" count="80" type="cond" truecount="2" falsecount="0"/>
        <line num="295" count="73" type="stmt"/>
        <line num="301" count="264" type="stmt"/>
        <line num="305" count="4" type="stmt"/>
        <line num="306" count="4" type="cond" truecount="2" falsecount="0"/>
        <line num="307" count="3" type="stmt"/>
        <line num="312" count="264" type="stmt"/>
        <line num="313" count="6" type="stmt"/>
        <line num="314" count="2" type="stmt"/>
        <line num="321" count="264" type="stmt"/>
      </file>
      <file name="useStreak.ts" path="/Users/danleemh/ai/apps/inspiror/frontend/src/hooks/useStreak.ts">
        <metrics statements="33" coveredstatements="32" conditionals="12" coveredconditionals="12" methods="7" coveredmethods="7"/>
        <line num="3" count="2" type="stmt"/>
        <line num="17" count="63" type="stmt"/>
        <line num="21" count="4" type="stmt"/>
        <line num="22" count="4" type="stmt"/>
        <line num="23" count="4" type="stmt"/>
        <line num="27" count="63" type="stmt"/>
        <line num="28" count="63" type="stmt"/>
        <line num="29" count="63" type="cond" truecount="2" falsecount="0"/>
        <line num="30" count="13" type="stmt"/>
        <line num="31" count="13" type="cond" truecount="4" falsecount="0"/>
        <line num="32" count="12" type="stmt"/>
        <line num="34" count="0" type="stmt"/>
        <line num="36" count="1" type="stmt"/>
        <line num="41" count="55" type="stmt"/>
        <line num="42" count="55" type="stmt"/>
        <line num="49" count="63" type="stmt"/>
        <line num="50" count="63" type="stmt"/>
        <line num="52" count="63" type="cond" truecount="2" falsecount="0"/>
        <line num="53" count="51" type="stmt"/>
        <line num="54" count="51" type="stmt"/>
        <line num="57" count="12" type="cond" truecount="2" falsecount="0"/>
        <line num="58" count="8" type="stmt"/>
        <line num="61" count="4" type="stmt"/>
        <line num="62" count="4" type="cond" truecount="2" falsecount="0"/>
        <line num="63" count="3" type="stmt"/>
        <line num="64" count="3" type="stmt"/>
        <line num="65" count="3" type="stmt"/>
        <line num="69" count="1" type="stmt"/>
        <line num="70" count="1" type="stmt"/>
        <line num="74" count="200" type="stmt"/>
        <line num="76" count="200" type="stmt"/>
        <line num="77" count="8" type="stmt"/>
        <line num="80" count="200" type="stmt"/>
      </file>
      <file name="useVoice.ts" path="/Users/danleemh/ai/apps/inspiror/frontend/src/hooks/useVoice.ts">
        <metrics statements="64" coveredstatements="62" conditionals="40" coveredconditionals="37" methods="17" coveredmethods="16"/>
        <line num="37" count="175" type="stmt"/>
        <line num="38" count="175" type="stmt"/>
        <line num="39" count="175" type="stmt"/>
        <line num="41" count="175" type="stmt"/>
        <line num="42" count="175" type="stmt"/>
        <line num="44" count="175" type="stmt"/>
        <line num="46" count="65" type="cond" truecount="2" falsecount="0"/>
        <line num="47" count="65" type="cond" truecount="2" falsecount="0"/>
        <line num="48" count="20" type="stmt"/>
        <line num="49" count="20" type="stmt"/>
        <line num="50" count="20" type="stmt"/>
        <line num="52" count="20" type="stmt"/>
        <line num="53" count="2" type="stmt"/>
        <line num="54" count="2" type="stmt"/>
        <line num="55" count="2" type="stmt"/>
        <line num="57" count="2" type="stmt"/>
        <line num="60" count="20" type="stmt"/>
        <line num="61" count="1" type="stmt"/>
        <line num="64" count="20" type="stmt"/>
        <line num="65" count="1" type="stmt"/>
        <line num="66" count="1" type="stmt"/>
        <line num="70" count="65" type="cond" truecount="1" falsecount="1"/>
        <line num="71" count="65" type="stmt"/>
        <line num="74" count="65" type="stmt"/>
        <line num="75" count="65" type="cond" truecount="2" falsecount="0"/>
        <line num="76" count="20" type="stmt"/>
        <line num="78" count="65" type="cond" truecount="2" falsecount="0"/>
        <line num="79" count="21" type="stmt"/>
        <line num="84" count="175" type="stmt"/>
        <line num="85" count="66" type="cond" truecount="2" falsecount="0"/>
        <line num="86" count="21" type="stmt"/>
        <line num="90" count="175" type="stmt"/>
        <line num="91" count="8" type="cond" truecount="4" falsecount="0"/>
        <line num="92" count="7" type="stmt"/>
        <line num="93" count="7" type="stmt"/>
        <line num="94" count="7" type="stmt"/>
        <line num="95" count="7" type="stmt"/>
        <line num="97" count="1" type="stmt"/>
        <line num="102" count="175" type="stmt"/>
        <line num="103" count="6" type="cond" truecount="4" falsecount="0"/>
        <line num="104" count="1" type="stmt"/>
        <line num="105" count="1" type="stmt"/>
        <line num="109" count="175" type="stmt"/>
        <line num="111" count="10" type="cond" truecount="5" falsecount="0"/>
        <line num="113" count="4" type="stmt"/>
        <line num="115" count="4" type="stmt"/>
        <line num="116" count="4" type="stmt"/>
        <line num="118" count="4" type="stmt"/>
        <line num="120" count="4" type="cond" truecount="2" falsecount="0"/>
        <line num="122" count="1" type="cond" truecount="2" falsecount="0"/>
        <line num="124" count="0" type="stmt"/>
        <line num="126" count="10" type="cond" truecount="2" falsecount="0"/>
        <line num="127" count="1" type="stmt"/>
        <line num="130" count="4" type="stmt"/>
        <line num="131" count="4" type="stmt"/>
        <line num="133" count="4" type="stmt"/>
        <line num="139" count="175" type="stmt"/>
        <line num="140" count="65" type="cond" truecount="2" falsecount="2"/>
        <line num="141" count="0" type="stmt"/>
        <line num="145" count="175" type="stmt"/>
        <line num="146" count="4" type="stmt"/>
        <line num="147" count="4" type="cond" truecount="4" falsecount="0"/>
        <line num="148" count="3" type="stmt"/>
        <line num="152" count="175" type="stmt"/>
      </file>
    </package>
    <package name="src.i18n">
      <metrics statements="1" coveredstatements="1" conditionals="0" coveredconditionals="0" methods="0" coveredmethods="0"/>
      <file name="translations.ts" path="/Users/danleemh/ai/apps/inspiror/frontend/src/i18n/translations.ts">
        <metrics statements="1" coveredstatements="1" conditionals="0" coveredconditionals="0" methods="0" coveredmethods="0"/>
        <line num="102" count="5" type="stmt"/>
      </file>
    </package>
    <package name="src.runtime">
      <metrics statements="1" coveredstatements="1" conditionals="0" coveredconditionals="0" methods="0" coveredmethods="0"/>
      <file name="engine.ts" path="/Users/danleemh/ai/apps/inspiror/frontend/src/runtime/engine.ts">
        <metrics statements="1" coveredstatements="1" conditionals="0" coveredconditionals="0" methods="0" coveredmethods="0"/>
        <line num="10" count="4" type="stmt"/>
      </file>
    </package>
    <package name="src.types">
      <metrics statements="3" coveredstatements="3" conditionals="0" coveredconditionals="0" methods="0" coveredmethods="0"/>
      <file name="achievements.ts" path="/Users/danleemh/ai/apps/inspiror/frontend/src/types/achievements.ts">
        <metrics statements="3" coveredstatements="3" conditionals="0" coveredconditionals="0" methods="0" coveredmethods="0"/>
        <line num="28" count="3" type="stmt"/>
        <line num="122" count="3" type="stmt"/>
        <line num="130" count="3" type="stmt"/>
      </file>
    </package>
    <package name="src.utils">
      <metrics statements="49" coveredstatements="49" conditionals="20" coveredconditionals="20" methods="7" coveredmethods="7"/>
      <file name="downloadHtml.ts" path="/Users/danleemh/ai/apps/inspiror/frontend/src/utils/downloadHtml.ts">
        <metrics statements="13" coveredstatements="13" conditionals="2" coveredconditionals="2" methods="2" coveredmethods="2"/>
        <line num="7" count="14" type="stmt"/>
        <line num="13" count="14" type="cond" truecount="2" falsecount="0"/>
        <line num="20" count="2" type="stmt"/>
        <line num="21" count="2" type="stmt"/>
        <line num="22" count="2" type="stmt"/>
        <line num="24" count="2" type="stmt"/>
        <line num="25" count="2" type="stmt"/>
        <line num="26" count="2" type="stmt"/>
        <line num="27" count="2" type="stmt"/>
        <line num="28" count="2" type="stmt"/>
        <line num="29" count="2" type="stmt"/>
        <line num="32" count="2" type="stmt"/>
        <line num="33" count="2" type="stmt"/>
      </file>
      <file name="injectErrorCatcher.ts" path="/Users/danleemh/ai/apps/inspiror/frontend/src/utils/injectErrorCatcher.ts">
        <metrics statements="15" coveredstatements="15" conditionals="8" coveredconditionals="8" methods="1" coveredmethods="1"/>
        <line num="1" count="1" type="stmt"/>
        <line num="4" count="49" type="stmt"/>
        <line num="5" count="49" type="cond" truecount="2" falsecount="0"/>
        <line num="6" count="38" type="stmt"/>
        <line num="10" count="11" type="stmt"/>
        <line num="11" count="11" type="cond" truecount="2" falsecount="0"/>
        <line num="12" count="8" type="stmt"/>
        <line num="16" count="3" type="stmt"/>
        <line num="17" count="3" type="cond" truecount="2" falsecount="0"/>
        <line num="18" count="1" type="stmt"/>
        <line num="19" count="1" type="stmt"/>
        <line num="21" count="2" type="stmt"/>
        <line num="22" count="2" type="cond" truecount="2" falsecount="0"/>
        <line num="23" count="1" type="stmt"/>
        <line num="29" count="1" type="stmt"/>
      </file>
      <file name="safeSave.ts" path="/Users/danleemh/ai/apps/inspiror/frontend/src/utils/safeSave.ts">
        <metrics statements="5" coveredstatements="5" conditionals="0" coveredconditionals="0" methods="1" coveredmethods="1"/>
        <line num="6" count="263" type="stmt"/>
        <line num="7" count="263" type="stmt"/>
        <line num="8" count="263" type="stmt"/>
        <line num="10" count="2" type="stmt"/>
        <line num="14" count="2" type="stmt"/>
      </file>
      <file name="shareHtml.ts" path="/Users/danleemh/ai/apps/inspiror/frontend/src/utils/shareHtml.ts">
        <metrics statements="16" coveredstatements="16" conditionals="10" coveredconditionals="10" methods="3" coveredmethods="3"/>
        <line num="7" count="139" type="stmt"/>
        <line num="20" count="5" type="stmt"/>
        <line num="23" count="5" type="stmt"/>
        <line num="25" count="5" type="cond" truecount="2" falsecount="0"/>
        <line num="28" count="5" type="stmt"/>
        <line num="29" count="5" type="cond" truecount="2" falsecount="0"/>
        <line num="30" count="1" type="stmt"/>
        <line num="36" count="4" type="stmt"/>
        <line num="43" count="2" type="cond" truecount="4" falsecount="0"/>
        <line num="44" count="1" type="stmt"/>
        <line num="46" count="1" type="stmt"/>
        <line num="55" count="3" type="stmt"/>
        <line num="56" count="3" type="cond" truecount="2" falsecount="0"/>
        <line num="57" count="2" type="stmt"/>
        <line num="58" count="1" type="stmt"/>
        <line num="60" count="1" type="stmt"/>
      </file>
    </package>
  </project>
</coverage>
