{"/Users/danleemh/ai/apps/inspiror/frontend/src/App.tsx": {"path":"/Users/danleemh/ai/apps/inspiror/frontend/src/App.tsx","statementMap":{"0":{"start":{"line":25,"column":2},"end":{"line":25,"column":null}},"1":{"start":{"line":29,"column":2},"end":{"line":29,"column":null}},"2":{"start":{"line":33,"column":2},"end":{"line":38,"column":null}},"3":{"start":{"line":41,"column":21},"end":{"line":41,"column":null}},"4":{"start":{"line":102,"column":25},"end":{"line":107,"column":null}},"5":{"start":{"line":109,"column":21},"end":{"line":112,"column":null}},"6":{"start":{"line":114,"column":25},"end":{"line":117,"column":null}},"7":{"start":{"line":119,"column":29},"end":{"line":119,"column":null}},"8":{"start":{"line":121,"column":23},"end":{"line":121,"column":null}},"9":{"start":{"line":124,"column":20},"end":{"line":124,"column":null}},"10":{"start":{"line":125,"column":2},"end":{"line":129,"column":null}},"11":{"start":{"line":126,"column":4},"end":{"line":127,"column":null}},"12":{"start":{"line":130,"column":19},"end":{"line":130,"column":null}},"13":{"start":{"line":131,"column":2},"end":{"line":135,"column":null}},"14":{"start":{"line":132,"column":4},"end":{"line":133,"column":null}},"15":{"start":{"line":136,"column":19},"end":{"line":136,"column":null}},"16":{"start":{"line":137,"column":2},"end":{"line":140,"column":null}},"17":{"start":{"line":138,"column":20},"end":{"line":138,"column":null}},"18":{"start":{"line":139,"column":4},"end":{"line":139,"column":null}},"19":{"start":{"line":141,"column":21},"end":{"line":141,"column":null}},"20":{"start":{"line":142,"column":2},"end":{"line":148,"column":null}},"21":{"start":{"line":143,"column":4},"end":{"line":146,"column":null}},"22":{"start":{"line":149,"column":2},"end":{"line":149,"column":null}},"23":{"start":{"line":152,"column":20},"end":{"line":152,"column":null}},"24":{"start":{"line":155,"column":2},"end":{"line":155,"column":null}},"25":{"start":{"line":155,"column":27},"end":{"line":155,"column":null}},"26":{"start":{"line":156,"column":16},"end":{"line":162,"column":null}},"27":{"start":{"line":158,"column":6},"end":{"line":161,"column":null}},"28":{"start":{"line":163,"column":2},"end":{"line":163,"column":null}},"29":{"start":{"line":163,"column":26},"end":{"line":163,"column":null}},"30":{"start":{"line":164,"column":2},"end":{"line":168,"column":null}},"31":{"start":{"line":164,"column":29},"end":{"line":168,"column":4}},"32":{"start":{"line":172,"column":2},"end":{"line":177,"column":null}},"33":{"start":{"line":173,"column":19},"end":{"line":173,"column":null}},"34":{"start":{"line":174,"column":4},"end":{"line":174,"column":null}},"35":{"start":{"line":176,"column":4},"end":{"line":176,"column":null}},"36":{"start":{"line":181,"column":30},"end":{"line":184,"column":null}},"37":{"start":{"line":182,"column":16},"end":{"line":182,"column":null}},"38":{"start":{"line":183,"column":4},"end":{"line":183,"column":null}},"39":{"start":{"line":185,"column":34},"end":{"line":185,"column":null}},"40":{"start":{"line":186,"column":36},"end":{"line":188,"column":null}},"41":{"start":{"line":187,"column":10},"end":{"line":187,"column":null}},"42":{"start":{"line":189,"column":40},"end":{"line":189,"column":null}},"43":{"start":{"line":190,"column":38},"end":{"line":190,"column":null}},"44":{"start":{"line":191,"column":22},"end":{"line":191,"column":null}},"45":{"start":{"line":193,"column":8},"end":{"line":193,"column":null}},"46":{"start":{"line":194,"column":8},"end":{"line":194,"column":null}},"47":{"start":{"line":195,"column":8},"end":{"line":195,"column":null}},"48":{"start":{"line":196,"column":8},"end":{"line":196,"column":null}},"49":{"start":{"line":198,"column":77},"end":{"line":199,"column":null}},"50":{"start":{"line":200,"column":8},"end":{"line":200,"column":null}},"51":{"start":{"line":201,"column":2},"end":{"line":201,"column":null}},"52":{"start":{"line":203,"column":36},"end":{"line":225,"column":null}},"53":{"start":{"line":207,"column":6},"end":{"line":212,"column":null}},"54":{"start":{"line":208,"column":8},"end":{"line":211,"column":null}},"55":{"start":{"line":208,"column":30},"end":{"line":211,"column":9}},"56":{"start":{"line":213,"column":6},"end":{"line":215,"column":null}},"57":{"start":{"line":214,"column":8},"end":{"line":214,"column":null}},"58":{"start":{"line":216,"column":6},"end":{"line":216,"column":null}},"59":{"start":{"line":219,"column":6},"end":{"line":219,"column":null}},"60":{"start":{"line":220,"column":6},"end":{"line":223,"column":null}},"61":{"start":{"line":220,"column":28},"end":{"line":223,"column":7}},"62":{"start":{"line":227,"column":21},"end":{"line":238,"column":null}},"63":{"start":{"line":228,"column":4},"end":{"line":228,"column":null}},"64":{"start":{"line":228,"column":41},"end":{"line":228,"column":null}},"65":{"start":{"line":229,"column":4},"end":{"line":229,"column":null}},"66":{"start":{"line":230,"column":4},"end":{"line":230,"column":null}},"67":{"start":{"line":231,"column":39},"end":{"line":234,"column":null}},"68":{"start":{"line":235,"column":4},"end":{"line":235,"column":null}},"69":{"start":{"line":236,"column":4},"end":{"line":236,"column":null}},"70":{"start":{"line":237,"column":4},"end":{"line":237,"column":null}},"71":{"start":{"line":240,"column":26},"end":{"line":247,"column":null}},"72":{"start":{"line":241,"column":4},"end":{"line":241,"column":null}},"73":{"start":{"line":241,"column":19},"end":{"line":241,"column":null}},"74":{"start":{"line":242,"column":4},"end":{"line":242,"column":null}},"75":{"start":{"line":243,"column":4},"end":{"line":243,"column":null}},"76":{"start":{"line":244,"column":39},"end":{"line":244,"column":null}},"77":{"start":{"line":245,"column":4},"end":{"line":245,"column":null}},"78":{"start":{"line":246,"column":4},"end":{"line":246,"column":null}},"79":{"start":{"line":249,"column":22},"end":{"line":254,"column":null}},"80":{"start":{"line":250,"column":4},"end":{"line":250,"column":null}},"81":{"start":{"line":251,"column":4},"end":{"line":251,"column":null}},"82":{"start":{"line":252,"column":4},"end":{"line":252,"column":null}},"83":{"start":{"line":253,"column":4},"end":{"line":253,"column":null}},"84":{"start":{"line":257,"column":4},"end":{"line":257,"column":null}},"85":{"start":{"line":260,"column":2},"end":{"line":272,"column":null}},"86":{"start":{"line":261,"column":4},"end":{"line":270,"column":null}},"87":{"start":{"line":262,"column":6},"end":{"line":264,"column":null}},"88":{"start":{"line":263,"column":8},"end":{"line":263,"column":null}},"89":{"start":{"line":265,"column":6},"end":{"line":265,"column":null}},"90":{"start":{"line":266,"column":6},"end":{"line":269,"column":null}},"91":{"start":{"line":267,"column":8},"end":{"line":267,"column":null}},"92":{"start":{"line":268,"column":8},"end":{"line":268,"column":null}},"93":{"start":{"line":271,"column":4},"end":{"line":271,"column":null}},"94":{"start":{"line":274,"column":2},"end":{"line":312,"column":null}},"95":{"start":{"line":275,"column":30},"end":{"line":308,"column":null}},"96":{"start":{"line":276,"column":6},"end":{"line":307,"column":null}},"97":{"start":{"line":277,"column":25},"end":{"line":277,"column":null}},"98":{"start":{"line":278,"column":8},"end":{"line":278,"column":null}},"99":{"start":{"line":280,"column":8},"end":{"line":280,"column":null}},"100":{"start":{"line":280,"column":23},"end":{"line":280,"column":null}},"101":{"start":{"line":282,"column":8},"end":{"line":290,"column":null}},"102":{"start":{"line":283,"column":10},"end":{"line":283,"column":null}},"103":{"start":{"line":284,"column":33},"end":{"line":287,"column":null}},"104":{"start":{"line":288,"column":10},"end":{"line":288,"column":null}},"105":{"start":{"line":288,"column":32},"end":{"line":288,"column":57}},"106":{"start":{"line":289,"column":10},"end":{"line":289,"column":null}},"107":{"start":{"line":292,"column":8},"end":{"line":292,"column":null}},"108":{"start":{"line":293,"column":8},"end":{"line":293,"column":null}},"109":{"start":{"line":295,"column":8},"end":{"line":295,"column":null}},"110":{"start":{"line":296,"column":28},"end":{"line":299,"column":null}},"111":{"start":{"line":300,"column":29},"end":{"line":303,"column":null}},"112":{"start":{"line":304,"column":32},"end":{"line":304,"column":null}},"113":{"start":{"line":305,"column":8},"end":{"line":305,"column":null}},"114":{"start":{"line":306,"column":8},"end":{"line":306,"column":null}},"115":{"start":{"line":310,"column":4},"end":{"line":310,"column":null}},"116":{"start":{"line":311,"column":4},"end":{"line":311,"column":null}},"117":{"start":{"line":311,"column":17},"end":{"line":311,"column":null}},"118":{"start":{"line":314,"column":2},"end":{"line":316,"column":null}},"119":{"start":{"line":315,"column":4},"end":{"line":315,"column":null}},"120":{"start":{"line":318,"column":2},"end":{"line":320,"column":null}},"121":{"start":{"line":319,"column":4},"end":{"line":319,"column":null}},"122":{"start":{"line":323,"column":2},"end":{"line":325,"column":null}},"123":{"start":{"line":324,"column":4},"end":{"line":324,"column":null}},"124":{"start":{"line":327,"column":21},"end":{"line":327,"column":null}},"125":{"start":{"line":329,"column":2},"end":{"line":553,"column":null}},"126":{"start":{"line":378,"column":27},"end":{"line":384,"column":null}},"127":{"start":{"line":385,"column":25},"end":{"line":385,"column":null}},"128":{"start":{"line":386,"column":31},"end":{"line":386,"column":null}},"129":{"start":{"line":387,"column":35},"end":{"line":387,"column":null}},"130":{"start":{"line":388,"column":33},"end":{"line":388,"column":null}},"131":{"start":{"line":389,"column":12},"end":{"line":394,"column":null}},"132":{"start":{"line":402,"column":23},"end":{"line":402,"column":null}},"133":{"start":{"line":423,"column":25},"end":{"line":423,"column":null}},"134":{"start":{"line":470,"column":31},"end":{"line":470,"column":null}},"135":{"start":{"line":482,"column":14},"end":{"line":494,"column":null}},"136":{"start":{"line":513,"column":20},"end":{"line":521,"column":null}},"137":{"start":{"line":515,"column":37},"end":{"line":515,"column":null}},"138":{"start":{"line":536,"column":31},"end":{"line":536,"column":null}},"139":{"start":{"line":537,"column":32},"end":{"line":537,"column":null}}},"fnMap":{"0":{"name":"makeId","decl":{"start":{"line":24,"column":9},"end":{"line":24,"column":26}},"loc":{"start":{"line":24,"column":26},"end":{"line":26,"column":null}},"line":24},"1":{"name":"withId","decl":{"start":{"line":28,"column":9},"end":{"line":28,"column":16}},"loc":{"start":{"line":28,"column":73},"end":{"line":30,"column":null}},"line":28},"2":{"name":"makeDefaultMessages","decl":{"start":{"line":32,"column":9},"end":{"line":32,"column":46}},"loc":{"start":{"line":32,"column":46},"end":{"line":39,"column":null}},"line":32},"3":{"name":"injectErrorCatcher","decl":{"start":{"line":123,"column":9},"end":{"line":123,"column":28}},"loc":{"start":{"line":123,"column":50},"end":{"line":150,"column":null}},"line":123},"4":{"name":"migrateMessages","decl":{"start":{"line":154,"column":9},"end":{"line":154,"column":25}},"loc":{"start":{"line":154,"column":54},"end":{"line":169,"column":null}},"line":154},"5":{"name":"(anonymous_5)","decl":{"start":{"line":157,"column":4},"end":{"line":157,"column":5}},"loc":{"start":{"line":158,"column":6},"end":{"line":161,"column":null}},"line":158},"6":{"name":"(anonymous_6)","decl":{"start":{"line":164,"column":19},"end":{"line":164,"column":20}},"loc":{"start":{"line":164,"column":29},"end":{"line":168,"column":4}},"line":164},"7":{"name":"loadFromStorage","decl":{"start":{"line":171,"column":9},"end":{"line":171,"column":28}},"loc":{"start":{"line":171,"column":57},"end":{"line":178,"column":null}},"line":171},"8":{"name":"App","decl":{"start":{"line":180,"column":9},"end":{"line":180,"column":15}},"loc":{"start":{"line":180,"column":15},"end":{"line":555,"column":null}},"line":180},"9":{"name":"(anonymous_9)","decl":{"start":{"line":181,"column":58},"end":{"line":181,"column":64}},"loc":{"start":{"line":181,"column":64},"end":{"line":184,"column":3}},"line":181},"10":{"name":"(anonymous_10)","decl":{"start":{"line":187,"column":4},"end":{"line":187,"column":10}},"loc":{"start":{"line":187,"column":10},"end":{"line":187,"column":null}},"line":187},"11":{"name":"(anonymous_11)","decl":{"start":{"line":206,"column":4},"end":{"line":206,"column":13}},"loc":{"start":{"line":206,"column":35},"end":{"line":217,"column":null}},"line":206},"12":{"name":"(anonymous_12)","decl":{"start":{"line":208,"column":20},"end":{"line":208,"column":21}},"loc":{"start":{"line":208,"column":30},"end":{"line":211,"column":9}},"line":208},"13":{"name":"(anonymous_13)","decl":{"start":{"line":218,"column":4},"end":{"line":218,"column":12}},"loc":{"start":{"line":218,"column":17},"end":{"line":224,"column":null}},"line":218},"14":{"name":"(anonymous_14)","decl":{"start":{"line":220,"column":18},"end":{"line":220,"column":19}},"loc":{"start":{"line":220,"column":28},"end":{"line":223,"column":7}},"line":220},"15":{"name":"(anonymous_15)","decl":{"start":{"line":227,"column":21},"end":{"line":227,"column":27}},"loc":{"start":{"line":227,"column":27},"end":{"line":238,"column":null}},"line":227},"16":{"name":"(anonymous_16)","decl":{"start":{"line":240,"column":26},"end":{"line":240,"column":27}},"loc":{"start":{"line":240,"column":45},"end":{"line":247,"column":null}},"line":240},"17":{"name":"(anonymous_17)","decl":{"start":{"line":249,"column":22},"end":{"line":249,"column":28}},"loc":{"start":{"line":249,"column":28},"end":{"line":254,"column":null}},"line":249},"18":{"name":"(anonymous_18)","decl":{"start":{"line":260,"column":12},"end":{"line":260,"column":18}},"loc":{"start":{"line":260,"column":18},"end":{"line":272,"column":5}},"line":260},"19":{"name":"(anonymous_19)","decl":{"start":{"line":266,"column":44},"end":{"line":266,"column":50}},"loc":{"start":{"line":266,"column":50},"end":{"line":269,"column":9}},"line":266},"20":{"name":"(anonymous_20)","decl":{"start":{"line":274,"column":12},"end":{"line":274,"column":18}},"loc":{"start":{"line":274,"column":18},"end":{"line":312,"column":5}},"line":274},"21":{"name":"(anonymous_21)","decl":{"start":{"line":275,"column":30},"end":{"line":275,"column":31}},"loc":{"start":{"line":275,"column":55},"end":{"line":308,"column":null}},"line":275},"22":{"name":"(anonymous_22)","decl":{"start":{"line":288,"column":22},"end":{"line":288,"column":23}},"loc":{"start":{"line":288,"column":32},"end":{"line":288,"column":57}},"line":288},"23":{"name":"(anonymous_23)","decl":{"start":{"line":311,"column":11},"end":{"line":311,"column":17}},"loc":{"start":{"line":311,"column":17},"end":{"line":311,"column":null}},"line":311},"24":{"name":"(anonymous_24)","decl":{"start":{"line":314,"column":12},"end":{"line":314,"column":18}},"loc":{"start":{"line":314,"column":18},"end":{"line":316,"column":5}},"line":314},"25":{"name":"(anonymous_25)","decl":{"start":{"line":318,"column":12},"end":{"line":318,"column":18}},"loc":{"start":{"line":318,"column":18},"end":{"line":320,"column":5}},"line":318},"26":{"name":"(anonymous_26)","decl":{"start":{"line":323,"column":12},"end":{"line":323,"column":18}},"loc":{"start":{"line":323,"column":18},"end":{"line":325,"column":5}},"line":323},"27":{"name":"(anonymous_27)","decl":{"start":{"line":377,"column":50},"end":{"line":377,"column":51}},"loc":{"start":{"line":377,"column":60},"end":{"line":396,"column":11}},"line":377},"28":{"name":"(anonymous_28)","decl":{"start":{"line":402,"column":17},"end":{"line":402,"column":23}},"loc":{"start":{"line":402,"column":23},"end":{"line":402,"column":null}},"line":402},"29":{"name":"(anonymous_29)","decl":{"start":{"line":423,"column":19},"end":{"line":423,"column":25}},"loc":{"start":{"line":423,"column":25},"end":{"line":423,"column":null}},"line":423},"30":{"name":"(anonymous_30)","decl":{"start":{"line":470,"column":25},"end":{"line":470,"column":31}},"loc":{"start":{"line":470,"column":31},"end":{"line":470,"column":null}},"line":470},"31":{"name":"(anonymous_31)","decl":{"start":{"line":481,"column":26},"end":{"line":481,"column":27}},"loc":{"start":{"line":482,"column":14},"end":{"line":494,"column":null}},"line":482},"32":{"name":"(anonymous_32)","decl":{"start":{"line":512,"column":40},"end":{"line":512,"column":41}},"loc":{"start":{"line":513,"column":20},"end":{"line":521,"column":null}},"line":513},"33":{"name":"(anonymous_33)","decl":{"start":{"line":515,"column":31},"end":{"line":515,"column":37}},"loc":{"start":{"line":515,"column":37},"end":{"line":515,"column":null}},"line":515},"34":{"name":"(anonymous_34)","decl":{"start":{"line":536,"column":24},"end":{"line":536,"column":25}},"loc":{"start":{"line":536,"column":31},"end":{"line":536,"column":null}},"line":536},"35":{"name":"(anonymous_35)","decl":{"start":{"line":537,"column":25},"end":{"line":537,"column":26}},"loc":{"start":{"line":537,"column":32},"end":{"line":537,"column":null}},"line":537}},"branchMap":{"0":{"loc":{"start":{"line":125,"column":2},"end":{"line":129,"column":null}},"type":"if","locations":[{"start":{"line":125,"column":2},"end":{"line":129,"column":null}},{"start":{},"end":{}}],"line":125},"1":{"loc":{"start":{"line":131,"column":2},"end":{"line":135,"column":null}},"type":"if","locations":[{"start":{"line":131,"column":2},"end":{"line":135,"column":null}},{"start":{},"end":{}}],"line":131},"2":{"loc":{"start":{"line":137,"column":2},"end":{"line":140,"column":null}},"type":"if","locations":[{"start":{"line":137,"column":2},"end":{"line":140,"column":null}},{"start":{},"end":{}}],"line":137},"3":{"loc":{"start":{"line":142,"column":2},"end":{"line":148,"column":null}},"type":"if","locations":[{"start":{"line":142,"column":2},"end":{"line":148,"column":null}},{"start":{},"end":{}}],"line":142},"4":{"loc":{"start":{"line":155,"column":2},"end":{"line":155,"column":null}},"type":"if","locations":[{"start":{"line":155,"column":2},"end":{"line":155,"column":null}},{"start":{},"end":{}}],"line":155},"5":{"loc":{"start":{"line":158,"column":6},"end":{"line":161,"column":null}},"type":"binary-expr","locations":[{"start":{"line":158,"column":6},"end":{"line":158,"column":null}},{"start":{"line":159,"column":6},"end":{"line":159,"column":null}},{"start":{"line":160,"column":6},"end":{"line":160,"column":null}},{"start":{"line":161,"column":6},"end":{"line":161,"column":null}}],"line":158},"6":{"loc":{"start":{"line":163,"column":2},"end":{"line":163,"column":null}},"type":"if","locations":[{"start":{"line":163,"column":2},"end":{"line":163,"column":null}},{"start":{},"end":{}}],"line":163},"7":{"loc":{"start":{"line":165,"column":8},"end":{"line":165,"column":null}},"type":"cond-expr","locations":[{"start":{"line":165,"column":47},"end":{"line":165,"column":56}},{"start":{"line":165,"column":56},"end":{"line":165,"column":null}}],"line":165},"8":{"loc":{"start":{"line":165,"column":8},"end":{"line":165,"column":47}},"type":"binary-expr","locations":[{"start":{"line":165,"column":8},"end":{"line":165,"column":38}},{"start":{"line":165,"column":38},"end":{"line":165,"column":47}}],"line":165},"9":{"loc":{"start":{"line":174,"column":11},"end":{"line":174,"column":null}},"type":"cond-expr","locations":[{"start":{"line":174,"column":20},"end":{"line":174,"column":41}},{"start":{"line":174,"column":41},"end":{"line":174,"column":null}}],"line":174},"10":{"loc":{"start":{"line":183,"column":11},"end":{"line":183,"column":null}},"type":"cond-expr","locations":[{"start":{"line":183,"column":17},"end":{"line":183,"column":40}},{"start":{"line":183,"column":40},"end":{"line":183,"column":null}}],"line":183},"11":{"loc":{"start":{"line":187,"column":10},"end":{"line":187,"column":null}},"type":"binary-expr","locations":[{"start":{"line":187,"column":10},"end":{"line":187,"column":60}},{"start":{"line":187,"column":60},"end":{"line":187,"column":null}}],"line":187},"12":{"loc":{"start":{"line":207,"column":6},"end":{"line":212,"column":null}},"type":"if","locations":[{"start":{"line":207,"column":6},"end":{"line":212,"column":null}},{"start":{},"end":{}}],"line":207},"13":{"loc":{"start":{"line":213,"column":6},"end":{"line":215,"column":null}},"type":"if","locations":[{"start":{"line":213,"column":6},"end":{"line":215,"column":null}},{"start":{},"end":{}}],"line":213},"14":{"loc":{"start":{"line":228,"column":4},"end":{"line":228,"column":null}},"type":"if","locations":[{"start":{"line":228,"column":4},"end":{"line":228,"column":null}},{"start":{},"end":{}}],"line":228},"15":{"loc":{"start":{"line":228,"column":8},"end":{"line":228,"column":41}},"type":"binary-expr","locations":[{"start":{"line":228,"column":8},"end":{"line":228,"column":30}},{"start":{"line":228,"column":30},"end":{"line":228,"column":41}}],"line":228},"16":{"loc":{"start":{"line":241,"column":4},"end":{"line":241,"column":null}},"type":"if","locations":[{"start":{"line":241,"column":4},"end":{"line":241,"column":null}},{"start":{},"end":{}}],"line":241},"17":{"loc":{"start":{"line":257,"column":4},"end":{"line":257,"column":null}},"type":"binary-expr","locations":[{"start":{"line":257,"column":4},"end":{"line":257,"column":29}},{"start":{"line":257,"column":29},"end":{"line":257,"column":66}},{"start":{"line":257,"column":66},"end":{"line":257,"column":null}}],"line":257},"18":{"loc":{"start":{"line":261,"column":4},"end":{"line":270,"column":null}},"type":"if","locations":[{"start":{"line":261,"column":4},"end":{"line":270,"column":null}},{"start":{},"end":{}}],"line":261},"19":{"loc":{"start":{"line":261,"column":8},"end":{"line":261,"column":48}},"type":"binary-expr","locations":[{"start":{"line":261,"column":8},"end":{"line":261,"column":36}},{"start":{"line":261,"column":36},"end":{"line":261,"column":48}}],"line":261},"20":{"loc":{"start":{"line":262,"column":6},"end":{"line":264,"column":null}},"type":"if","locations":[{"start":{"line":262,"column":6},"end":{"line":264,"column":null}},{"start":{},"end":{}}],"line":262},"21":{"loc":{"start":{"line":276,"column":6},"end":{"line":307,"column":null}},"type":"if","locations":[{"start":{"line":276,"column":6},"end":{"line":307,"column":null}},{"start":{},"end":{}}],"line":276},"22":{"loc":{"start":{"line":277,"column":25},"end":{"line":277,"column":null}},"type":"binary-expr","locations":[{"start":{"line":277,"column":25},"end":{"line":277,"column":47}},{"start":{"line":277,"column":47},"end":{"line":277,"column":null}}],"line":277},"23":{"loc":{"start":{"line":280,"column":8},"end":{"line":280,"column":null}},"type":"if","locations":[{"start":{"line":280,"column":8},"end":{"line":280,"column":null}},{"start":{},"end":{}}],"line":280},"24":{"loc":{"start":{"line":282,"column":8},"end":{"line":290,"column":null}},"type":"if","locations":[{"start":{"line":282,"column":8},"end":{"line":290,"column":null}},{"start":{},"end":{}}],"line":282},"25":{"loc":{"start":{"line":337,"column":12},"end":{"line":339,"column":null}},"type":"cond-expr","locations":[{"start":{"line":338,"column":16},"end":{"line":338,"column":null}},{"start":{"line":339,"column":16},"end":{"line":339,"column":null}}],"line":337},"26":{"loc":{"start":{"line":337,"column":12},"end":{"line":337,"column":null}},"type":"binary-expr","locations":[{"start":{"line":337,"column":12},"end":{"line":337,"column":25}},{"start":{"line":337,"column":25},"end":{"line":337,"column":null}}],"line":337},"27":{"loc":{"start":{"line":346,"column":7},"end":{"line":371,"column":null}},"type":"binary-expr","locations":[{"start":{"line":346,"column":7},"end":{"line":346,"column":20}},{"start":{"line":346,"column":20},"end":{"line":346,"column":null}},{"start":{"line":347,"column":8},"end":{"line":371,"column":null}}],"line":346},"28":{"loc":{"start":{"line":353,"column":15},"end":{"line":353,"column":null}},"type":"binary-expr","locations":[{"start":{"line":353,"column":15},"end":{"line":353,"column":31}},{"start":{"line":353,"column":31},"end":{"line":353,"column":null}}],"line":353},"29":{"loc":{"start":{"line":375,"column":7},"end":{"line":397,"column":null}},"type":"binary-expr","locations":[{"start":{"line":375,"column":7},"end":{"line":375,"column":null}},{"start":{"line":376,"column":8},"end":{"line":397,"column":null}}],"line":375},"30":{"loc":{"start":{"line":388,"column":33},"end":{"line":388,"column":null}},"type":"cond-expr","locations":[{"start":{"line":388,"column":47},"end":{"line":388,"column":55}},{"start":{"line":388,"column":55},"end":{"line":388,"column":null}}],"line":388},"31":{"loc":{"start":{"line":402,"column":31},"end":{"line":402,"column":60}},"type":"cond-expr","locations":[{"start":{"line":402,"column":44},"end":{"line":402,"column":54}},{"start":{"line":402,"column":54},"end":{"line":402,"column":60}}],"line":402},"32":{"loc":{"start":{"line":404,"column":20},"end":{"line":404,"column":null}},"type":"cond-expr","locations":[{"start":{"line":404,"column":33},"end":{"line":404,"column":51}},{"start":{"line":404,"column":51},"end":{"line":404,"column":null}}],"line":404},"33":{"loc":{"start":{"line":407,"column":9},"end":{"line":416,"column":null}},"type":"cond-expr","locations":[{"start":{"line":408,"column":10},"end":{"line":411,"column":null}},{"start":{"line":413,"column":10},"end":{"line":416,"column":null}}],"line":407},"34":{"loc":{"start":{"line":421,"column":7},"end":{"line":428,"column":null}},"type":"binary-expr","locations":[{"start":{"line":421,"column":7},"end":{"line":421,"column":22}},{"start":{"line":421,"column":22},"end":{"line":421,"column":null}},{"start":{"line":422,"column":8},"end":{"line":428,"column":null}}],"line":421},"35":{"loc":{"start":{"line":432,"column":7},"end":{"line":551,"column":null}},"type":"binary-expr","locations":[{"start":{"line":432,"column":7},"end":{"line":432,"column":22}},{"start":{"line":432,"column":22},"end":{"line":432,"column":null}},{"start":{"line":433,"column":8},"end":{"line":551,"column":null}}],"line":432},"36":{"loc":{"start":{"line":441,"column":61},"end":{"line":441,"column":113}},"type":"cond-expr","locations":[{"start":{"line":441,"column":73},"end":{"line":441,"column":99}},{"start":{"line":441,"column":99},"end":{"line":441,"column":113}}],"line":441},"37":{"loc":{"start":{"line":453,"column":28},"end":{"line":453,"column":null}},"type":"cond-expr","locations":[{"start":{"line":453,"column":38},"end":{"line":453,"column":49}},{"start":{"line":453,"column":49},"end":{"line":453,"column":null}}],"line":453},"38":{"loc":{"start":{"line":456,"column":17},"end":{"line":459,"column":null}},"type":"cond-expr","locations":[{"start":{"line":457,"column":18},"end":{"line":457,"column":null}},{"start":{"line":459,"column":18},"end":{"line":459,"column":null}}],"line":456},"39":{"loc":{"start":{"line":485,"column":18},"end":{"line":487,"column":null}},"type":"cond-expr","locations":[{"start":{"line":486,"column":22},"end":{"line":486,"column":null}},{"start":{"line":487,"column":22},"end":{"line":487,"column":null}}],"line":485},"40":{"loc":{"start":{"line":490,"column":17},"end":{"line":491,"column":null}},"type":"binary-expr","locations":[{"start":{"line":490,"column":17},"end":{"line":490,"column":45}},{"start":{"line":490,"column":45},"end":{"line":490,"column":null}},{"start":{"line":491,"column":18},"end":{"line":491,"column":null}}],"line":490},"41":{"loc":{"start":{"line":498,"column":13},"end":{"line":502,"column":null}},"type":"binary-expr","locations":[{"start":{"line":498,"column":13},"end":{"line":498,"column":26}},{"start":{"line":498,"column":26},"end":{"line":498,"column":null}},{"start":{"line":499,"column":14},"end":{"line":502,"column":null}}],"line":498},"42":{"loc":{"start":{"line":506,"column":13},"end":{"line":524,"column":null}},"type":"binary-expr","locations":[{"start":{"line":506,"column":13},"end":{"line":506,"column":null}},{"start":{"line":507,"column":14},"end":{"line":524,"column":null}}],"line":506},"43":{"loc":{"start":{"line":537,"column":32},"end":{"line":537,"column":null}},"type":"binary-expr","locations":[{"start":{"line":537,"column":32},"end":{"line":537,"column":53}},{"start":{"line":537,"column":53},"end":{"line":537,"column":null}}],"line":537},"44":{"loc":{"start":{"line":539,"column":16},"end":{"line":539,"column":null}},"type":"cond-expr","locations":[{"start":{"line":539,"column":36},"end":{"line":539,"column":58}},{"start":{"line":539,"column":58},"end":{"line":539,"column":null}}],"line":539},"45":{"loc":{"start":{"line":544,"column":24},"end":{"line":544,"column":null}},"type":"binary-expr","locations":[{"start":{"line":544,"column":24},"end":{"line":544,"column":37}},{"start":{"line":544,"column":37},"end":{"line":544,"column":null}}],"line":544}},"s":{"0":50,"1":48,"2":34,"3":1,"4":1,"5":1,"6":1,"7":1,"8":1,"9":56,"10":56,"11":51,"12":5,"13":5,"14":1,"15":4,"16":4,"17":2,"18":2,"19":2,"20":2,"21":1,"22":1,"23":1,"24":1,"25":0,"26":1,"27":2,"28":1,"29":0,"30":1,"31":2,"32":35,"33":35,"34":35,"35":1,"36":56,"37":35,"38":35,"39":56,"40":56,"41":35,"42":56,"43":56,"44":56,"45":56,"46":56,"47":56,"48":56,"49":56,"50":56,"51":56,"52":56,"53":2,"54":1,"55":1,"56":2,"57":1,"58":2,"59":1,"60":1,"61":1,"62":56,"63":3,"64":0,"65":3,"66":3,"67":3,"68":3,"69":3,"70":3,"71":56,"72":2,"73":0,"74":2,"75":2,"76":2,"77":2,"78":2,"79":56,"80":0,"81":0,"82":0,"83":0,"84":56,"85":56,"86":35,"87":0,"88":0,"89":0,"90":0,"91":0,"92":0,"93":35,"94":56,"95":46,"96":5,"97":5,"98":5,"99":5,"100":1,"101":4,"102":1,"103":1,"104":1,"105":1,"106":1,"107":3,"108":3,"109":3,"110":3,"111":3,"112":3,"113":3,"114":3,"115":46,"116":46,"117":46,"118":56,"119":46,"120":56,"121":36,"122":56,"123":46,"124":56,"125":56,"126":0,"127":0,"128":0,"129":0,"130":0,"131":0,"132":3,"133":1,"134":2,"135":73,"136":148,"137":2,"138":4,"139":0},"f":{"0":50,"1":48,"2":34,"3":56,"4":1,"5":2,"6":2,"7":35,"8":56,"9":35,"10":35,"11":2,"12":1,"13":1,"14":1,"15":3,"16":2,"17":0,"18":35,"19":0,"20":46,"21":5,"22":1,"23":46,"24":46,"25":36,"26":46,"27":0,"28":3,"29":1,"30":2,"31":73,"32":148,"33":2,"34":4,"35":0},"b":{"0":[51,5],"1":[1,4],"2":[2,2],"3":[1,1],"4":[0,1],"5":[2,2,2,2],"6":[0,1],"7":[0,2],"8":[2,0],"9":[2,33],"10":[1,34],"11":[35,30],"12":[1,1],"13":[1,1],"14":[0,3],"15":[3,3],"16":[0,2],"17":[56,44,44],"18":[0,35],"19":[35,0],"20":[0,0],"21":[5,0],"22":[5,1],"23":[1,4],"24":[1,3],"25":[3,53],"26":[56,3],"27":[56,3,3],"28":[3,2],"29":[56,0],"30":[0,0],"31":[1,2],"32":[2,54],"33":[2,54],"34":[56,54,2],"35":[56,54,52],"36":[3,49],"37":[0,52],"38":[0,52],"39":[12,61],"40":[73,61,51],"41":[52,3,0],"42":[52,37],"43":[0,0],"44":[4,48],"45":[52,49]},"meta":{"lastBranch":46,"lastFunction":36,"lastStatement":140,"seen":{"f:24:9:24:26":0,"s:25:2:25:Infinity":0,"f:28:9:28:16":1,"s:29:2:29:Infinity":1,"f:32:9:32:46":2,"s:33:2:38:Infinity":2,"s:41:21:41:Infinity":3,"s:102:25:107:Infinity":4,"s:109:21:112:Infinity":5,"s:114:25:117:Infinity":6,"s:119:29:119:Infinity":7,"s:121:23:121:Infinity":8,"f:123:9:123:28":3,"s:124:20:124:Infinity":9,"b:125:2:129:Infinity:undefined:undefined:undefined:undefined":0,"s:125:2:129:Infinity":10,"s:126:4:127:Infinity":11,"s:130:19:130:Infinity":12,"b:131:2:135:Infinity:undefined:undefined:undefined:undefined":1,"s:131:2:135:Infinity":13,"s:132:4:133:Infinity":14,"s:136:19:136:Infinity":15,"b:137:2:140:Infinity:undefined:undefined:undefined:undefined":2,"s:137:2:140:Infinity":16,"s:138:20:138:Infinity":17,"s:139:4:139:Infinity":18,"s:141:21:141:Infinity":19,"b:142:2:148:Infinity:undefined:undefined:undefined:undefined":3,"s:142:2:148:Infinity":20,"s:143:4:146:Infinity":21,"s:149:2:149:Infinity":22,"s:152:20:152:Infinity":23,"f:154:9:154:25":4,"b:155:2:155:Infinity:undefined:undefined:undefined:undefined":4,"s:155:2:155:Infinity":24,"s:155:27:155:Infinity":25,"s:156:16:162:Infinity":26,"f:157:4:157:5":5,"s:158:6:161:Infinity":27,"b:158:6:158:Infinity:159:6:159:Infinity:160:6:160:Infinity:161:6:161:Infinity":5,"b:163:2:163:Infinity:undefined:undefined:undefined:undefined":6,"s:163:2:163:Infinity":28,"s:163:26:163:Infinity":29,"s:164:2:168:Infinity":30,"f:164:19:164:20":6,"s:164:29:168:4":31,"b:165:47:165:56:165:56:165:Infinity":7,"b:165:8:165:38:165:38:165:47":8,"f:171:9:171:28":7,"s:172:2:177:Infinity":32,"s:173:19:173:Infinity":33,"s:174:4:174:Infinity":34,"b:174:20:174:41:174:41:174:Infinity":9,"s:176:4:176:Infinity":35,"f:180:9:180:15":8,"s:181:30:184:Infinity":36,"f:181:58:181:64":9,"s:182:16:182:Infinity":37,"s:183:4:183:Infinity":38,"b:183:17:183:40:183:40:183:Infinity":10,"s:185:34:185:Infinity":39,"s:186:36:188:Infinity":40,"f:187:4:187:10":10,"s:187:10:187:Infinity":41,"b:187:10:187:60:187:60:187:Infinity":11,"s:189:40:189:Infinity":42,"s:190:38:190:Infinity":43,"s:191:22:191:Infinity":44,"s:193:8:193:Infinity":45,"s:194:8:194:Infinity":46,"s:195:8:195:Infinity":47,"s:196:8:196:Infinity":48,"s:198:77:199:Infinity":49,"s:200:8:200:Infinity":50,"s:201:2:201:Infinity":51,"s:203:36:225:Infinity":52,"f:206:4:206:13":11,"b:207:6:212:Infinity:undefined:undefined:undefined:undefined":12,"s:207:6:212:Infinity":53,"s:208:8:211:Infinity":54,"f:208:20:208:21":12,"s:208:30:211:9":55,"b:213:6:215:Infinity:undefined:undefined:undefined:undefined":13,"s:213:6:215:Infinity":56,"s:214:8:214:Infinity":57,"s:216:6:216:Infinity":58,"f:218:4:218:12":13,"s:219:6:219:Infinity":59,"s:220:6:223:Infinity":60,"f:220:18:220:19":14,"s:220:28:223:7":61,"s:227:21:238:Infinity":62,"f:227:21:227:27":15,"b:228:4:228:Infinity:undefined:undefined:undefined:undefined":14,"s:228:4:228:Infinity":63,"b:228:8:228:30:228:30:228:41":15,"s:228:41:228:Infinity":64,"s:229:4:229:Infinity":65,"s:230:4:230:Infinity":66,"s:231:39:234:Infinity":67,"s:235:4:235:Infinity":68,"s:236:4:236:Infinity":69,"s:237:4:237:Infinity":70,"s:240:26:247:Infinity":71,"f:240:26:240:27":16,"b:241:4:241:Infinity:undefined:undefined:undefined:undefined":16,"s:241:4:241:Infinity":72,"s:241:19:241:Infinity":73,"s:242:4:242:Infinity":74,"s:243:4:243:Infinity":75,"s:244:39:244:Infinity":76,"s:245:4:245:Infinity":77,"s:246:4:246:Infinity":78,"s:249:22:254:Infinity":79,"f:249:22:249:28":17,"s:250:4:250:Infinity":80,"s:251:4:251:Infinity":81,"s:252:4:252:Infinity":82,"s:253:4:253:Infinity":83,"s:257:4:257:Infinity":84,"b:257:4:257:29:257:29:257:66:257:66:257:Infinity":17,"s:260:2:272:Infinity":85,"f:260:12:260:18":18,"b:261:4:270:Infinity:undefined:undefined:undefined:undefined":18,"s:261:4:270:Infinity":86,"b:261:8:261:36:261:36:261:48":19,"b:262:6:264:Infinity:undefined:undefined:undefined:undefined":20,"s:262:6:264:Infinity":87,"s:263:8:263:Infinity":88,"s:265:6:265:Infinity":89,"s:266:6:269:Infinity":90,"f:266:44:266:50":19,"s:267:8:267:Infinity":91,"s:268:8:268:Infinity":92,"s:271:4:271:Infinity":93,"s:274:2:312:Infinity":94,"f:274:12:274:18":20,"s:275:30:308:Infinity":95,"f:275:30:275:31":21,"b:276:6:307:Infinity:undefined:undefined:undefined:undefined":21,"s:276:6:307:Infinity":96,"s:277:25:277:Infinity":97,"b:277:25:277:47:277:47:277:Infinity":22,"s:278:8:278:Infinity":98,"b:280:8:280:Infinity:undefined:undefined:undefined:undefined":23,"s:280:8:280:Infinity":99,"s:280:23:280:Infinity":100,"b:282:8:290:Infinity:undefined:undefined:undefined:undefined":24,"s:282:8:290:Infinity":101,"s:283:10:283:Infinity":102,"s:284:33:287:Infinity":103,"s:288:10:288:Infinity":104,"f:288:22:288:23":22,"s:288:32:288:57":105,"s:289:10:289:Infinity":106,"s:292:8:292:Infinity":107,"s:293:8:293:Infinity":108,"s:295:8:295:Infinity":109,"s:296:28:299:Infinity":110,"s:300:29:303:Infinity":111,"s:304:32:304:Infinity":112,"s:305:8:305:Infinity":113,"s:306:8:306:Infinity":114,"s:310:4:310:Infinity":115,"s:311:4:311:Infinity":116,"f:311:11:311:17":23,"s:311:17:311:Infinity":117,"s:314:2:316:Infinity":118,"f:314:12:314:18":24,"s:315:4:315:Infinity":119,"s:318:2:320:Infinity":120,"f:318:12:318:18":25,"s:319:4:319:Infinity":121,"s:323:2:325:Infinity":122,"f:323:12:323:18":26,"s:324:4:324:Infinity":123,"s:327:21:327:Infinity":124,"s:329:2:553:Infinity":125,"b:338:16:338:Infinity:339:16:339:Infinity":25,"b:337:12:337:25:337:25:337:Infinity":26,"b:346:7:346:20:346:20:346:Infinity:347:8:371:Infinity":27,"b:353:15:353:31:353:31:353:Infinity":28,"b:375:7:375:Infinity:376:8:397:Infinity":29,"f:377:50:377:51":27,"s:378:27:384:Infinity":126,"s:385:25:385:Infinity":127,"s:386:31:386:Infinity":128,"s:387:35:387:Infinity":129,"s:388:33:388:Infinity":130,"b:388:47:388:55:388:55:388:Infinity":30,"s:389:12:394:Infinity":131,"f:402:17:402:23":28,"s:402:23:402:Infinity":132,"b:402:44:402:54:402:54:402:60":31,"b:404:33:404:51:404:51:404:Infinity":32,"b:408:10:411:Infinity:413:10:416:Infinity":33,"b:421:7:421:22:421:22:421:Infinity:422:8:428:Infinity":34,"f:423:19:423:25":29,"s:423:25:423:Infinity":133,"b:432:7:432:22:432:22:432:Infinity:433:8:551:Infinity":35,"b:441:73:441:99:441:99:441:113":36,"b:453:38:453:49:453:49:453:Infinity":37,"b:457:18:457:Infinity:459:18:459:Infinity":38,"f:470:25:470:31":30,"s:470:31:470:Infinity":134,"f:481:26:481:27":31,"s:482:14:494:Infinity":135,"b:486:22:486:Infinity:487:22:487:Infinity":39,"b:490:17:490:45:490:45:490:Infinity:491:18:491:Infinity":40,"b:498:13:498:26:498:26:498:Infinity:499:14:502:Infinity":41,"b:506:13:506:Infinity:507:14:524:Infinity":42,"f:512:40:512:41":32,"s:513:20:521:Infinity":136,"f:515:31:515:37":33,"s:515:37:515:Infinity":137,"f:536:24:536:25":34,"s:536:31:536:Infinity":138,"f:537:25:537:26":35,"s:537:32:537:Infinity":139,"b:537:32:537:53:537:53:537:Infinity":43,"b:539:36:539:58:539:58:539:Infinity":44,"b:544:24:544:37:544:37:544:Infinity":45}}}
,"/Users/danleemh/ai/apps/inspiror/frontend/src/index.css": {"path":"/Users/danleemh/ai/apps/inspiror/frontend/src/index.css","statementMap":{},"fnMap":{},"branchMap":{},"s":{},"f":{},"b":{},"meta":{"lastBranch":0,"lastFunction":0,"lastStatement":0,"seen":{}}}
,"/Users/danleemh/ai/apps/inspiror/frontend/src/hooks/useAudio.ts": {"path":"/Users/danleemh/ai/apps/inspiror/frontend/src/hooks/useAudio.ts","statementMap":{"0":{"start":{"line":3,"column":20},"end":{"line":3,"column":null}},"1":{"start":{"line":5,"column":20},"end":{"line":10,"column":null}},"2":{"start":{"line":13,"column":16},"end":{"line":13,"column":null}},"3":{"start":{"line":14,"column":2},"end":{"line":14,"column":null}},"4":{"start":{"line":16,"column":2},"end":{"line":23,"column":null}},"5":{"start":{"line":17,"column":4},"end":{"line":22,"column":null}},"6":{"start":{"line":18,"column":20},"end":{"line":18,"column":null}},"7":{"start":{"line":19,"column":6},"end":{"line":19,"column":null}},"8":{"start":{"line":27,"column":28},"end":{"line":33,"column":null}},"9":{"start":{"line":28,"column":4},"end":{"line":32,"column":null}},"10":{"start":{"line":29,"column":6},"end":{"line":29,"column":null}},"11":{"start":{"line":31,"column":6},"end":{"line":31,"column":null}},"12":{"start":{"line":35,"column":8},"end":{"line":35,"column":null}},"13":{"start":{"line":37,"column":2},"end":{"line":44,"column":null}},"14":{"start":{"line":38,"column":4},"end":{"line":43,"column":null}},"15":{"start":{"line":46,"column":2},"end":{"line":52,"column":null}},"16":{"start":{"line":47,"column":4},"end":{"line":51,"column":null}},"17":{"start":{"line":48,"column":6},"end":{"line":48,"column":null}},"18":{"start":{"line":54,"column":8},"end":{"line":60,"column":null}},"19":{"start":{"line":56,"column":6},"end":{"line":56,"column":null}},"20":{"start":{"line":56,"column":19},"end":{"line":56,"column":null}},"21":{"start":{"line":57,"column":6},"end":{"line":57,"column":null}},"22":{"start":{"line":62,"column":8},"end":{"line":62,"column":null}},"23":{"start":{"line":62,"column":36},"end":{"line":62,"column":49}},"24":{"start":{"line":63,"column":8},"end":{"line":63,"column":null}},"25":{"start":{"line":63,"column":42},"end":{"line":63,"column":61}},"26":{"start":{"line":64,"column":8},"end":{"line":64,"column":null}},"27":{"start":{"line":64,"column":38},"end":{"line":64,"column":53}},"28":{"start":{"line":65,"column":8},"end":{"line":65,"column":null}},"29":{"start":{"line":65,"column":39},"end":{"line":65,"column":55}},"30":{"start":{"line":66,"column":8},"end":{"line":66,"column":null}},"31":{"start":{"line":66,"column":39},"end":{"line":66,"column":68}},"32":{"start":{"line":66,"column":60},"end":{"line":66,"column":65}},"33":{"start":{"line":68,"column":2},"end":{"line":68,"column":null}}},"fnMap":{"0":{"name":"createPlayer","decl":{"start":{"line":12,"column":9},"end":{"line":12,"column":22}},"loc":{"start":{"line":12,"column":47},"end":{"line":24,"column":null}},"line":12},"1":{"name":"(anonymous_1)","decl":{"start":{"line":16,"column":9},"end":{"line":16,"column":15}},"loc":{"start":{"line":16,"column":15},"end":{"line":23,"column":null}},"line":16},"2":{"name":"(anonymous_2)","decl":{"start":{"line":19,"column":25},"end":{"line":19,"column":31}},"loc":{"start":{"line":19,"column":31},"end":{"line":19,"column":33}},"line":19},"3":{"name":"useAudio","decl":{"start":{"line":26,"column":16},"end":{"line":26,"column":27}},"loc":{"start":{"line":26,"column":27},"end":{"line":69,"column":null}},"line":26},"4":{"name":"(anonymous_4)","decl":{"start":{"line":27,"column":41},"end":{"line":27,"column":47}},"loc":{"start":{"line":27,"column":47},"end":{"line":33,"column":3}},"line":27},"5":{"name":"(anonymous_5)","decl":{"start":{"line":37,"column":12},"end":{"line":37,"column":18}},"loc":{"start":{"line":37,"column":18},"end":{"line":44,"column":5}},"line":37},"6":{"name":"(anonymous_6)","decl":{"start":{"line":46,"column":12},"end":{"line":46,"column":18}},"loc":{"start":{"line":46,"column":18},"end":{"line":52,"column":5}},"line":46},"7":{"name":"(anonymous_7)","decl":{"start":{"line":55,"column":4},"end":{"line":55,"column":5}},"loc":{"start":{"line":55,"column":41},"end":{"line":58,"column":null}},"line":55},"8":{"name":"(anonymous_8)","decl":{"start":{"line":62,"column":30},"end":{"line":62,"column":36}},"loc":{"start":{"line":62,"column":36},"end":{"line":62,"column":49}},"line":62},"9":{"name":"(anonymous_9)","decl":{"start":{"line":63,"column":36},"end":{"line":63,"column":42}},"loc":{"start":{"line":63,"column":42},"end":{"line":63,"column":61}},"line":63},"10":{"name":"(anonymous_10)","decl":{"start":{"line":64,"column":32},"end":{"line":64,"column":38}},"loc":{"start":{"line":64,"column":38},"end":{"line":64,"column":53}},"line":64},"11":{"name":"(anonymous_11)","decl":{"start":{"line":65,"column":33},"end":{"line":65,"column":39}},"loc":{"start":{"line":65,"column":39},"end":{"line":65,"column":55}},"line":65},"12":{"name":"(anonymous_12)","decl":{"start":{"line":66,"column":33},"end":{"line":66,"column":39}},"loc":{"start":{"line":66,"column":39},"end":{"line":66,"column":68}},"line":66},"13":{"name":"(anonymous_13)","decl":{"start":{"line":66,"column":50},"end":{"line":66,"column":51}},"loc":{"start":{"line":66,"column":60},"end":{"line":66,"column":65}},"line":66}},"branchMap":{"0":{"loc":{"start":{"line":56,"column":6},"end":{"line":56,"column":null}},"type":"if","locations":[{"start":{"line":56,"column":6},"end":{"line":56,"column":null}},{"start":{},"end":{}}],"line":56}},"s":{"0":1,"1":1,"2":32,"3":32,"4":32,"5":4,"6":4,"7":4,"8":10,"9":8,"10":8,"11":0,"12":10,"13":10,"14":8,"15":10,"16":10,"17":10,"18":10,"19":5,"20":1,"21":4,"22":10,"23":2,"24":10,"25":1,"26":10,"27":1,"28":10,"29":1,"30":10,"31":2,"32":2,"33":10},"f":{"0":32,"1":4,"2":0,"3":10,"4":8,"5":8,"6":10,"7":5,"8":2,"9":1,"10":1,"11":1,"12":2,"13":2},"b":{"0":[1,4]},"meta":{"lastBranch":1,"lastFunction":14,"lastStatement":34,"seen":{"s:3:20:3:Infinity":0,"s:5:20:10:Infinity":1,"f:12:9:12:22":0,"s:13:16:13:Infinity":2,"s:14:2:14:Infinity":3,"s:16:2:23:Infinity":4,"f:16:9:16:15":1,"s:17:4:22:Infinity":5,"s:18:20:18:Infinity":6,"s:19:6:19:Infinity":7,"f:19:25:19:31":2,"f:26:16:26:27":3,"s:27:28:33:Infinity":8,"f:27:41:27:47":4,"s:28:4:32:Infinity":9,"s:29:6:29:Infinity":10,"s:31:6:31:Infinity":11,"s:35:8:35:Infinity":12,"s:37:2:44:Infinity":13,"f:37:12:37:18":5,"s:38:4:43:Infinity":14,"s:46:2:52:Infinity":15,"f:46:12:46:18":6,"s:47:4:51:Infinity":16,"s:48:6:48:Infinity":17,"s:54:8:60:Infinity":18,"f:55:4:55:5":7,"b:56:6:56:Infinity:undefined:undefined:undefined:undefined":0,"s:56:6:56:Infinity":19,"s:56:19:56:Infinity":20,"s:57:6:57:Infinity":21,"s:62:8:62:Infinity":22,"f:62:30:62:36":8,"s:62:36:62:49":23,"s:63:8:63:Infinity":24,"f:63:36:63:42":9,"s:63:42:63:61":25,"s:64:8:64:Infinity":26,"f:64:32:64:38":10,"s:64:38:64:53":27,"s:65:8:65:Infinity":28,"f:65:33:65:39":11,"s:65:39:65:55":29,"s:66:8:66:Infinity":30,"f:66:33:66:39":12,"s:66:39:66:68":31,"f:66:50:66:51":13,"s:66:60:66:65":32,"s:68:2:68:Infinity":33}}}
}
