{"/Users/danleemh/ai/apps/inspiror.feature-starter-template-gallery/frontend/src/App.tsx": {"path":"/Users/danleemh/ai/apps/inspiror.feature-starter-template-gallery/frontend/src/App.tsx","statementMap":{"0":{"start":{"line":12,"column":30},"end":{"line":12,"column":null}},"1":{"start":{"line":24,"column":2},"end":{"line":24,"column":null}},"2":{"start":{"line":26,"column":25},"end":{"line":32,"column":null}},"3":{"start":{"line":27,"column":4},"end":{"line":31,"column":null}},"4":{"start":{"line":28,"column":6},"end":{"line":28,"column":null}},"5":{"start":{"line":28,"column":28},"end":{"line":28,"column":null}},"6":{"start":{"line":29,"column":6},"end":{"line":29,"column":null}},"7":{"start":{"line":29,"column":28},"end":{"line":29,"column":null}},"8":{"start":{"line":30,"column":6},"end":{"line":30,"column":null}},"9":{"start":{"line":34,"column":8},"end":{"line":46,"column":null}},"10":{"start":{"line":36,"column":25},"end":{"line":36,"column":null}},"11":{"start":{"line":37,"column":21},"end":{"line":37,"column":null}},"12":{"start":{"line":37,"column":49},"end":{"line":37,"column":58}},"13":{"start":{"line":38,"column":12},"end":{"line":38,"column":null}},"14":{"start":{"line":39,"column":6},"end":{"line":43,"column":null}},"15":{"start":{"line":48,"column":2},"end":{"line":60,"column":null}},"16":{"start":{"line":49,"column":4},"end":{"line":58,"column":null}},"17":{"start":{"line":62,"column":12},"end":{"line":62,"column":null}},"18":{"start":{"line":64,"column":2},"end":{"line":83,"column":null}}},"fnMap":{"0":{"name":"App","decl":{"start":{"line":11,"column":9},"end":{"line":11,"column":15}},"loc":{"start":{"line":11,"column":15},"end":{"line":85,"column":null}},"line":11},"1":{"name":"(anonymous_1)","decl":{"start":{"line":26,"column":25},"end":{"line":26,"column":31}},"loc":{"start":{"line":26,"column":31},"end":{"line":32,"column":null}},"line":26},"2":{"name":"(anonymous_2)","decl":{"start":{"line":27,"column":16},"end":{"line":27,"column":17}},"loc":{"start":{"line":27,"column":26},"end":{"line":31,"column":5}},"line":27},"3":{"name":"(anonymous_3)","decl":{"start":{"line":35,"column":4},"end":{"line":35,"column":5}},"loc":{"start":{"line":35,"column":35},"end":{"line":44,"column":null}},"line":35},"4":{"name":"(anonymous_4)","decl":{"start":{"line":37,"column":41},"end":{"line":37,"column":42}},"loc":{"start":{"line":37,"column":49},"end":{"line":37,"column":58}},"line":37}},"branchMap":{"0":{"loc":{"start":{"line":28,"column":6},"end":{"line":28,"column":null}},"type":"if","locations":[{"start":{"line":28,"column":6},"end":{"line":28,"column":null}},{"start":{},"end":{}}],"line":28},"1":{"loc":{"start":{"line":29,"column":6},"end":{"line":29,"column":null}},"type":"if","locations":[{"start":{"line":29,"column":6},"end":{"line":29,"column":null}},{"start":{},"end":{}}],"line":29},"2":{"loc":{"start":{"line":48,"column":2},"end":{"line":60,"column":null}},"type":"if","locations":[{"start":{"line":48,"column":2},"end":{"line":60,"column":null}},{"start":{},"end":{}}],"line":48},"3":{"loc":{"start":{"line":66,"column":7},"end":{"line":72,"column":null}},"type":"binary-expr","locations":[{"start":{"line":66,"column":7},"end":{"line":66,"column":null}},{"start":{"line":67,"column":8},"end":{"line":72,"column":null}}],"line":66}},"s":{"0":181,"1":181,"2":181,"3":0,"4":0,"5":0,"6":0,"7":0,"8":0,"9":181,"10":0,"11":0,"12":0,"13":0,"14":0,"15":181,"16":14,"17":167,"18":167},"f":{"0":181,"1":0,"2":0,"3":0,"4":0},"b":{"0":[0,0],"1":[0,0],"2":[14,167],"3":[167,0]},"meta":{"lastBranch":4,"lastFunction":5,"lastStatement":19,"seen":{"f:11:9:11:15":0,"s:12:30:12:Infinity":0,"s:24:2:24:Infinity":1,"s:26:25:32:Infinity":2,"f:26:25:26:31":1,"s:27:4:31:Infinity":3,"f:27:16:27:17":2,"b:28:6:28:Infinity:undefined:undefined:undefined:undefined":0,"s:28:6:28:Infinity":4,"s:28:28:28:Infinity":5,"b:29:6:29:Infinity:undefined:undefined:undefined:undefined":1,"s:29:6:29:Infinity":6,"s:29:28:29:Infinity":7,"s:30:6:30:Infinity":8,"s:34:8:46:Infinity":9,"f:35:4:35:5":3,"s:36:25:36:Infinity":10,"s:37:21:37:Infinity":11,"f:37:41:37:42":4,"s:37:49:37:58":12,"s:38:12:38:Infinity":13,"s:39:6:43:Infinity":14,"b:48:2:60:Infinity:undefined:undefined:undefined:undefined":2,"s:48:2:60:Infinity":15,"s:49:4:58:Infinity":16,"s:62:12:62:Infinity":17,"s:64:2:83:Infinity":18,"b:66:7:66:Infinity:67:8:72:Infinity":3}}}
,"/Users/danleemh/ai/apps/inspiror.feature-starter-template-gallery/frontend/src/constants.ts": {"path":"/Users/danleemh/ai/apps/inspiror.feature-starter-template-gallery/frontend/src/constants.ts","statementMap":{"0":{"start":{"line":4,"column":34},"end":{"line":45,"column":null}},"1":{"start":{"line":48,"column":31},"end":{"line":48,"column":null}},"2":{"start":{"line":50,"column":37},"end":{"line":91,"column":null}},"3":{"start":{"line":93,"column":37},"end":{"line":134,"column":null}},"4":{"start":{"line":136,"column":29},"end":{"line":136,"column":null}},"5":{"start":{"line":137,"column":30},"end":{"line":137,"column":null}},"6":{"start":{"line":139,"column":25},"end":{"line":148,"column":null}},"7":{"start":{"line":150,"column":20},"end":{"line":171,"column":null}},"8":{"start":{"line":173,"column":32},"end":{"line":177,"column":null}},"9":{"start":{"line":180,"column":2},"end":{"line":180,"column":null}},"10":{"start":{"line":180,"column":28},"end":{"line":180,"column":null}},"11":{"start":{"line":181,"column":2},"end":{"line":181,"column":null}},"12":{"start":{"line":181,"column":28},"end":{"line":181,"column":null}},"13":{"start":{"line":182,"column":2},"end":{"line":182,"column":null}},"14":{"start":{"line":186,"column":15},"end":{"line":186,"column":null}},"15":{"start":{"line":187,"column":19},"end":{"line":187,"column":null}},"16":{"start":{"line":187,"column":40},"end":{"line":187,"column":59}},"17":{"start":{"line":188,"column":2},"end":{"line":188,"column":null}},"18":{"start":{"line":195,"column":2},"end":{"line":195,"column":null}}},"fnMap":{"0":{"name":"getSuggestions","decl":{"start":{"line":179,"column":16},"end":{"line":179,"column":31}},"loc":{"start":{"line":179,"column":56},"end":{"line":183,"column":null}},"line":179},"1":{"name":"pickRandomChips","decl":{"start":{"line":185,"column":16},"end":{"line":185,"column":32}},"loc":{"start":{"line":185,"column":58},"end":{"line":189,"column":null}},"line":185},"2":{"name":"(anonymous_2)","decl":{"start":{"line":187,"column":34},"end":{"line":187,"column":40}},"loc":{"start":{"line":187,"column":40},"end":{"line":187,"column":59}},"line":187},"3":{"name":"withId","decl":{"start":{"line":191,"column":16},"end":{"line":191,"column":null}},"loc":{"start":{"line":194,"column":74},"end":{"line":196,"column":null}},"line":194}},"branchMap":{"0":{"loc":{"start":{"line":180,"column":2},"end":{"line":180,"column":null}},"type":"if","locations":[{"start":{"line":180,"column":2},"end":{"line":180,"column":null}},{"start":{},"end":{}}],"line":180},"1":{"loc":{"start":{"line":181,"column":2},"end":{"line":181,"column":null}},"type":"if","locations":[{"start":{"line":181,"column":2},"end":{"line":181,"column":null}},{"start":{},"end":{}}],"line":181},"2":{"loc":{"start":{"line":186,"column":15},"end":{"line":186,"column":null}},"type":"cond-expr","locations":[{"start":{"line":186,"column":26},"end":{"line":186,"column":53}},{"start":{"line":186,"column":53},"end":{"line":186,"column":null}}],"line":186}},"s":{"0":4,"1":4,"2":4,"3":4,"4":4,"5":4,"6":4,"7":4,"8":4,"9":54,"10":3,"11":51,"12":3,"13":48,"14":53,"15":53,"16":8347,"17":53,"18":81},"f":{"0":54,"1":53,"2":8347,"3":81},"b":{"0":[3,51],"1":[3,48],"2":[51,2]},"meta":{"lastBranch":3,"lastFunction":4,"lastStatement":19,"seen":{"s:4:34:45:Infinity":0,"s:48:31:48:Infinity":1,"s:50:37:91:Infinity":2,"s:93:37:134:Infinity":3,"s:136:29:136:Infinity":4,"s:137:30:137:Infinity":5,"s:139:25:148:Infinity":6,"s:150:20:171:Infinity":7,"s:173:32:177:Infinity":8,"f:179:16:179:31":0,"b:180:2:180:Infinity:undefined:undefined:undefined:undefined":0,"s:180:2:180:Infinity":9,"s:180:28:180:Infinity":10,"b:181:2:181:Infinity:undefined:undefined:undefined:undefined":1,"s:181:2:181:Infinity":11,"s:181:28:181:Infinity":12,"s:182:2:182:Infinity":13,"f:185:16:185:32":1,"s:186:15:186:Infinity":14,"b:186:26:186:53:186:53:186:Infinity":2,"s:187:19:187:Infinity":15,"f:187:34:187:40":2,"s:187:40:187:59":16,"s:188:2:188:Infinity":17,"f:191:16:191:Infinity":3,"s:195:2:195:Infinity":18}}}
,"/Users/danleemh/ai/apps/inspiror.feature-starter-template-gallery/frontend/src/index.css": {"path":"/Users/danleemh/ai/apps/inspiror.feature-starter-template-gallery/frontend/src/index.css","statementMap":{},"fnMap":{},"branchMap":{},"s":{},"f":{},"b":{},"meta":{"lastBranch":0,"lastFunction":0,"lastStatement":0,"seen":{}}}
,"/Users/danleemh/ai/apps/inspiror.feature-starter-template-gallery/frontend/src/compiler/compileBlocks.ts": {"path":"/Users/danleemh/ai/apps/inspiror.feature-starter-template-gallery/frontend/src/compiler/compileBlocks.ts","statementMap":{"0":{"start":{"line":7,"column":2},"end":{"line":14,"column":null}},"1":{"start":{"line":19,"column":2},"end":{"line":19,"column":null}},"2":{"start":{"line":24,"column":2},"end":{"line":24,"column":null}},"3":{"start":{"line":29,"column":2},"end":{"line":29,"column":null}},"4":{"start":{"line":33,"column":12},"end":{"line":33,"column":null}},"5":{"start":{"line":36,"column":28},"end":{"line":48,"column":null}},"6":{"start":{"line":51,"column":18},"end":{"line":51,"column":null}},"7":{"start":{"line":52,"column":2},"end":{"line":52,"column":null}},"8":{"start":{"line":52,"column":47},"end":{"line":52,"column":68}},"9":{"start":{"line":61,"column":21},"end":{"line":61,"column":null}},"10":{"start":{"line":62,"column":2},"end":{"line":62,"column":null}},"11":{"start":{"line":62,"column":31},"end":{"line":62,"column":null}},"12":{"start":{"line":64,"column":20},"end":{"line":64,"column":null}},"13":{"start":{"line":64,"column":42},"end":{"line":64,"column":59}},"14":{"start":{"line":65,"column":18},"end":{"line":65,"column":null}},"15":{"start":{"line":65,"column":39},"end":{"line":65,"column":56}},"16":{"start":{"line":66,"column":2},"end":{"line":75,"column":null}},"17":{"start":{"line":74,"column":39},"end":{"line":74,"column":47}},"18":{"start":{"line":75,"column":38},"end":{"line":75,"column":68}},"19":{"start":{"line":105,"column":18},"end":{"line":107,"column":null}},"20":{"start":{"line":106,"column":19},"end":{"line":106,"column":28}},"21":{"start":{"line":107,"column":20},"end":{"line":107,"column":37}},"22":{"start":{"line":110,"column":14},"end":{"line":113,"column":null}},"23":{"start":{"line":111,"column":17},"end":{"line":111,"column":49}},"24":{"start":{"line":116,"column":23},"end":{"line":138,"column":null}},"25":{"start":{"line":118,"column":19},"end":{"line":118,"column":null}},"26":{"start":{"line":119,"column":21},"end":{"line":119,"column":null}},"27":{"start":{"line":120,"column":24},"end":{"line":120,"column":null}},"28":{"start":{"line":121,"column":6},"end":{"line":132,"column":null}},"29":{"start":{"line":140,"column":22},"end":{"line":140,"column":null}},"30":{"start":{"line":142,"column":2},"end":{"line":158,"column":null}}},"fnMap":{"0":{"name":"escapeJsString","decl":{"start":{"line":6,"column":9},"end":{"line":6,"column":24}},"loc":{"start":{"line":6,"column":45},"end":{"line":15,"column":null}},"line":6},"1":{"name":"sanitizeCss","decl":{"start":{"line":18,"column":9},"end":{"line":18,"column":21}},"loc":{"start":{"line":18,"column":42},"end":{"line":20,"column":null}},"line":18},"2":{"name":"sanitizeComment","decl":{"start":{"line":23,"column":9},"end":{"line":23,"column":25}},"loc":{"start":{"line":23,"column":46},"end":{"line":25,"column":null}},"line":23},"3":{"name":"sanitizeScript","decl":{"start":{"line":28,"column":9},"end":{"line":28,"column":24}},"loc":{"start":{"line":28,"column":46},"end":{"line":30,"column":null}},"line":28},"4":{"name":"isSafeCheckExpression","decl":{"start":{"line":50,"column":9},"end":{"line":50,"column":31}},"loc":{"start":{"line":50,"column":54},"end":{"line":53,"column":null}},"line":50},"5":{"name":"(anonymous_5)","decl":{"start":{"line":52,"column":34},"end":{"line":52,"column":35}},"loc":{"start":{"line":52,"column":47},"end":{"line":52,"column":68}},"line":52},"6":{"name":"buildCheckRunner","decl":{"start":{"line":60,"column":9},"end":{"line":60,"column":26}},"loc":{"start":{"line":60,"column":52},"end":{"line":95,"column":null}},"line":60},"7":{"name":"(anonymous_7)","decl":{"start":{"line":64,"column":35},"end":{"line":64,"column":36}},"loc":{"start":{"line":64,"column":42},"end":{"line":64,"column":59}},"line":64},"8":{"name":"(anonymous_8)","decl":{"start":{"line":65,"column":32},"end":{"line":65,"column":33}},"loc":{"start":{"line":65,"column":39},"end":{"line":65,"column":56}},"line":65},"9":{"name":"(anonymous_9)","decl":{"start":{"line":74,"column":32},"end":{"line":74,"column":33}},"loc":{"start":{"line":74,"column":39},"end":{"line":74,"column":47}},"line":74},"10":{"name":"(anonymous_10)","decl":{"start":{"line":75,"column":31},"end":{"line":75,"column":32}},"loc":{"start":{"line":75,"column":38},"end":{"line":75,"column":68}},"line":75},"11":{"name":"compileBlocks","decl":{"start":{"line":104,"column":16},"end":{"line":104,"column":30}},"loc":{"start":{"line":104,"column":74},"end":{"line":162,"column":null}},"line":104},"12":{"name":"(anonymous_12)","decl":{"start":{"line":106,"column":12},"end":{"line":106,"column":13}},"loc":{"start":{"line":106,"column":19},"end":{"line":106,"column":28}},"line":106},"13":{"name":"(anonymous_13)","decl":{"start":{"line":107,"column":10},"end":{"line":107,"column":11}},"loc":{"start":{"line":107,"column":20},"end":{"line":107,"column":37}},"line":107},"14":{"name":"(anonymous_14)","decl":{"start":{"line":111,"column":9},"end":{"line":111,"column":10}},"loc":{"start":{"line":111,"column":17},"end":{"line":111,"column":49}},"line":111},"15":{"name":"(anonymous_15)","decl":{"start":{"line":117,"column":9},"end":{"line":117,"column":10}},"loc":{"start":{"line":117,"column":20},"end":{"line":137,"column":5}},"line":117}},"branchMap":{"0":{"loc":{"start":{"line":62,"column":2},"end":{"line":62,"column":null}},"type":"if","locations":[{"start":{"line":62,"column":2},"end":{"line":62,"column":null}},{"start":{},"end":{}}],"line":62},"1":{"loc":{"start":{"line":111,"column":17},"end":{"line":111,"column":49}},"type":"cond-expr","locations":[{"start":{"line":111,"column":25},"end":{"line":111,"column":46}},{"start":{"line":111,"column":46},"end":{"line":111,"column":49}}],"line":111},"2":{"loc":{"start":{"line":140,"column":39},"end":{"line":140,"column":51}},"type":"binary-expr","locations":[{"start":{"line":140,"column":39},"end":{"line":140,"column":49}},{"start":{"line":140,"column":49},"end":{"line":140,"column":51}}],"line":140}},"s":{"0":35,"1":1,"2":32,"3":35,"4":3,"5":3,"6":18,"7":18,"8":84,"9":27,"10":27,"11":24,"12":3,"13":3,"14":3,"15":3,"16":3,"17":3,"18":3,"19":27,"20":36,"21":13,"22":27,"23":32,"24":27,"25":32,"26":32,"27":32,"28":32,"29":27,"30":27},"f":{"0":35,"1":1,"2":32,"3":35,"4":18,"5":84,"6":27,"7":3,"8":3,"9":3,"10":3,"11":27,"12":36,"13":13,"14":32,"15":32},"b":{"0":[24,3],"1":[1,31],"2":[27,18]},"meta":{"lastBranch":3,"lastFunction":16,"lastStatement":31,"seen":{"f:6:9:6:24":0,"s:7:2:14:Infinity":0,"f:18:9:18:21":1,"s:19:2:19:Infinity":1,"f:23:9:23:25":2,"s:24:2:24:Infinity":2,"f:28:9:28:24":3,"s:29:2:29:Infinity":3,"s:33:12:33:Infinity":4,"s:36:28:48:Infinity":5,"f:50:9:50:31":4,"s:51:18:51:Infinity":6,"s:52:2:52:Infinity":7,"f:52:34:52:35":5,"s:52:47:52:68":8,"f:60:9:60:26":6,"s:61:21:61:Infinity":9,"b:62:2:62:Infinity:undefined:undefined:undefined:undefined":0,"s:62:2:62:Infinity":10,"s:62:31:62:Infinity":11,"s:64:20:64:Infinity":12,"f:64:35:64:36":7,"s:64:42:64:59":13,"s:65:18:65:Infinity":14,"f:65:32:65:33":8,"s:65:39:65:56":15,"s:66:2:75:Infinity":16,"f:74:32:74:33":9,"s:74:39:74:47":17,"f:75:31:75:32":10,"s:75:38:75:68":18,"f:104:16:104:30":11,"s:105:18:107:Infinity":19,"f:106:12:106:13":12,"s:106:19:106:28":20,"f:107:10:107:11":13,"s:107:20:107:37":21,"s:110:14:113:Infinity":22,"f:111:9:111:10":14,"s:111:17:111:49":23,"b:111:25:111:46:111:46:111:49":1,"s:116:23:138:Infinity":24,"f:117:9:117:10":15,"s:118:19:118:Infinity":25,"s:119:21:119:Infinity":26,"s:120:24:120:Infinity":27,"s:121:6:132:Infinity":28,"s:140:22:140:Infinity":29,"b:140:39:140:49:140:49:140:51":2,"s:142:2:158:Infinity":30}}}
,"/Users/danleemh/ai/apps/inspiror.feature-starter-template-gallery/frontend/src/compiler/substituteParams.ts": {"path":"/Users/danleemh/ai/apps/inspiror.feature-starter-template-gallery/frontend/src/compiler/substituteParams.ts","statementMap":{"0":{"start":{"line":11,"column":15},"end":{"line":11,"column":null}},"1":{"start":{"line":12,"column":2},"end":{"line":29,"column":null}},"2":{"start":{"line":13,"column":24},"end":{"line":13,"column":null}},"3":{"start":{"line":14,"column":4},"end":{"line":14,"column":null}},"4":{"start":{"line":14,"column":39},"end":{"line":14,"column":null}},"5":{"start":{"line":17,"column":4},"end":{"line":26,"column":null}},"6":{"start":{"line":19,"column":6},"end":{"line":19,"column":null}},"7":{"start":{"line":20,"column":4},"end":{"line":26,"column":null}},"8":{"start":{"line":21,"column":6},"end":{"line":21,"column":null}},"9":{"start":{"line":24,"column":18},"end":{"line":24,"column":null}},"10":{"start":{"line":25,"column":6},"end":{"line":25,"column":null}},"11":{"start":{"line":28,"column":4},"end":{"line":28,"column":null}},"12":{"start":{"line":30,"column":2},"end":{"line":30,"column":null}}},"fnMap":{"0":{"name":"substituteParams","decl":{"start":{"line":7,"column":16},"end":{"line":7,"column":null}},"loc":{"start":{"line":10,"column":10},"end":{"line":31,"column":null}},"line":10}},"branchMap":{"0":{"loc":{"start":{"line":14,"column":4},"end":{"line":14,"column":null}},"type":"if","locations":[{"start":{"line":14,"column":4},"end":{"line":14,"column":null}},{"start":{},"end":{}}],"line":14},"1":{"loc":{"start":{"line":17,"column":4},"end":{"line":26,"column":null}},"type":"if","locations":[{"start":{"line":17,"column":4},"end":{"line":26,"column":null}},{"start":{"line":20,"column":4},"end":{"line":26,"column":null}}],"line":17},"2":{"loc":{"start":{"line":20,"column":4},"end":{"line":26,"column":null}},"type":"if","locations":[{"start":{"line":20,"column":4},"end":{"line":26,"column":null}},{"start":{"line":22,"column":11},"end":{"line":26,"column":null}}],"line":20},"3":{"loc":{"start":{"line":21,"column":20},"end":{"line":21,"column":null}},"type":"cond-expr","locations":[{"start":{"line":21,"column":34},"end":{"line":21,"column":43}},{"start":{"line":21,"column":43},"end":{"line":21,"column":null}}],"line":21},"4":{"loc":{"start":{"line":25,"column":20},"end":{"line":25,"column":null}},"type":"cond-expr","locations":[{"start":{"line":25,"column":43},"end":{"line":25,"column":57}},{"start":{"line":25,"column":57},"end":{"line":25,"column":null}}],"line":25}},"s":{"0":39,"1":39,"2":32,"3":32,"4":1,"5":31,"6":17,"7":14,"8":1,"9":13,"10":13,"11":31,"12":39},"f":{"0":39},"b":{"0":[1,31],"1":[17,14],"2":[1,13],"3":[1,0],"4":[12,1]},"meta":{"lastBranch":5,"lastFunction":1,"lastStatement":13,"seen":{"f:7:16:7:Infinity":0,"s:11:15:11:Infinity":0,"s:12:2:29:Infinity":1,"s:13:24:13:Infinity":2,"b:14:4:14:Infinity:undefined:undefined:undefined:undefined":0,"s:14:4:14:Infinity":3,"s:14:39:14:Infinity":4,"b:17:4:26:Infinity:20:4:26:Infinity":1,"s:17:4:26:Infinity":5,"s:19:6:19:Infinity":6,"b:20:4:26:Infinity:22:11:26:Infinity":2,"s:20:4:26:Infinity":7,"s:21:6:21:Infinity":8,"b:21:34:21:43:21:43:21:Infinity":3,"s:24:18:24:Infinity":9,"s:25:6:25:Infinity":10,"b:25:43:25:57:25:57:25:Infinity":4,"s:28:4:28:Infinity":11,"s:30:2:30:Infinity":12}}}
,"/Users/danleemh/ai/apps/inspiror.feature-starter-template-gallery/frontend/src/components/AchievementModal.tsx": {"path":"/Users/danleemh/ai/apps/inspiror.feature-starter-template-gallery/frontend/src/components/AchievementModal.tsx","statementMap":{"0":{"start":{"line":18,"column":8},"end":{"line":18,"column":null}},"1":{"start":{"line":20,"column":2},"end":{"line":28,"column":null}},"2":{"start":{"line":21,"column":4},"end":{"line":21,"column":null}},"3":{"start":{"line":21,"column":22},"end":{"line":21,"column":null}},"4":{"start":{"line":22,"column":4},"end":{"line":22,"column":null}},"5":{"start":{"line":23,"column":26},"end":{"line":25,"column":null}},"6":{"start":{"line":24,"column":6},"end":{"line":24,"column":null}},"7":{"start":{"line":24,"column":30},"end":{"line":24,"column":null}},"8":{"start":{"line":26,"column":4},"end":{"line":26,"column":null}},"9":{"start":{"line":27,"column":4},"end":{"line":27,"column":null}},"10":{"start":{"line":27,"column":17},"end":{"line":27,"column":null}},"11":{"start":{"line":30,"column":2},"end":{"line":30,"column":null}},"12":{"start":{"line":30,"column":20},"end":{"line":30,"column":null}},"13":{"start":{"line":32,"column":2},"end":{"line":66,"column":null}},"14":{"start":{"line":43,"column":24},"end":{"line":43,"column":null}}},"fnMap":{"0":{"name":"AchievementModal","decl":{"start":{"line":13,"column":16},"end":{"line":13,"column":33}},"loc":{"start":{"line":17,"column":26},"end":{"line":68,"column":null}},"line":17},"1":{"name":"(anonymous_1)","decl":{"start":{"line":20,"column":12},"end":{"line":20,"column":18}},"loc":{"start":{"line":20,"column":18},"end":{"line":28,"column":5}},"line":20},"2":{"name":"(anonymous_2)","decl":{"start":{"line":23,"column":26},"end":{"line":23,"column":27}},"loc":{"start":{"line":23,"column":48},"end":{"line":25,"column":null}},"line":23},"3":{"name":"(anonymous_3)","decl":{"start":{"line":27,"column":11},"end":{"line":27,"column":17}},"loc":{"start":{"line":27,"column":17},"end":{"line":27,"column":null}},"line":27},"4":{"name":"(anonymous_4)","decl":{"start":{"line":43,"column":17},"end":{"line":43,"column":18}},"loc":{"start":{"line":43,"column":24},"end":{"line":43,"column":null}},"line":43}},"branchMap":{"0":{"loc":{"start":{"line":21,"column":4},"end":{"line":21,"column":null}},"type":"if","locations":[{"start":{"line":21,"column":4},"end":{"line":21,"column":null}},{"start":{},"end":{}}],"line":21},"1":{"loc":{"start":{"line":24,"column":6},"end":{"line":24,"column":null}},"type":"if","locations":[{"start":{"line":24,"column":6},"end":{"line":24,"column":null}},{"start":{},"end":{}}],"line":24},"2":{"loc":{"start":{"line":30,"column":2},"end":{"line":30,"column":null}},"type":"if","locations":[{"start":{"line":30,"column":2},"end":{"line":30,"column":null}},{"start":{},"end":{}}],"line":30}},"s":{"0":143,"1":143,"2":57,"3":45,"4":12,"5":57,"6":1,"7":1,"8":57,"9":57,"10":12,"11":143,"12":126,"13":17,"14":1},"f":{"0":143,"1":57,"2":1,"3":12,"4":1},"b":{"0":[45,12],"1":[1,0],"2":[126,17]},"meta":{"lastBranch":3,"lastFunction":5,"lastStatement":15,"seen":{"f:13:16:13:33":0,"s:18:8:18:Infinity":0,"s:20:2:28:Infinity":1,"f:20:12:20:18":1,"b:21:4:21:Infinity:undefined:undefined:undefined:undefined":0,"s:21:4:21:Infinity":2,"s:21:22:21:Infinity":3,"s:22:4:22:Infinity":4,"s:23:26:25:Infinity":5,"f:23:26:23:27":2,"b:24:6:24:Infinity:undefined:undefined:undefined:undefined":1,"s:24:6:24:Infinity":6,"s:24:30:24:Infinity":7,"s:26:4:26:Infinity":8,"s:27:4:27:Infinity":9,"f:27:11:27:17":3,"s:27:17:27:Infinity":10,"b:30:2:30:Infinity:undefined:undefined:undefined:undefined":2,"s:30:2:30:Infinity":11,"s:30:20:30:Infinity":12,"s:32:2:66:Infinity":13,"f:43:17:43:18":4,"s:43:24:43:Infinity":14}}}
,"/Users/danleemh/ai/apps/inspiror.feature-starter-template-gallery/frontend/src/components/BackgroundBubbles.tsx": {"path":"/Users/danleemh/ai/apps/inspiror.feature-starter-template-gallery/frontend/src/components/BackgroundBubbles.tsx","statementMap":{"0":{"start":{"line":3,"column":21},"end":{"line":10,"column":null}},"1":{"start":{"line":13,"column":8},"end":{"line":34,"column":null}},"2":{"start":{"line":14,"column":4},"end":{"line":33,"column":null}},"3":{"start":{"line":15,"column":19},"end":{"line":15,"column":null}},"4":{"start":{"line":16,"column":19},"end":{"line":16,"column":null}},"5":{"start":{"line":17,"column":32},"end":{"line":17,"column":null}},"6":{"start":{"line":18,"column":29},"end":{"line":18,"column":null}},"7":{"start":{"line":19,"column":20},"end":{"line":19,"column":null}},"8":{"start":{"line":22,"column":29},"end":{"line":22,"column":null}},"9":{"start":{"line":24,"column":6},"end":{"line":32,"column":null}},"10":{"start":{"line":36,"column":2},"end":{"line":60,"column":null}},"11":{"start":{"line":39,"column":8},"end":{"line":58,"column":null}}},"fnMap":{"0":{"name":"BackgroundBubbles","decl":{"start":{"line":12,"column":16},"end":{"line":12,"column":36}},"loc":{"start":{"line":12,"column":36},"end":{"line":62,"column":null}},"line":12},"1":{"name":"(anonymous_1)","decl":{"start":{"line":13,"column":26},"end":{"line":13,"column":32}},"loc":{"start":{"line":13,"column":32},"end":{"line":34,"column":5}},"line":13},"2":{"name":"(anonymous_2)","decl":{"start":{"line":14,"column":42},"end":{"line":14,"column":43}},"loc":{"start":{"line":14,"column":52},"end":{"line":33,"column":5}},"line":14},"3":{"name":"(anonymous_3)","decl":{"start":{"line":38,"column":19},"end":{"line":38,"column":20}},"loc":{"start":{"line":39,"column":8},"end":{"line":58,"column":null}},"line":39}},"branchMap":{},"s":{"0":1,"1":136,"2":44,"3":880,"4":880,"5":880,"6":880,"7":880,"8":880,"9":880,"10":136,"11":2720},"f":{"0":136,"1":44,"2":880,"3":2720},"b":{},"meta":{"lastBranch":0,"lastFunction":4,"lastStatement":12,"seen":{"s:3:21:10:Infinity":0,"f:12:16:12:36":0,"s:13:8:34:Infinity":1,"f:13:26:13:32":1,"s:14:4:33:Infinity":2,"f:14:42:14:43":2,"s:15:19:15:Infinity":3,"s:16:19:16:Infinity":4,"s:17:32:17:Infinity":5,"s:18:29:18:Infinity":6,"s:19:20:19:Infinity":7,"s:22:29:22:Infinity":8,"s:24:6:32:Infinity":9,"s:36:2:60:Infinity":10,"f:38:19:38:20":3,"s:39:8:58:Infinity":11}}}
,"/Users/danleemh/ai/apps/inspiror.feature-starter-template-gallery/frontend/src/components/BadgeGallery.tsx": {"path":"/Users/danleemh/ai/apps/inspiror.feature-starter-template-gallery/frontend/src/components/BadgeGallery.tsx","statementMap":{"0":{"start":{"line":37,"column":8},"end":{"line":37,"column":null}},"1":{"start":{"line":39,"column":2},"end":{"line":47,"column":null}},"2":{"start":{"line":40,"column":4},"end":{"line":40,"column":null}},"3":{"start":{"line":40,"column":17},"end":{"line":40,"column":null}},"4":{"start":{"line":41,"column":4},"end":{"line":41,"column":null}},"5":{"start":{"line":42,"column":26},"end":{"line":44,"column":null}},"6":{"start":{"line":43,"column":6},"end":{"line":43,"column":null}},"7":{"start":{"line":43,"column":30},"end":{"line":43,"column":null}},"8":{"start":{"line":45,"column":4},"end":{"line":45,"column":null}},"9":{"start":{"line":46,"column":4},"end":{"line":46,"column":null}},"10":{"start":{"line":46,"column":17},"end":{"line":46,"column":null}},"11":{"start":{"line":49,"column":2},"end":{"line":49,"column":null}},"12":{"start":{"line":49,"column":15},"end":{"line":49,"column":null}},"13":{"start":{"line":51,"column":2},"end":{"line":172,"column":null}},"14":{"start":{"line":62,"column":24},"end":{"line":62,"column":null}},"15":{"start":{"line":110,"column":29},"end":{"line":110,"column":null}},"16":{"start":{"line":111,"column":12},"end":{"line":125,"column":null}},"17":{"start":{"line":136,"column":31},"end":{"line":136,"column":null}},"18":{"start":{"line":136,"column":59},"end":{"line":136,"column":77}},"19":{"start":{"line":137,"column":31},"end":{"line":137,"column":null}},"20":{"start":{"line":138,"column":12},"end":{"line":167,"column":null}},"21":{"start":{"line":141,"column":31},"end":{"line":141,"column":null}}},"fnMap":{"0":{"name":"BadgeGallery","decl":{"start":{"line":27,"column":16},"end":{"line":27,"column":29}},"loc":{"start":{"line":36,"column":22},"end":{"line":174,"column":null}},"line":36},"1":{"name":"(anonymous_1)","decl":{"start":{"line":39,"column":12},"end":{"line":39,"column":18}},"loc":{"start":{"line":39,"column":18},"end":{"line":47,"column":5}},"line":39},"2":{"name":"(anonymous_2)","decl":{"start":{"line":42,"column":26},"end":{"line":42,"column":27}},"loc":{"start":{"line":42,"column":48},"end":{"line":44,"column":null}},"line":42},"3":{"name":"(anonymous_3)","decl":{"start":{"line":46,"column":11},"end":{"line":46,"column":17}},"loc":{"start":{"line":46,"column":17},"end":{"line":46,"column":null}},"line":46},"4":{"name":"(anonymous_4)","decl":{"start":{"line":62,"column":17},"end":{"line":62,"column":18}},"loc":{"start":{"line":62,"column":24},"end":{"line":62,"column":null}},"line":62},"5":{"name":"(anonymous_5)","decl":{"start":{"line":109,"column":28},"end":{"line":109,"column":29}},"loc":{"start":{"line":109,"column":35},"end":{"line":127,"column":11}},"line":109},"6":{"name":"(anonymous_6)","decl":{"start":{"line":135,"column":29},"end":{"line":135,"column":30}},"loc":{"start":{"line":135,"column":41},"end":{"line":169,"column":11}},"line":135},"7":{"name":"(anonymous_7)","decl":{"start":{"line":136,"column":52},"end":{"line":136,"column":53}},"loc":{"start":{"line":136,"column":59},"end":{"line":136,"column":77}},"line":136},"8":{"name":"(anonymous_8)","decl":{"start":{"line":141,"column":25},"end":{"line":141,"column":31}},"loc":{"start":{"line":141,"column":31},"end":{"line":141,"column":null}},"line":141}},"branchMap":{"0":{"loc":{"start":{"line":40,"column":4},"end":{"line":40,"column":null}},"type":"if","locations":[{"start":{"line":40,"column":4},"end":{"line":40,"column":null}},{"start":{},"end":{}}],"line":40},"1":{"loc":{"start":{"line":43,"column":6},"end":{"line":43,"column":null}},"type":"if","locations":[{"start":{"line":43,"column":6},"end":{"line":43,"column":null}},{"start":{},"end":{}}],"line":43},"2":{"loc":{"start":{"line":49,"column":2},"end":{"line":49,"column":null}},"type":"if","locations":[{"start":{"line":49,"column":2},"end":{"line":49,"column":null}},{"start":{},"end":{}}],"line":49},"3":{"loc":{"start":{"line":115,"column":18},"end":{"line":117,"column":null}},"type":"cond-expr","locations":[{"start":{"line":116,"column":22},"end":{"line":116,"column":null}},{"start":{"line":117,"column":22},"end":{"line":117,"column":null}}],"line":115},"4":{"loc":{"start":{"line":120,"column":49},"end":{"line":120,"column":76}},"type":"cond-expr","locations":[{"start":{"line":120,"column":60},"end":{"line":120,"column":65}},{"start":{"line":120,"column":65},"end":{"line":120,"column":76}}],"line":120},"5":{"loc":{"start":{"line":141,"column":31},"end":{"line":141,"column":null}},"type":"binary-expr","locations":[{"start":{"line":141,"column":31},"end":{"line":141,"column":45}},{"start":{"line":141,"column":45},"end":{"line":141,"column":null}}],"line":141},"6":{"loc":{"start":{"line":144,"column":18},"end":{"line":148,"column":null}},"type":"cond-expr","locations":[{"start":{"line":145,"column":22},"end":{"line":145,"column":null}},{"start":{"line":146,"column":22},"end":{"line":148,"column":null}}],"line":144},"7":{"loc":{"start":{"line":146,"column":22},"end":{"line":148,"column":null}},"type":"cond-expr","locations":[{"start":{"line":147,"column":24},"end":{"line":147,"column":null}},{"start":{"line":148,"column":24},"end":{"line":148,"column":null}}],"line":146},"8":{"loc":{"start":{"line":151,"column":18},"end":{"line":153,"column":null}},"type":"cond-expr","locations":[{"start":{"line":152,"column":22},"end":{"line":152,"column":null}},{"start":{"line":153,"column":22},"end":{"line":153,"column":null}}],"line":151},"9":{"loc":{"start":{"line":156,"column":44},"end":{"line":156,"column":73}},"type":"cond-expr","locations":[{"start":{"line":156,"column":57},"end":{"line":156,"column":62}},{"start":{"line":156,"column":62},"end":{"line":156,"column":73}}],"line":156},"10":{"loc":{"start":{"line":162,"column":17},"end":{"line":165,"column":null}},"type":"binary-expr","locations":[{"start":{"line":162,"column":17},"end":{"line":162,"column":null}},{"start":{"line":163,"column":18},"end":{"line":165,"column":null}}],"line":162}},"s":{"0":143,"1":143,"2":143,"3":137,"4":6,"5":143,"6":1,"7":1,"8":143,"9":143,"10":6,"11":143,"12":137,"13":6,"14":0,"15":48,"16":48,"17":30,"18":30,"19":30,"20":30,"21":0},"f":{"0":143,"1":143,"2":1,"3":6,"4":0,"5":48,"6":30,"7":30,"8":0},"b":{"0":[137,6],"1":[1,0],"2":[137,6],"3":[0,48],"4":[0,48],"5":[0,0],"6":[6,24],"7":[0,24],"8":[6,24],"9":[6,24],"10":[30,24]},"meta":{"lastBranch":11,"lastFunction":9,"lastStatement":22,"seen":{"f:27:16:27:29":0,"s:37:8:37:Infinity":0,"s:39:2:47:Infinity":1,"f:39:12:39:18":1,"b:40:4:40:Infinity:undefined:undefined:undefined:undefined":0,"s:40:4:40:Infinity":2,"s:40:17:40:Infinity":3,"s:41:4:41:Infinity":4,"s:42:26:44:Infinity":5,"f:42:26:42:27":2,"b:43:6:43:Infinity:undefined:undefined:undefined:undefined":1,"s:43:6:43:Infinity":6,"s:43:30:43:Infinity":7,"s:45:4:45:Infinity":8,"s:46:4:46:Infinity":9,"f:46:11:46:17":3,"s:46:17:46:Infinity":10,"b:49:2:49:Infinity:undefined:undefined:undefined:undefined":2,"s:49:2:49:Infinity":11,"s:49:15:49:Infinity":12,"s:51:2:172:Infinity":13,"f:62:17:62:18":4,"s:62:24:62:Infinity":14,"f:109:28:109:29":5,"s:110:29:110:Infinity":15,"s:111:12:125:Infinity":16,"b:116:22:116:Infinity:117:22:117:Infinity":3,"b:120:60:120:65:120:65:120:76":4,"f:135:29:135:30":6,"s:136:31:136:Infinity":17,"f:136:52:136:53":7,"s:136:59:136:77":18,"s:137:31:137:Infinity":19,"s:138:12:167:Infinity":20,"f:141:25:141:31":8,"s:141:31:141:Infinity":21,"b:141:31:141:45:141:45:141:Infinity":5,"b:145:22:145:Infinity:146:22:148:Infinity":6,"b:147:24:147:Infinity:148:24:148:Infinity":7,"b:152:22:152:Infinity:153:22:153:Infinity":8,"b:156:57:156:62:156:62:156:73":9,"b:162:17:162:Infinity:163:18:165:Infinity":10}}}
,"/Users/danleemh/ai/apps/inspiror.feature-starter-template-gallery/frontend/src/components/BuildingOverlay.tsx": {"path":"/Users/danleemh/ai/apps/inspiror.feature-starter-template-gallery/frontend/src/components/BuildingOverlay.tsx","statementMap":{"0":{"start":{"line":11,"column":22},"end":{"line":11,"column":null}},"1":{"start":{"line":19,"column":32},"end":{"line":19,"column":null}},"2":{"start":{"line":21,"column":2},"end":{"line":30,"column":null}},"3":{"start":{"line":22,"column":4},"end":{"line":22,"column":null}},"4":{"start":{"line":22,"column":42},"end":{"line":22,"column":null}},"5":{"start":{"line":24,"column":4},"end":{"line":24,"column":null}},"6":{"start":{"line":25,"column":21},"end":{"line":27,"column":null}},"7":{"start":{"line":26,"column":6},"end":{"line":26,"column":null}},"8":{"start":{"line":26,"column":20},"end":{"line":26,"column":54}},"9":{"start":{"line":29,"column":4},"end":{"line":29,"column":null}},"10":{"start":{"line":29,"column":17},"end":{"line":29,"column":null}},"11":{"start":{"line":32,"column":2},"end":{"line":32,"column":null}},"12":{"start":{"line":32,"column":18},"end":{"line":32,"column":null}},"13":{"start":{"line":34,"column":22},"end":{"line":34,"column":null}},"14":{"start":{"line":36,"column":2},"end":{"line":79,"column":null}}},"fnMap":{"0":{"name":"BuildingOverlay","decl":{"start":{"line":13,"column":16},"end":{"line":13,"column":32}},"loc":{"start":{"line":18,"column":25},"end":{"line":81,"column":null}},"line":18},"1":{"name":"(anonymous_1)","decl":{"start":{"line":21,"column":12},"end":{"line":21,"column":18}},"loc":{"start":{"line":21,"column":18},"end":{"line":30,"column":5}},"line":21},"2":{"name":"(anonymous_2)","decl":{"start":{"line":25,"column":33},"end":{"line":25,"column":39}},"loc":{"start":{"line":25,"column":39},"end":{"line":27,"column":7}},"line":25},"3":{"name":"(anonymous_3)","decl":{"start":{"line":26,"column":19},"end":{"line":26,"column":20}},"loc":{"start":{"line":26,"column":20},"end":{"line":26,"column":54}},"line":26},"4":{"name":"(anonymous_4)","decl":{"start":{"line":29,"column":11},"end":{"line":29,"column":17}},"loc":{"start":{"line":29,"column":17},"end":{"line":29,"column":null}},"line":29}},"branchMap":{"0":{"loc":{"start":{"line":16,"column":2},"end":{"line":16,"column":null}},"type":"default-arg","locations":[{"start":{"line":16,"column":20},"end":{"line":16,"column":null}}],"line":16},"1":{"loc":{"start":{"line":22,"column":4},"end":{"line":22,"column":null}},"type":"if","locations":[{"start":{"line":22,"column":4},"end":{"line":22,"column":null}},{"start":{},"end":{}}],"line":22},"2":{"loc":{"start":{"line":22,"column":8},"end":{"line":22,"column":42}},"type":"binary-expr","locations":[{"start":{"line":22,"column":8},"end":{"line":22,"column":22}},{"start":{"line":22,"column":22},"end":{"line":22,"column":42}}],"line":22},"3":{"loc":{"start":{"line":32,"column":2},"end":{"line":32,"column":null}},"type":"if","locations":[{"start":{"line":32,"column":2},"end":{"line":32,"column":null}},{"start":{},"end":{}}],"line":32},"4":{"loc":{"start":{"line":34,"column":22},"end":{"line":34,"column":null}},"type":"binary-expr","locations":[{"start":{"line":34,"column":22},"end":{"line":34,"column":42}},{"start":{"line":34,"column":42},"end":{"line":34,"column":null}}],"line":34},"5":{"loc":{"start":{"line":64,"column":9},"end":{"line":76,"column":null}},"type":"binary-expr","locations":[{"start":{"line":64,"column":9},"end":{"line":64,"column":null}},{"start":{"line":65,"column":10},"end":{"line":76,"column":null}}],"line":64}},"s":{"0":2,"1":145,"2":145,"3":50,"4":42,"5":8,"6":8,"7":5,"8":5,"9":8,"10":8,"11":145,"12":128,"13":17,"14":145},"f":{"0":145,"1":50,"2":5,"3":5,"4":8},"b":{"0":[145],"1":[42,8],"2":[50,9],"3":[128,17],"4":[17,1],"5":[145,16]},"meta":{"lastBranch":6,"lastFunction":5,"lastStatement":15,"seen":{"s:11:22:11:Infinity":0,"f:13:16:13:32":0,"b:16:20:16:Infinity":0,"s:19:32:19:Infinity":1,"s:21:2:30:Infinity":2,"f:21:12:21:18":1,"b:22:4:22:Infinity:undefined:undefined:undefined:undefined":1,"s:22:4:22:Infinity":3,"b:22:8:22:22:22:22:22:42":2,"s:22:42:22:Infinity":4,"s:24:4:24:Infinity":5,"s:25:21:27:Infinity":6,"f:25:33:25:39":2,"s:26:6:26:Infinity":7,"f:26:19:26:20":3,"s:26:20:26:54":8,"s:29:4:29:Infinity":9,"f:29:11:29:17":4,"s:29:17:29:Infinity":10,"b:32:2:32:Infinity:undefined:undefined:undefined:undefined":3,"s:32:2:32:Infinity":11,"s:32:18:32:Infinity":12,"s:34:22:34:Infinity":13,"b:34:22:34:42:34:42:34:Infinity":4,"s:36:2:79:Infinity":14,"b:64:9:64:Infinity:65:10:76:Infinity":5}}}
,"/Users/danleemh/ai/apps/inspiror.feature-starter-template-gallery/frontend/src/components/ChatHeader.tsx": {"path":"/Users/danleemh/ai/apps/inspiror.feature-starter-template-gallery/frontend/src/components/ChatHeader.tsx","statementMap":{"0":{"start":{"line":20,"column":61},"end":{"line":26,"column":null}},"1":{"start":{"line":28,"column":52},"end":{"line":34,"column":null}},"2":{"start":{"line":79,"column":40},"end":{"line":79,"column":null}},"3":{"start":{"line":80,"column":23},"end":{"line":80,"column":null}},"4":{"start":{"line":82,"column":2},"end":{"line":180,"column":null}}},"fnMap":{"0":{"name":"ChatHeader","decl":{"start":{"line":63,"column":16},"end":{"line":63,"column":27}},"loc":{"start":{"line":78,"column":20},"end":{"line":182,"column":null}},"line":78}},"branchMap":{"0":{"loc":{"start":{"line":69,"column":2},"end":{"line":69,"column":null}},"type":"default-arg","locations":[{"start":{"line":69,"column":12},"end":{"line":69,"column":null}}],"line":69},"1":{"loc":{"start":{"line":79,"column":40},"end":{"line":79,"column":null}},"type":"cond-expr","locations":[{"start":{"line":79,"column":52},"end":{"line":79,"column":65}},{"start":{"line":79,"column":65},"end":{"line":79,"column":null}}],"line":79},"2":{"loc":{"start":{"line":104,"column":11},"end":{"line":111,"column":null}},"type":"binary-expr","locations":[{"start":{"line":104,"column":11},"end":{"line":104,"column":null}},{"start":{"line":105,"column":12},"end":{"line":111,"column":null}}],"line":104},"3":{"loc":{"start":{"line":133,"column":12},"end":{"line":133,"column":null}},"type":"cond-expr","locations":[{"start":{"line":133,"column":35},"end":{"line":133,"column":69}},{"start":{"line":133,"column":69},"end":{"line":133,"column":null}}],"line":133},"4":{"loc":{"start":{"line":138,"column":11},"end":{"line":138,"column":null}},"type":"cond-expr","locations":[{"start":{"line":138,"column":34},"end":{"line":138,"column":41}},{"start":{"line":138,"column":41},"end":{"line":138,"column":null}}],"line":138},"5":{"loc":{"start":{"line":138,"column":41},"end":{"line":138,"column":null}},"type":"cond-expr","locations":[{"start":{"line":138,"column":64},"end":{"line":138,"column":71}},{"start":{"line":138,"column":71},"end":{"line":138,"column":null}}],"line":138},"6":{"loc":{"start":{"line":143,"column":12},"end":{"line":145,"column":null}},"type":"cond-expr","locations":[{"start":{"line":144,"column":16},"end":{"line":144,"column":null}},{"start":{"line":145,"column":16},"end":{"line":145,"column":null}}],"line":143},"7":{"loc":{"start":{"line":148,"column":12},"end":{"line":148,"column":null}},"type":"cond-expr","locations":[{"start":{"line":148,"column":33},"end":{"line":148,"column":56}},{"start":{"line":148,"column":56},"end":{"line":148,"column":null}}],"line":148},"8":{"loc":{"start":{"line":156,"column":22},"end":{"line":156,"column":null}},"type":"cond-expr","locations":[{"start":{"line":156,"column":32},"end":{"line":156,"column":48}},{"start":{"line":156,"column":48},"end":{"line":156,"column":null}}],"line":156},"9":{"loc":{"start":{"line":159,"column":11},"end":{"line":162,"column":null}},"type":"cond-expr","locations":[{"start":{"line":160,"column":12},"end":{"line":160,"column":null}},{"start":{"line":162,"column":12},"end":{"line":162,"column":null}}],"line":159}},"s":{"0":2,"1":2,"2":147,"3":147,"4":147},"f":{"0":147},"b":{"0":[147],"1":[10,137],"2":[147,80],"3":[0,147],"4":[0,147],"5":[0,147],"6":[134,13],"7":[134,13],"8":[0,147],"9":[0,147]},"meta":{"lastBranch":10,"lastFunction":1,"lastStatement":5,"seen":{"s:20:61:26:Infinity":0,"s:28:52:34:Infinity":1,"f:63:16:63:27":0,"b:69:12:69:Infinity":0,"s:79:40:79:Infinity":2,"b:79:52:79:65:79:65:79:Infinity":1,"s:80:23:80:Infinity":3,"s:82:2:180:Infinity":4,"b:104:11:104:Infinity:105:12:111:Infinity":2,"b:133:35:133:69:133:69:133:Infinity":3,"b:138:34:138:41:138:41:138:Infinity":4,"b:138:64:138:71:138:71:138:Infinity":5,"b:144:16:144:Infinity:145:16:145:Infinity":6,"b:148:33:148:56:148:56:148:Infinity":7,"b:156:32:156:48:156:48:156:Infinity":8,"b:160:12:160:Infinity:162:12:162:Infinity":9}}}
,"/Users/danleemh/ai/apps/inspiror.feature-starter-template-gallery/frontend/src/components/ConfettiBurst.tsx": {"path":"/Users/danleemh/ai/apps/inspiror.feature-starter-template-gallery/frontend/src/components/ConfettiBurst.tsx","statementMap":{"0":{"start":{"line":8,"column":2},"end":{"line":8,"column":null}},"1":{"start":{"line":8,"column":13},"end":{"line":8,"column":null}},"2":{"start":{"line":10,"column":17},"end":{"line":17,"column":null}},"3":{"start":{"line":19,"column":2},"end":{"line":57,"column":null}},"4":{"start":{"line":25,"column":22},"end":{"line":25,"column":null}},"5":{"start":{"line":26,"column":22},"end":{"line":26,"column":null}},"6":{"start":{"line":27,"column":25},"end":{"line":27,"column":null}},"7":{"start":{"line":28,"column":19},"end":{"line":28,"column":null}},"8":{"start":{"line":29,"column":19},"end":{"line":29,"column":null}},"9":{"start":{"line":30,"column":20},"end":{"line":30,"column":null}},"10":{"start":{"line":31,"column":22},"end":{"line":31,"column":null}},"11":{"start":{"line":32,"column":25},"end":{"line":32,"column":null}},"12":{"start":{"line":33,"column":25},"end":{"line":33,"column":null}},"13":{"start":{"line":34,"column":22},"end":{"line":34,"column":null}},"14":{"start":{"line":35,"column":23},"end":{"line":35,"column":null}},"15":{"start":{"line":37,"column":8},"end":{"line":54,"column":null}}},"fnMap":{"0":{"name":"ConfettiBurst","decl":{"start":{"line":7,"column":16},"end":{"line":7,"column":30}},"loc":{"start":{"line":7,"column":60},"end":{"line":59,"column":null}},"line":7},"1":{"name":"(anonymous_1)","decl":{"start":{"line":24,"column":46},"end":{"line":24,"column":47}},"loc":{"start":{"line":24,"column":56},"end":{"line":56,"column":7}},"line":24}},"branchMap":{"0":{"loc":{"start":{"line":8,"column":2},"end":{"line":8,"column":null}},"type":"if","locations":[{"start":{"line":8,"column":2},"end":{"line":8,"column":null}},{"start":{},"end":{}}],"line":8},"1":{"loc":{"start":{"line":35,"column":23},"end":{"line":35,"column":null}},"type":"cond-expr","locations":[{"start":{"line":35,"column":34},"end":{"line":35,"column":42}},{"start":{"line":35,"column":42},"end":{"line":35,"column":null}}],"line":35},"2":{"loc":{"start":{"line":44,"column":30},"end":{"line":44,"column":null}},"type":"cond-expr","locations":[{"start":{"line":44,"column":41},"end":{"line":44,"column":49}},{"start":{"line":44,"column":49},"end":{"line":44,"column":null}}],"line":44}},"s":{"0":136,"1":121,"2":15,"3":15,"4":1200,"5":1200,"6":1200,"7":1200,"8":1200,"9":1200,"10":1200,"11":1200,"12":1200,"13":1200,"14":1200,"15":1200},"f":{"0":136,"1":1200},"b":{"0":[121,15],"1":[607,593],"2":[607,593]},"meta":{"lastBranch":3,"lastFunction":2,"lastStatement":16,"seen":{"f:7:16:7:30":0,"b:8:2:8:Infinity:undefined:undefined:undefined:undefined":0,"s:8:2:8:Infinity":0,"s:8:13:8:Infinity":1,"s:10:17:17:Infinity":2,"s:19:2:57:Infinity":3,"f:24:46:24:47":1,"s:25:22:25:Infinity":4,"s:26:22:26:Infinity":5,"s:27:25:27:Infinity":6,"s:28:19:28:Infinity":7,"s:29:19:29:Infinity":8,"s:30:20:30:Infinity":9,"s:31:22:31:Infinity":10,"s:32:25:32:Infinity":11,"s:33:25:33:Infinity":12,"s:34:22:34:Infinity":13,"s:35:23:35:Infinity":14,"b:35:34:35:42:35:42:35:Infinity":1,"s:37:8:54:Infinity":15,"b:44:41:44:49:44:49:44:Infinity":2}}}
,"/Users/danleemh/ai/apps/inspiror.feature-starter-template-gallery/frontend/src/components/EditorView.tsx": {"path":"/Users/danleemh/ai/apps/inspiror.feature-starter-template-gallery/frontend/src/components/EditorView.tsx","statementMap":{"0":{"start":{"line":24,"column":28},"end":{"line":24,"column":null}},"1":{"start":{"line":49,"column":12},"end":{"line":49,"column":null}},"2":{"start":{"line":50,"column":30},"end":{"line":58,"column":null}},"3":{"start":{"line":51,"column":4},"end":{"line":56,"column":null}},"4":{"start":{"line":55,"column":6},"end":{"line":55,"column":null}},"5":{"start":{"line":57,"column":4},"end":{"line":57,"column":null}},"6":{"start":{"line":59,"column":34},"end":{"line":59,"column":null}},"7":{"start":{"line":60,"column":36},"end":{"line":60,"column":null}},"8":{"start":{"line":61,"column":26},"end":{"line":63,"column":null}},"9":{"start":{"line":62,"column":10},"end":{"line":62,"column":null}},"10":{"start":{"line":62,"column":55},"end":{"line":62,"column":64}},"11":{"start":{"line":64,"column":40},"end":{"line":64,"column":null}},"12":{"start":{"line":65,"column":46},"end":{"line":65,"column":null}},"13":{"start":{"line":66,"column":38},"end":{"line":66,"column":null}},"14":{"start":{"line":67,"column":38},"end":{"line":67,"column":null}},"15":{"start":{"line":68,"column":8},"end":{"line":68,"column":null}},"16":{"start":{"line":69,"column":44},"end":{"line":71,"column":null}},"17":{"start":{"line":69,"column":57},"end":{"line":70,"column":null}},"18":{"start":{"line":72,"column":8},"end":{"line":72,"column":null}},"19":{"start":{"line":74,"column":8},"end":{"line":74,"column":null}},"20":{"start":{"line":75,"column":8},"end":{"line":75,"column":null}},"21":{"start":{"line":76,"column":8},"end":{"line":76,"column":null}},"22":{"start":{"line":77,"column":8},"end":{"line":77,"column":null}},"23":{"start":{"line":78,"column":8},"end":{"line":78,"column":null}},"24":{"start":{"line":79,"column":8},"end":{"line":79,"column":null}},"25":{"start":{"line":81,"column":2},"end":{"line":83,"column":null}},"26":{"start":{"line":82,"column":4},"end":{"line":82,"column":null}},"27":{"start":{"line":86,"column":2},"end":{"line":98,"column":null}},"28":{"start":{"line":87,"column":20},"end":{"line":87,"column":null}},"29":{"start":{"line":88,"column":4},"end":{"line":95,"column":null}},"30":{"start":{"line":92,"column":6},"end":{"line":92,"column":null}},"31":{"start":{"line":93,"column":4},"end":{"line":95,"column":null}},"32":{"start":{"line":94,"column":6},"end":{"line":94,"column":null}},"33":{"start":{"line":101,"column":2},"end":{"line":105,"column":null}},"34":{"start":{"line":102,"column":4},"end":{"line":104,"column":null}},"35":{"start":{"line":103,"column":6},"end":{"line":103,"column":null}},"36":{"start":{"line":103,"column":35},"end":{"line":103,"column":null}},"37":{"start":{"line":107,"column":2},"end":{"line":109,"column":null}},"38":{"start":{"line":108,"column":4},"end":{"line":108,"column":null}},"39":{"start":{"line":111,"column":77},"end":{"line":112,"column":null}},"40":{"start":{"line":121,"column":2},"end":{"line":121,"column":null}},"41":{"start":{"line":134,"column":2},"end":{"line":134,"column":null}},"42":{"start":{"line":135,"column":50},"end":{"line":135,"column":null}},"43":{"start":{"line":136,"column":8},"end":{"line":136,"column":null}},"44":{"start":{"line":136,"column":30},"end":{"line":136,"column":62}},"45":{"start":{"line":137,"column":8},"end":{"line":137,"column":null}},"46":{"start":{"line":138,"column":8},"end":{"line":138,"column":null}},"47":{"start":{"line":139,"column":8},"end":{"line":139,"column":null}},"48":{"start":{"line":140,"column":8},"end":{"line":140,"column":null}},"49":{"start":{"line":142,"column":2},"end":{"line":144,"column":null}},"50":{"start":{"line":143,"column":4},"end":{"line":143,"column":null}},"51":{"start":{"line":146,"column":2},"end":{"line":148,"column":null}},"52":{"start":{"line":147,"column":4},"end":{"line":147,"column":null}},"53":{"start":{"line":150,"column":2},"end":{"line":152,"column":null}},"54":{"start":{"line":151,"column":4},"end":{"line":151,"column":null}},"55":{"start":{"line":154,"column":2},"end":{"line":156,"column":null}},"56":{"start":{"line":155,"column":4},"end":{"line":155,"column":null}},"57":{"start":{"line":158,"column":2},"end":{"line":162,"column":null}},"58":{"start":{"line":159,"column":4},"end":{"line":161,"column":null}},"59":{"start":{"line":160,"column":6},"end":{"line":160,"column":null}},"60":{"start":{"line":164,"column":8},"end":{"line":176,"column":null}},"61":{"start":{"line":166,"column":6},"end":{"line":168,"column":null}},"62":{"start":{"line":167,"column":8},"end":{"line":167,"column":null}},"63":{"start":{"line":169,"column":6},"end":{"line":169,"column":null}},"64":{"start":{"line":170,"column":6},"end":{"line":173,"column":null}},"65":{"start":{"line":171,"column":8},"end":{"line":171,"column":null}},"66":{"start":{"line":172,"column":8},"end":{"line":172,"column":null}},"67":{"start":{"line":178,"column":36},"end":{"line":218,"column":null}},"68":{"start":{"line":182,"column":6},"end":{"line":188,"column":null}},"69":{"start":{"line":183,"column":8},"end":{"line":186,"column":null}},"70":{"start":{"line":183,"column":30},"end":{"line":186,"column":9}},"71":{"start":{"line":187,"column":8},"end":{"line":187,"column":null}},"72":{"start":{"line":189,"column":6},"end":{"line":200,"column":null}},"73":{"start":{"line":194,"column":26},"end":{"line":194,"column":null}},"74":{"start":{"line":195,"column":8},"end":{"line":197,"column":null}},"75":{"start":{"line":198,"column":8},"end":{"line":198,"column":null}},"76":{"start":{"line":199,"column":8},"end":{"line":199,"column":null}},"77":{"start":{"line":201,"column":6},"end":{"line":201,"column":null}},"78":{"start":{"line":202,"column":6},"end":{"line":202,"column":null}},"79":{"start":{"line":204,"column":6},"end":{"line":206,"column":null}},"80":{"start":{"line":205,"column":8},"end":{"line":205,"column":null}},"81":{"start":{"line":207,"column":6},"end":{"line":207,"column":null}},"82":{"start":{"line":208,"column":6},"end":{"line":211,"column":null}},"83":{"start":{"line":209,"column":8},"end":{"line":209,"column":null}},"84":{"start":{"line":210,"column":8},"end":{"line":210,"column":null}},"85":{"start":{"line":212,"column":6},"end":{"line":212,"column":null}},"86":{"start":{"line":215,"column":6},"end":{"line":215,"column":null}},"87":{"start":{"line":216,"column":6},"end":{"line":216,"column":null}},"88":{"start":{"line":216,"column":28},"end":{"line":216,"column":78}},"89":{"start":{"line":220,"column":28},"end":{"line":234,"column":null}},"90":{"start":{"line":231,"column":12},"end":{"line":231,"column":null}},"91":{"start":{"line":236,"column":23},"end":{"line":243,"column":null}},"92":{"start":{"line":240,"column":6},"end":{"line":240,"column":null}},"93":{"start":{"line":241,"column":6},"end":{"line":241,"column":null}},"94":{"start":{"line":245,"column":21},"end":{"line":261,"column":null}},"95":{"start":{"line":246,"column":4},"end":{"line":246,"column":null}},"96":{"start":{"line":246,"column":41},"end":{"line":246,"column":null}},"97":{"start":{"line":247,"column":4},"end":{"line":247,"column":null}},"98":{"start":{"line":248,"column":4},"end":{"line":248,"column":null}},"99":{"start":{"line":249,"column":4},"end":{"line":249,"column":null}},"100":{"start":{"line":250,"column":39},"end":{"line":253,"column":null}},"101":{"start":{"line":254,"column":4},"end":{"line":254,"column":null}},"102":{"start":{"line":255,"column":4},"end":{"line":255,"column":null}},"103":{"start":{"line":256,"column":4},"end":{"line":260,"column":null}},"104":{"start":{"line":263,"column":26},"end":{"line":276,"column":null}},"105":{"start":{"line":264,"column":4},"end":{"line":264,"column":null}},"106":{"start":{"line":264,"column":19},"end":{"line":264,"column":null}},"107":{"start":{"line":265,"column":4},"end":{"line":265,"column":null}},"108":{"start":{"line":266,"column":4},"end":{"line":266,"column":null}},"109":{"start":{"line":267,"column":4},"end":{"line":267,"column":null}},"110":{"start":{"line":268,"column":4},"end":{"line":268,"column":null}},"111":{"start":{"line":269,"column":39},"end":{"line":269,"column":null}},"112":{"start":{"line":270,"column":4},"end":{"line":270,"column":null}},"113":{"start":{"line":271,"column":4},"end":{"line":275,"column":null}},"114":{"start":{"line":278,"column":22},"end":{"line":291,"column":null}},"115":{"start":{"line":279,"column":4},"end":{"line":281,"column":null}},"116":{"start":{"line":280,"column":6},"end":{"line":280,"column":null}},"117":{"start":{"line":282,"column":4},"end":{"line":282,"column":null}},"118":{"start":{"line":283,"column":24},"end":{"line":283,"column":null}},"119":{"start":{"line":283,"column":51},"end":{"line":283,"column":60}},"120":{"start":{"line":284,"column":4},"end":{"line":284,"column":null}},"121":{"start":{"line":285,"column":4},"end":{"line":285,"column":null}},"122":{"start":{"line":286,"column":4},"end":{"line":286,"column":null}},"123":{"start":{"line":287,"column":4},"end":{"line":287,"column":null}},"124":{"start":{"line":288,"column":4},"end":{"line":288,"column":null}},"125":{"start":{"line":289,"column":4},"end":{"line":289,"column":null}},"126":{"start":{"line":290,"column":4},"end":{"line":290,"column":null}},"127":{"start":{"line":294,"column":8},"end":{"line":300,"column":null}},"128":{"start":{"line":296,"column":6},"end":{"line":296,"column":null}},"129":{"start":{"line":297,"column":6},"end":{"line":297,"column":null}},"130":{"start":{"line":304,"column":8},"end":{"line":304,"column":null}},"131":{"start":{"line":305,"column":2},"end":{"line":318,"column":null}},"132":{"start":{"line":306,"column":4},"end":{"line":309,"column":null}},"133":{"start":{"line":307,"column":6},"end":{"line":307,"column":null}},"134":{"start":{"line":308,"column":6},"end":{"line":308,"column":null}},"135":{"start":{"line":310,"column":4},"end":{"line":310,"column":null}},"136":{"start":{"line":310,"column":33},"end":{"line":310,"column":null}},"137":{"start":{"line":311,"column":4},"end":{"line":314,"column":null}},"138":{"start":{"line":312,"column":6},"end":{"line":312,"column":null}},"139":{"start":{"line":313,"column":6},"end":{"line":313,"column":null}},"140":{"start":{"line":315,"column":4},"end":{"line":317,"column":null}},"141":{"start":{"line":316,"column":6},"end":{"line":316,"column":null}},"142":{"start":{"line":316,"column":35},"end":{"line":316,"column":null}},"143":{"start":{"line":321,"column":4},"end":{"line":321,"column":null}},"144":{"start":{"line":323,"column":20},"end":{"line":323,"column":null}},"145":{"start":{"line":325,"column":8},"end":{"line":325,"column":null}},"146":{"start":{"line":327,"column":2},"end":{"line":329,"column":null}},"147":{"start":{"line":328,"column":4},"end":{"line":328,"column":null}},"148":{"start":{"line":331,"column":2},"end":{"line":339,"column":null}},"149":{"start":{"line":332,"column":4},"end":{"line":332,"column":null}},"150":{"start":{"line":332,"column":30},"end":{"line":332,"column":null}},"151":{"start":{"line":333,"column":4},"end":{"line":335,"column":null}},"152":{"start":{"line":334,"column":6},"end":{"line":334,"column":null}},"153":{"start":{"line":336,"column":4},"end":{"line":338,"column":null}},"154":{"start":{"line":337,"column":6},"end":{"line":337,"column":null}},"155":{"start":{"line":337,"column":32},"end":{"line":337,"column":null}},"156":{"start":{"line":341,"column":21},"end":{"line":341,"column":null}},"157":{"start":{"line":341,"column":42},"end":{"line":341,"column":51}},"158":{"start":{"line":343,"column":2},"end":{"line":459,"column":null}},"159":{"start":{"line":351,"column":30},"end":{"line":351,"column":null}},"160":{"start":{"line":367,"column":30},"end":{"line":367,"column":null}},"161":{"start":{"line":368,"column":32},"end":{"line":368,"column":null}},"162":{"start":{"line":403,"column":26},"end":{"line":403,"column":null}},"163":{"start":{"line":404,"column":28},"end":{"line":404,"column":null}},"164":{"start":{"line":433,"column":27},"end":{"line":433,"column":null}},"165":{"start":{"line":451,"column":23},"end":{"line":451,"column":null}}},"fnMap":{"0":{"name":"EditorView","decl":{"start":{"line":41,"column":16},"end":{"line":41,"column":27}},"loc":{"start":{"line":48,"column":20},"end":{"line":461,"column":null}},"line":48},"1":{"name":"(anonymous_1)","decl":{"start":{"line":50,"column":58},"end":{"line":50,"column":64}},"loc":{"start":{"line":50,"column":64},"end":{"line":58,"column":3}},"line":50},"2":{"name":"(anonymous_2)","decl":{"start":{"line":62,"column":4},"end":{"line":62,"column":10}},"loc":{"start":{"line":62,"column":10},"end":{"line":62,"column":null}},"line":62},"3":{"name":"(anonymous_3)","decl":{"start":{"line":62,"column":47},"end":{"line":62,"column":48}},"loc":{"start":{"line":62,"column":55},"end":{"line":62,"column":64}},"line":62},"4":{"name":"(anonymous_4)","decl":{"start":{"line":69,"column":57},"end":{"line":69,"column":null}},"loc":{"start":{"line":69,"column":57},"end":{"line":70,"column":null}},"line":69},"5":{"name":"(anonymous_5)","decl":{"start":{"line":81,"column":12},"end":{"line":81,"column":18}},"loc":{"start":{"line":81,"column":18},"end":{"line":83,"column":5}},"line":81},"6":{"name":"(anonymous_6)","decl":{"start":{"line":86,"column":12},"end":{"line":86,"column":18}},"loc":{"start":{"line":86,"column":18},"end":{"line":98,"column":5}},"line":86},"7":{"name":"(anonymous_7)","decl":{"start":{"line":101,"column":12},"end":{"line":101,"column":18}},"loc":{"start":{"line":101,"column":18},"end":{"line":105,"column":5}},"line":101},"8":{"name":"(anonymous_8)","decl":{"start":{"line":102,"column":11},"end":{"line":102,"column":17}},"loc":{"start":{"line":102,"column":17},"end":{"line":104,"column":null}},"line":102},"9":{"name":"(anonymous_9)","decl":{"start":{"line":107,"column":12},"end":{"line":107,"column":18}},"loc":{"start":{"line":107,"column":18},"end":{"line":109,"column":5}},"line":107},"10":{"name":"(anonymous_10)","decl":{"start":{"line":136,"column":30},"end":{"line":136,"column":36}},"loc":{"start":{"line":136,"column":30},"end":{"line":136,"column":62}},"line":136},"11":{"name":"(anonymous_11)","decl":{"start":{"line":142,"column":12},"end":{"line":142,"column":18}},"loc":{"start":{"line":142,"column":18},"end":{"line":144,"column":5}},"line":142},"12":{"name":"(anonymous_12)","decl":{"start":{"line":146,"column":12},"end":{"line":146,"column":18}},"loc":{"start":{"line":146,"column":18},"end":{"line":148,"column":5}},"line":146},"13":{"name":"(anonymous_13)","decl":{"start":{"line":150,"column":12},"end":{"line":150,"column":18}},"loc":{"start":{"line":150,"column":18},"end":{"line":152,"column":5}},"line":150},"14":{"name":"(anonymous_14)","decl":{"start":{"line":154,"column":12},"end":{"line":154,"column":18}},"loc":{"start":{"line":154,"column":18},"end":{"line":156,"column":5}},"line":154},"15":{"name":"(anonymous_15)","decl":{"start":{"line":158,"column":12},"end":{"line":158,"column":18}},"loc":{"start":{"line":158,"column":18},"end":{"line":162,"column":5}},"line":158},"16":{"name":"(anonymous_16)","decl":{"start":{"line":165,"column":4},"end":{"line":165,"column":5}},"loc":{"start":{"line":165,"column":51},"end":{"line":174,"column":null}},"line":165},"17":{"name":"(anonymous_17)","decl":{"start":{"line":170,"column":43},"end":{"line":170,"column":49}},"loc":{"start":{"line":170,"column":49},"end":{"line":173,"column":9}},"line":170},"18":{"name":"(anonymous_18)","decl":{"start":{"line":181,"column":4},"end":{"line":181,"column":13}},"loc":{"start":{"line":181,"column":35},"end":{"line":213,"column":null}},"line":181},"19":{"name":"(anonymous_19)","decl":{"start":{"line":183,"column":20},"end":{"line":183,"column":21}},"loc":{"start":{"line":183,"column":30},"end":{"line":186,"column":9}},"line":183},"20":{"name":"(anonymous_20)","decl":{"start":{"line":208,"column":44},"end":{"line":208,"column":50}},"loc":{"start":{"line":208,"column":50},"end":{"line":211,"column":9}},"line":208},"21":{"name":"(anonymous_21)","decl":{"start":{"line":214,"column":4},"end":{"line":214,"column":12}},"loc":{"start":{"line":214,"column":17},"end":{"line":217,"column":null}},"line":214},"22":{"name":"(anonymous_22)","decl":{"start":{"line":216,"column":18},"end":{"line":216,"column":19}},"loc":{"start":{"line":216,"column":28},"end":{"line":216,"column":78}},"line":216},"23":{"name":"(anonymous_23)","decl":{"start":{"line":231,"column":6},"end":{"line":231,"column":12}},"loc":{"start":{"line":231,"column":12},"end":{"line":231,"column":null}},"line":231},"24":{"name":"(anonymous_24)","decl":{"start":{"line":239,"column":23},"end":{"line":239,"column":24}},"loc":{"start":{"line":239,"column":44},"end":{"line":242,"column":null}},"line":239},"25":{"name":"(anonymous_25)","decl":{"start":{"line":245,"column":21},"end":{"line":245,"column":27}},"loc":{"start":{"line":245,"column":27},"end":{"line":261,"column":null}},"line":245},"26":{"name":"(anonymous_26)","decl":{"start":{"line":263,"column":26},"end":{"line":263,"column":27}},"loc":{"start":{"line":263,"column":45},"end":{"line":276,"column":null}},"line":263},"27":{"name":"(anonymous_27)","decl":{"start":{"line":278,"column":22},"end":{"line":278,"column":28}},"loc":{"start":{"line":278,"column":28},"end":{"line":291,"column":null}},"line":278},"28":{"name":"(anonymous_28)","decl":{"start":{"line":283,"column":43},"end":{"line":283,"column":44}},"loc":{"start":{"line":283,"column":51},"end":{"line":283,"column":60}},"line":283},"29":{"name":"(anonymous_29)","decl":{"start":{"line":295,"column":4},"end":{"line":295,"column":5}},"loc":{"start":{"line":295,"column":28},"end":{"line":298,"column":null}},"line":295},"30":{"name":"(anonymous_30)","decl":{"start":{"line":305,"column":12},"end":{"line":305,"column":18}},"loc":{"start":{"line":305,"column":18},"end":{"line":318,"column":5}},"line":305},"31":{"name":"(anonymous_31)","decl":{"start":{"line":311,"column":41},"end":{"line":311,"column":47}},"loc":{"start":{"line":311,"column":47},"end":{"line":314,"column":7}},"line":311},"32":{"name":"(anonymous_32)","decl":{"start":{"line":315,"column":11},"end":{"line":315,"column":17}},"loc":{"start":{"line":315,"column":17},"end":{"line":317,"column":null}},"line":315},"33":{"name":"(anonymous_33)","decl":{"start":{"line":327,"column":12},"end":{"line":327,"column":18}},"loc":{"start":{"line":327,"column":18},"end":{"line":329,"column":5}},"line":327},"34":{"name":"(anonymous_34)","decl":{"start":{"line":331,"column":12},"end":{"line":331,"column":18}},"loc":{"start":{"line":331,"column":18},"end":{"line":339,"column":5}},"line":331},"35":{"name":"(anonymous_35)","decl":{"start":{"line":333,"column":38},"end":{"line":333,"column":44}},"loc":{"start":{"line":333,"column":44},"end":{"line":335,"column":7}},"line":333},"36":{"name":"(anonymous_36)","decl":{"start":{"line":336,"column":11},"end":{"line":336,"column":17}},"loc":{"start":{"line":336,"column":17},"end":{"line":338,"column":null}},"line":336},"37":{"name":"(anonymous_37)","decl":{"start":{"line":341,"column":35},"end":{"line":341,"column":36}},"loc":{"start":{"line":341,"column":42},"end":{"line":341,"column":51}},"line":341},"38":{"name":"(anonymous_38)","decl":{"start":{"line":351,"column":24},"end":{"line":351,"column":30}},"loc":{"start":{"line":351,"column":30},"end":{"line":351,"column":null}},"line":351},"39":{"name":"(anonymous_39)","decl":{"start":{"line":367,"column":24},"end":{"line":367,"column":30}},"loc":{"start":{"line":367,"column":30},"end":{"line":367,"column":null}},"line":367},"40":{"name":"(anonymous_40)","decl":{"start":{"line":368,"column":26},"end":{"line":368,"column":32}},"loc":{"start":{"line":368,"column":32},"end":{"line":368,"column":null}},"line":368},"41":{"name":"(anonymous_41)","decl":{"start":{"line":403,"column":20},"end":{"line":403,"column":26}},"loc":{"start":{"line":403,"column":26},"end":{"line":403,"column":null}},"line":403},"42":{"name":"(anonymous_42)","decl":{"start":{"line":404,"column":22},"end":{"line":404,"column":28}},"loc":{"start":{"line":404,"column":28},"end":{"line":404,"column":null}},"line":404},"43":{"name":"(anonymous_43)","decl":{"start":{"line":433,"column":21},"end":{"line":433,"column":27}},"loc":{"start":{"line":433,"column":27},"end":{"line":433,"column":null}},"line":433},"44":{"name":"(anonymous_44)","decl":{"start":{"line":451,"column":17},"end":{"line":451,"column":23}},"loc":{"start":{"line":451,"column":23},"end":{"line":451,"column":null}},"line":451}},"branchMap":{"0":{"loc":{"start":{"line":51,"column":4},"end":{"line":56,"column":null}},"type":"if","locations":[{"start":{"line":51,"column":4},"end":{"line":56,"column":null}},{"start":{},"end":{}}],"line":51},"1":{"loc":{"start":{"line":52,"column":6},"end":{"line":53,"column":null}},"type":"binary-expr","locations":[{"start":{"line":52,"column":6},"end":{"line":52,"column":null}},{"start":{"line":53,"column":6},"end":{"line":53,"column":null}}],"line":52},"2":{"loc":{"start":{"line":62,"column":10},"end":{"line":62,"column":null}},"type":"binary-expr","locations":[{"start":{"line":62,"column":10},"end":{"line":62,"column":28}},{"start":{"line":62,"column":28},"end":{"line":62,"column":null}}],"line":62},"3":{"loc":{"start":{"line":88,"column":4},"end":{"line":95,"column":null}},"type":"if","locations":[{"start":{"line":88,"column":4},"end":{"line":95,"column":null}},{"start":{"line":93,"column":4},"end":{"line":95,"column":null}}],"line":88},"4":{"loc":{"start":{"line":89,"column":6},"end":{"line":90,"column":null}},"type":"binary-expr","locations":[{"start":{"line":89,"column":6},"end":{"line":89,"column":null}},{"start":{"line":90,"column":6},"end":{"line":90,"column":null}}],"line":89},"5":{"loc":{"start":{"line":93,"column":4},"end":{"line":95,"column":null}},"type":"if","locations":[{"start":{"line":93,"column":4},"end":{"line":95,"column":null}},{"start":{},"end":{}}],"line":93},"6":{"loc":{"start":{"line":103,"column":6},"end":{"line":103,"column":null}},"type":"if","locations":[{"start":{"line":103,"column":6},"end":{"line":103,"column":null}},{"start":{},"end":{}}],"line":103},"7":{"loc":{"start":{"line":159,"column":4},"end":{"line":161,"column":null}},"type":"if","locations":[{"start":{"line":159,"column":4},"end":{"line":161,"column":null}},{"start":{},"end":{}}],"line":159},"8":{"loc":{"start":{"line":159,"column":8},"end":{"line":159,"column":35}},"type":"binary-expr","locations":[{"start":{"line":159,"column":8},"end":{"line":159,"column":23}},{"start":{"line":159,"column":23},"end":{"line":159,"column":35}}],"line":159},"9":{"loc":{"start":{"line":166,"column":6},"end":{"line":168,"column":null}},"type":"if","locations":[{"start":{"line":166,"column":6},"end":{"line":168,"column":null}},{"start":{},"end":{}}],"line":166},"10":{"loc":{"start":{"line":179,"column":9},"end":{"line":179,"column":null}},"type":"binary-expr","locations":[{"start":{"line":179,"column":9},"end":{"line":179,"column":41}},{"start":{"line":179,"column":41},"end":{"line":179,"column":null}}],"line":179},"11":{"loc":{"start":{"line":182,"column":6},"end":{"line":188,"column":null}},"type":"if","locations":[{"start":{"line":182,"column":6},"end":{"line":188,"column":null}},{"start":{},"end":{}}],"line":182},"12":{"loc":{"start":{"line":189,"column":6},"end":{"line":200,"column":null}},"type":"if","locations":[{"start":{"line":189,"column":6},"end":{"line":200,"column":null}},{"start":{},"end":{}}],"line":189},"13":{"loc":{"start":{"line":190,"column":8},"end":{"line":192,"column":null}},"type":"binary-expr","locations":[{"start":{"line":190,"column":8},"end":{"line":190,"column":null}},{"start":{"line":191,"column":8},"end":{"line":191,"column":null}},{"start":{"line":192,"column":8},"end":{"line":192,"column":null}}],"line":190},"14":{"loc":{"start":{"line":195,"column":28},"end":{"line":197,"column":null}},"type":"cond-expr","locations":[{"start":{"line":196,"column":13},"end":{"line":196,"column":null}},{"start":{"line":197,"column":12},"end":{"line":197,"column":null}}],"line":195},"15":{"loc":{"start":{"line":204,"column":6},"end":{"line":206,"column":null}},"type":"if","locations":[{"start":{"line":204,"column":6},"end":{"line":206,"column":null}},{"start":{},"end":{}}],"line":204},"16":{"loc":{"start":{"line":246,"column":4},"end":{"line":246,"column":null}},"type":"if","locations":[{"start":{"line":246,"column":4},"end":{"line":246,"column":null}},{"start":{},"end":{}}],"line":246},"17":{"loc":{"start":{"line":246,"column":8},"end":{"line":246,"column":41}},"type":"binary-expr","locations":[{"start":{"line":246,"column":8},"end":{"line":246,"column":30}},{"start":{"line":246,"column":30},"end":{"line":246,"column":41}}],"line":246},"18":{"loc":{"start":{"line":264,"column":4},"end":{"line":264,"column":null}},"type":"if","locations":[{"start":{"line":264,"column":4},"end":{"line":264,"column":null}},{"start":{},"end":{}}],"line":264},"19":{"loc":{"start":{"line":279,"column":4},"end":{"line":281,"column":null}},"type":"if","locations":[{"start":{"line":279,"column":4},"end":{"line":281,"column":null}},{"start":{},"end":{}}],"line":279},"20":{"loc":{"start":{"line":306,"column":4},"end":{"line":309,"column":null}},"type":"if","locations":[{"start":{"line":306,"column":4},"end":{"line":309,"column":null}},{"start":{},"end":{}}],"line":306},"21":{"loc":{"start":{"line":310,"column":4},"end":{"line":310,"column":null}},"type":"if","locations":[{"start":{"line":310,"column":4},"end":{"line":310,"column":null}},{"start":{},"end":{}}],"line":310},"22":{"loc":{"start":{"line":316,"column":6},"end":{"line":316,"column":null}},"type":"if","locations":[{"start":{"line":316,"column":6},"end":{"line":316,"column":null}},{"start":{},"end":{}}],"line":316},"23":{"loc":{"start":{"line":321,"column":4},"end":{"line":321,"column":null}},"type":"binary-expr","locations":[{"start":{"line":321,"column":4},"end":{"line":321,"column":29}},{"start":{"line":321,"column":29},"end":{"line":321,"column":66}},{"start":{"line":321,"column":66},"end":{"line":321,"column":null}}],"line":321},"24":{"loc":{"start":{"line":332,"column":4},"end":{"line":332,"column":null}},"type":"if","locations":[{"start":{"line":332,"column":4},"end":{"line":332,"column":null}},{"start":{},"end":{}}],"line":332},"25":{"loc":{"start":{"line":337,"column":6},"end":{"line":337,"column":null}},"type":"if","locations":[{"start":{"line":337,"column":6},"end":{"line":337,"column":null}},{"start":{},"end":{}}],"line":337},"26":{"loc":{"start":{"line":347,"column":7},"end":{"line":396,"column":null}},"type":"binary-expr","locations":[{"start":{"line":347,"column":7},"end":{"line":347,"column":null}},{"start":{"line":348,"column":8},"end":{"line":396,"column":null}}],"line":347},"27":{"loc":{"start":{"line":392,"column":31},"end":{"line":392,"column":null}},"type":"cond-expr","locations":[{"start":{"line":392,"column":45},"end":{"line":392,"column":61}},{"start":{"line":392,"column":61},"end":{"line":392,"column":null}}],"line":392},"28":{"loc":{"start":{"line":401,"column":19},"end":{"line":401,"column":null}},"type":"binary-expr","locations":[{"start":{"line":401,"column":19},"end":{"line":401,"column":32}},{"start":{"line":401,"column":32},"end":{"line":401,"column":null}}],"line":401},"29":{"loc":{"start":{"line":410,"column":24},"end":{"line":410,"column":null}},"type":"cond-expr","locations":[{"start":{"line":410,"column":39},"end":{"line":410,"column":61}},{"start":{"line":410,"column":61},"end":{"line":410,"column":null}}],"line":410},"30":{"loc":{"start":{"line":423,"column":12},"end":{"line":423,"column":67}},"type":"cond-expr","locations":[{"start":{"line":423,"column":31},"end":{"line":423,"column":49}},{"start":{"line":423,"column":49},"end":{"line":423,"column":67}}],"line":423}},"s":{"0":1,"1":137,"2":137,"3":44,"4":38,"5":6,"6":137,"7":137,"8":137,"9":44,"10":21,"11":137,"12":137,"13":137,"14":137,"15":137,"16":137,"17":44,"18":137,"19":137,"20":137,"21":137,"22":137,"23":137,"24":137,"25":137,"26":59,"27":137,"28":59,"29":59,"30":41,"31":18,"32":4,"33":137,"34":44,"35":44,"36":6,"37":137,"38":48,"39":137,"40":137,"41":137,"42":137,"43":137,"44":44,"45":137,"46":137,"47":137,"48":137,"49":137,"50":44,"51":137,"52":44,"53":137,"54":44,"55":137,"56":44,"57":137,"58":44,"59":0,"60":137,"61":9,"62":2,"63":9,"64":9,"65":1,"66":1,"67":137,"68":6,"69":5,"70":5,"71":5,"72":6,"73":3,"74":3,"75":3,"76":3,"77":6,"78":6,"79":6,"80":1,"81":6,"82":6,"83":1,"84":1,"85":6,"86":1,"87":1,"88":1,"89":137,"90":3,"91":137,"92":0,"93":0,"94":137,"95":2,"96":0,"97":2,"98":2,"99":2,"100":2,"101":2,"102":2,"103":2,"104":137,"105":2,"106":0,"107":2,"108":2,"109":2,"110":2,"111":2,"112":2,"113":2,"114":137,"115":1,"116":0,"117":1,"118":1,"119":3,"120":1,"121":1,"122":1,"123":1,"124":1,"125":1,"126":1,"127":137,"128":0,"129":0,"130":137,"131":137,"132":48,"133":7,"134":7,"135":41,"136":41,"137":41,"138":2,"139":2,"140":41,"141":41,"142":39,"143":137,"144":137,"145":137,"146":137,"147":59,"148":137,"149":49,"150":5,"151":49,"152":2,"153":49,"154":49,"155":49,"156":137,"157":65,"158":137,"159":0,"160":2,"161":0,"162":2,"163":0,"164":0,"165":0},"f":{"0":137,"1":44,"2":44,"3":21,"4":44,"5":59,"6":59,"7":44,"8":44,"9":48,"10":44,"11":44,"12":44,"13":44,"14":44,"15":44,"16":9,"17":1,"18":6,"19":5,"20":1,"21":1,"22":1,"23":3,"24":0,"25":2,"26":2,"27":1,"28":3,"29":0,"30":48,"31":2,"32":41,"33":59,"34":49,"35":2,"36":49,"37":65,"38":0,"39":2,"40":0,"41":2,"42":0,"43":0,"44":0},"b":{"0":[38,6],"1":[44,38],"2":[44,7],"3":[41,18],"4":[59,51],"5":[4,14],"6":[6,38],"7":[0,44],"8":[44,0],"9":[2,7],"10":[137,137],"11":[5,1],"12":[3,3],"13":[6,5,5],"14":[0,3],"15":[1,5],"16":[0,2],"17":[2,2],"18":[0,2],"19":[0,1],"20":[7,41],"21":[3,38],"22":[39,2],"23":[137,89,89],"24":[5,44],"25":[49,0],"26":[137,135],"27":[0,135],"28":[137,128],"29":[0,137],"30":[0,137]},"meta":{"lastBranch":31,"lastFunction":45,"lastStatement":166,"seen":{"s:24:28:24:Infinity":0,"f:41:16:41:27":0,"s:49:12:49:Infinity":1,"s:50:30:58:Infinity":2,"f:50:58:50:64":1,"b:51:4:56:Infinity:undefined:undefined:undefined:undefined":0,"s:51:4:56:Infinity":3,"b:52:6:52:Infinity:53:6:53:Infinity":1,"s:55:6:55:Infinity":4,"s:57:4:57:Infinity":5,"s:59:34:59:Infinity":6,"s:60:36:60:Infinity":7,"s:61:26:63:Infinity":8,"f:62:4:62:10":2,"s:62:10:62:Infinity":9,"b:62:10:62:28:62:28:62:Infinity":2,"f:62:47:62:48":3,"s:62:55:62:64":10,"s:64:40:64:Infinity":11,"s:65:46:65:Infinity":12,"s:66:38:66:Infinity":13,"s:67:38:67:Infinity":14,"s:68:8:68:Infinity":15,"s:69:44:71:Infinity":16,"f:69:57:69:Infinity":4,"s:69:57:70:Infinity":17,"s:72:8:72:Infinity":18,"s:74:8:74:Infinity":19,"s:75:8:75:Infinity":20,"s:76:8:76:Infinity":21,"s:77:8:77:Infinity":22,"s:78:8:78:Infinity":23,"s:79:8:79:Infinity":24,"s:81:2:83:Infinity":25,"f:81:12:81:18":5,"s:82:4:82:Infinity":26,"s:86:2:98:Infinity":27,"f:86:12:86:18":6,"s:87:20:87:Infinity":28,"b:88:4:95:Infinity:93:4:95:Infinity":3,"s:88:4:95:Infinity":29,"b:89:6:89:Infinity:90:6:90:Infinity":4,"s:92:6:92:Infinity":30,"b:93:4:95:Infinity:undefined:undefined:undefined:undefined":5,"s:93:4:95:Infinity":31,"s:94:6:94:Infinity":32,"s:101:2:105:Infinity":33,"f:101:12:101:18":7,"s:102:4:104:Infinity":34,"f:102:11:102:17":8,"b:103:6:103:Infinity:undefined:undefined:undefined:undefined":6,"s:103:6:103:Infinity":35,"s:103:35:103:Infinity":36,"s:107:2:109:Infinity":37,"f:107:12:107:18":9,"s:108:4:108:Infinity":38,"s:111:77:112:Infinity":39,"s:121:2:121:Infinity":40,"s:134:2:134:Infinity":41,"s:135:50:135:Infinity":42,"s:136:8:136:Infinity":43,"f:136:30:136:36":10,"s:136:30:136:62":44,"s:137:8:137:Infinity":45,"s:138:8:138:Infinity":46,"s:139:8:139:Infinity":47,"s:140:8:140:Infinity":48,"s:142:2:144:Infinity":49,"f:142:12:142:18":11,"s:143:4:143:Infinity":50,"s:146:2:148:Infinity":51,"f:146:12:146:18":12,"s:147:4:147:Infinity":52,"s:150:2:152:Infinity":53,"f:150:12:150:18":13,"s:151:4:151:Infinity":54,"s:154:2:156:Infinity":55,"f:154:12:154:18":14,"s:155:4:155:Infinity":56,"s:158:2:162:Infinity":57,"f:158:12:158:18":15,"b:159:4:161:Infinity:undefined:undefined:undefined:undefined":7,"s:159:4:161:Infinity":58,"b:159:8:159:23:159:23:159:35":8,"s:160:6:160:Infinity":59,"s:164:8:176:Infinity":60,"f:165:4:165:5":16,"b:166:6:168:Infinity:undefined:undefined:undefined:undefined":9,"s:166:6:168:Infinity":61,"s:167:8:167:Infinity":62,"s:169:6:169:Infinity":63,"s:170:6:173:Infinity":64,"f:170:43:170:49":17,"s:171:8:171:Infinity":65,"s:172:8:172:Infinity":66,"s:178:36:218:Infinity":67,"b:179:9:179:41:179:41:179:Infinity":10,"f:181:4:181:13":18,"b:182:6:188:Infinity:undefined:undefined:undefined:undefined":11,"s:182:6:188:Infinity":68,"s:183:8:186:Infinity":69,"f:183:20:183:21":19,"s:183:30:186:9":70,"s:187:8:187:Infinity":71,"b:189:6:200:Infinity:undefined:undefined:undefined:undefined":12,"s:189:6:200:Infinity":72,"b:190:8:190:Infinity:191:8:191:Infinity:192:8:192:Infinity":13,"s:194:26:194:Infinity":73,"s:195:8:197:Infinity":74,"b:196:13:196:Infinity:197:12:197:Infinity":14,"s:198:8:198:Infinity":75,"s:199:8:199:Infinity":76,"s:201:6:201:Infinity":77,"s:202:6:202:Infinity":78,"b:204:6:206:Infinity:undefined:undefined:undefined:undefined":15,"s:204:6:206:Infinity":79,"s:205:8:205:Infinity":80,"s:207:6:207:Infinity":81,"s:208:6:211:Infinity":82,"f:208:44:208:50":20,"s:209:8:209:Infinity":83,"s:210:8:210:Infinity":84,"s:212:6:212:Infinity":85,"f:214:4:214:12":21,"s:215:6:215:Infinity":86,"s:216:6:216:Infinity":87,"f:216:18:216:19":22,"s:216:28:216:78":88,"s:220:28:234:Infinity":89,"f:231:6:231:12":23,"s:231:12:231:Infinity":90,"s:236:23:243:Infinity":91,"f:239:23:239:24":24,"s:240:6:240:Infinity":92,"s:241:6:241:Infinity":93,"s:245:21:261:Infinity":94,"f:245:21:245:27":25,"b:246:4:246:Infinity:undefined:undefined:undefined:undefined":16,"s:246:4:246:Infinity":95,"b:246:8:246:30:246:30:246:41":17,"s:246:41:246:Infinity":96,"s:247:4:247:Infinity":97,"s:248:4:248:Infinity":98,"s:249:4:249:Infinity":99,"s:250:39:253:Infinity":100,"s:254:4:254:Infinity":101,"s:255:4:255:Infinity":102,"s:256:4:260:Infinity":103,"s:263:26:276:Infinity":104,"f:263:26:263:27":26,"b:264:4:264:Infinity:undefined:undefined:undefined:undefined":18,"s:264:4:264:Infinity":105,"s:264:19:264:Infini
[...]
,"column":8},"end":{"line":150,"column":null}},"61":{"start":{"line":146,"column":4},"end":{"line":146,"column":null}},"62":{"start":{"line":146,"column":36},"end":{"line":146,"column":41}},"63":{"start":{"line":147,"column":4},"end":{"line":149,"column":null}},"64":{"start":{"line":148,"column":6},"end":{"line":148,"column":null}},"65":{"start":{"line":152,"column":2},"end":{"line":160,"column":null}}},"fnMap":{"0":{"name":"useVoice","decl":{"start":{"line":36,"column":16},"end":{"line":36,"column":25}},"loc":{"start":{"line":36,"column":67},"end":{"line":161,"column":null}},"line":36},"1":{"name":"(anonymous_1)","decl":{"start":{"line":44,"column":12},"end":{"line":44,"column":18}},"loc":{"start":{"line":44,"column":18},"end":{"line":82,"column":5}},"line":44},"2":{"name":"(anonymous_2)","decl":{"start":{"line":52,"column":40},"end":{"line":52,"column":41}},"loc":{"start":{"line":52,"column":75},"end":{"line":58,"column":null}},"line":52},"3":{"name":"(anonymous_3)","decl":{"start":{"line":54,"column":15},"end":{"line":54,"column":16}},"loc":{"start":{"line":54,"column":52},"end":{"line":54,"column":61}},"line":54},"4":{"name":"(anonymous_4)","decl":{"start":{"line":55,"column":15},"end":{"line":55,"column":16}},"loc":{"start":{"line":55,"column":54},"end":{"line":55,"column":68}},"line":55},"5":{"name":"(anonymous_5)","decl":{"start":{"line":60,"column":37},"end":{"line":60,"column":43}},"loc":{"start":{"line":60,"column":43},"end":{"line":62,"column":null}},"line":60},"6":{"name":"(anonymous_6)","decl":{"start":{"line":64,"column":39},"end":{"line":64,"column":40}},"loc":{"start":{"line":64,"column":79},"end":{"line":67,"column":null}},"line":64},"7":{"name":"(anonymous_7)","decl":{"start":{"line":74,"column":11},"end":{"line":74,"column":17}},"loc":{"start":{"line":74,"column":17},"end":{"line":81,"column":null}},"line":74},"8":{"name":"(anonymous_8)","decl":{"start":{"line":84,"column":12},"end":{"line":84,"column":18}},"loc":{"start":{"line":84,"column":18},"end":{"line":88,"column":5}},"line":84},"9":{"name":"(anonymous_9)","decl":{"start":{"line":90,"column":37},"end":{"line":90,"column":43}},"loc":{"start":{"line":90,"column":43},"end":{"line":100,"column":5}},"line":90},"10":{"name":"(anonymous_10)","decl":{"start":{"line":102,"column":36},"end":{"line":102,"column":42}},"loc":{"start":{"line":102,"column":42},"end":{"line":107,"column":5}},"line":102},"11":{"name":"(anonymous_11)","decl":{"start":{"line":110,"column":4},"end":{"line":110,"column":5}},"loc":{"start":{"line":110,"column":22},"end":{"line":134,"column":null}},"line":110},"12":{"name":"(anonymous_12)","decl":{"start":{"line":121,"column":10},"end":{"line":121,"column":11}},"loc":{"start":{"line":122,"column":12},"end":{"line":123,"column":null}},"line":122},"13":{"name":"(anonymous_13)","decl":{"start":{"line":124,"column":25},"end":{"line":124,"column":26}},"loc":{"start":{"line":124,"column":32},"end":{"line":124,"column":73}},"line":124},"14":{"name":"(anonymous_14)","decl":{"start":{"line":139,"column":12},"end":{"line":139,"column":18}},"loc":{"start":{"line":139,"column":18},"end":{"line":143,"column":5}},"line":139},"15":{"name":"(anonymous_15)","decl":{"start":{"line":145,"column":38},"end":{"line":145,"column":44}},"loc":{"start":{"line":145,"column":44},"end":{"line":150,"column":5}},"line":145},"16":{"name":"(anonymous_16)","decl":{"start":{"line":146,"column":26},"end":{"line":146,"column":27}},"loc":{"start":{"line":146,"column":36},"end":{"line":146,"column":41}},"line":146}},"branchMap":{"0":{"loc":{"start":{"line":36,"column":50},"end":{"line":36,"column":67}},"type":"default-arg","locations":[{"start":{"line":36,"column":60},"end":{"line":36,"column":67}}],"line":36},"1":{"loc":{"start":{"line":46,"column":6},"end":{"line":46,"column":null}},"type":"binary-expr","locations":[{"start":{"line":46,"column":6},"end":{"line":46,"column":34}},{"start":{"line":46,"column":34},"end":{"line":46,"column":null}}],"line":46},"2":{"loc":{"start":{"line":47,"column":4},"end":{"line":68,"column":null}},"type":"if","locations":[{"start":{"line":47,"column":4},"end":{"line":68,"column":null}},{"start":{},"end":{}}],"line":47},"3":{"loc":{"start":{"line":70,"column":4},"end":{"line":72,"column":null}},"type":"if","locations":[{"start":{"line":70,"column":4},"end":{"line":72,"column":null}},{"start":{},"end":{}}],"line":70},"4":{"loc":{"start":{"line":75,"column":6},"end":{"line":77,"column":null}},"type":"if","locations":[{"start":{"line":75,"column":6},"end":{"line":77,"column":null}},{"start":{},"end":{}}],"line":75},"5":{"loc":{"start":{"line":78,"column":6},"end":{"line":80,"column":null}},"type":"if","locations":[{"start":{"line":78,"column":6},"end":{"line":80,"column":null}},{"start":{},"end":{}}],"line":78},"6":{"loc":{"start":{"line":85,"column":4},"end":{"line":87,"column":null}},"type":"if","locations":[{"start":{"line":85,"column":4},"end":{"line":87,"column":null}},{"start":{},"end":{}}],"line":85},"7":{"loc":{"start":{"line":91,"column":4},"end":{"line":99,"column":null}},"type":"if","locations":[{"start":{"line":91,"column":4},"end":{"line":99,"column":null}},{"start":{},"end":{}}],"line":91},"8":{"loc":{"start":{"line":91,"column":8},"end":{"line":91,"column":48}},"type":"binary-expr","locations":[{"start":{"line":91,"column":8},"end":{"line":91,"column":34}},{"start":{"line":91,"column":34},"end":{"line":91,"column":48}}],"line":91},"9":{"loc":{"start":{"line":103,"column":4},"end":{"line":106,"column":null}},"type":"if","locations":[{"start":{"line":103,"column":4},"end":{"line":106,"column":null}},{"start":{},"end":{}}],"line":103},"10":{"loc":{"start":{"line":103,"column":8},"end":{"line":103,"column":47}},"type":"binary-expr","locations":[{"start":{"line":103,"column":8},"end":{"line":103,"column":34}},{"start":{"line":103,"column":34},"end":{"line":103,"column":47}}],"line":103},"11":{"loc":{"start":{"line":111,"column":6},"end":{"line":111,"column":null}},"type":"if","locations":[{"start":{"line":111,"column":6},"end":{"line":111,"column":null}},{"start":{},"end":{}}],"line":111},"12":{"loc":{"start":{"line":111,"column":10},"end":{"line":111,"column":63}},"type":"binary-expr","locations":[{"start":{"line":111,"column":10},"end":{"line":111,"column":31}},{"start":{"line":111,"column":31},"end":{"line":111,"column":54}},{"start":{"line":111,"column":54},"end":{"line":111,"column":63}}],"line":111},"13":{"loc":{"start":{"line":120,"column":8},"end":{"line":124,"column":null}},"type":"binary-expr","locations":[{"start":{"line":120,"column":8},"end":{"line":124,"column":13}},{"start":{"line":124,"column":13},"end":{"line":124,"column":null}}],"line":120},"14":{"loc":{"start":{"line":122,"column":12},"end":{"line":123,"column":null}},"type":"binary-expr","locations":[{"start":{"line":122,"column":12},"end":{"line":122,"column":null}},{"start":{"line":123,"column":12},"end":{"line":123,"column":null}}],"line":122},"15":{"loc":{"start":{"line":126,"column":6},"end":{"line":128,"column":null}},"type":"if","locations":[{"start":{"line":126,"column":6},"end":{"line":128,"column":null}},{"start":{},"end":{}}],"line":126},"16":{"loc":{"start":{"line":140,"column":4},"end":{"line":142,"column":null}},"type":"if","locations":[{"start":{"line":140,"column":4},"end":{"line":142,"column":null}},{"start":{},"end":{}}],"line":140},"17":{"loc":{"start":{"line":140,"column":8},"end":{"line":140,"column":37}},"type":"binary-expr","locations":[{"start":{"line":140,"column":8},"end":{"line":140,"column":19}},{"start":{"line":140,"column":19},"end":{"line":140,"column":37}}],"line":140},"18":{"loc":{"start":{"line":147,"column":4},"end":{"line":149,"column":null}},"type":"if","locations":[{"start":{"line":147,"column":4},"end":{"line":149,"column":null}},{"start":{},"end":{}}],"line":147},"19":{"loc":{"start":{"line":147,"column":8},"end":{"line":147,"column":48}},"type":"binary-expr","locations":[{"start":{"line":147,"column":8},"end":{"line":147,"column":30}},{"start":{"line":147,"column":30},"end":{"line":147,"column":48}}],"line":147}},"s":{"0":174,"1":174,"2":174,"3":174,"4":174,"5":174,"6":65,"7":65,"8":20,"9":20,"10":20,"11":20,"12":2,"13":2,"14":2,"15":2,"16":20,"17":1,"18":20,"19":1,"20":1,"21":65,"22":65,"23":65,"24":65,"25":20,"26":65,"27":21,"28":174,"29":66,"30":21,"31":174,"32":8,"33":7,"34":7,"35":7,"36":7,"37":1,"38":174,"39":6,"40":1,"41":1,"42":174,"43":10,"44":6,"45":4,"46":4,"47":4,"48":4,"49":4,"50":1,"51":0,"52":10,"53":1,"54":4,"55":4,"56":4,"57":174,"58":65,"59":0,"60":174,"61":4,"62":4,"63":4,"64":3,"65":174},"f":{"0":174,"1":65,"2":2,"3":2,"4":2,"5":1,"6":1,"7":65,"8":66,"9":8,"10":6,"11":10,"12":1,"13":0,"14":65,"15":4,"16":4},"b":{"0":[174],"1":[65,46],"2":[20,45],"3":[65,0],"4":[20,45],"5":[21,44],"6":[21,45],"7":[7,1],"8":[8,8],"9":[1,5],"10":[6,2],"11":[6,4],"12":[10,5,4],"13":[4,3],"14":[1,1],"15":[1,9],"16":[0,65],"17":[65,0],"18":[3,1],"19":[4,3]},"meta":{"lastBranch":20,"lastFunction":17,"lastStatement":66,"seen":{"f:36:16:36:25":0,"b:36:60:36:67":0,"s:37:36:37:Infinity":0,"s:38:34:38:Infinity":1,"s:39:50:39:Infinity":2,"s:41:8:41:Infinity":3,"s:42:8:42:Infinity":4,"s:44:2:82:Infinity":5,"f:44:12:44:18":1,"s:46:6:46:Infinity":6,"b:46:6:46:34:46:34:46:Infinity":1,"b:47:4:68:Infinity:undefined:undefined:undefined:undefined":2,"s:47:4:68:Infinity":7,"s:48:6:48:Infinity":8,"s:49:6:49:Infinity":9,"s:50:6:50:Infinity":10,"s:52:6:58:Infinity":11,"f:52:40:52:41":2,"s:53:34:56:Infinity":12,"f:54:15:54:16":3,"s:54:52:54:61":13,"f:55:15:55:16":4,"s:55:54:55:68":14,"s:57:8:57:Infinity":15,"s:60:6:62:Infinity":16,"f:60:37:60:43":5,"s:61:8:61:Infinity":17,"s:64:6:67:Infinity":18,"f:64:39:64:40":6,"s:65:8:65:Infinity":19,"s:66:8:66:Infinity":20,"b:70:4:72:Infinity:undefined:undefined:undefined:undefined":3,"s:70:4:72:Infinity":21,"s:71:6:71:Infinity":22,"s:74:4:81:Infinity":23,"f:74:11:74:17":7,"b:75:6:77:Infinity:undefined:undefined:undefined:undefined":4,"s:75:6:77:Infinity":24,"s:76:8:76:Infinity":25,"b:78:6:80:Infinity:undefined:undefined:undefined:undefined":5,"s:78:6:80:Infinity":26,"s:79:8:79:Infinity":27,"s:84:2:88:Infinity":28,"f:84:12:84:18":8,"b:85:4:87:Infinity:undefined:undefined:undefined:undefined":6,"s:85:4:87:Infinity":29,"s:86:6:86:Infinity":30,"s:90:8:100:Infinity":31,"f:90:37:90:43":9,"b:91:4:99:Infinity:undefined:undefined:undefined:undefined":7,"s:91:4:99:Infinity":32,"b:91:8:91:34:91:34:91:48":8,"s:92:6:92:Infinity":33,"s:93:6:98:Infinity":34,"s:94:8:94:Infinity":35,"s:95:8:95:Infinity":36,"s:97:8:97:Infinity":37,"s:102:8:107:Infinity":38,"f:102:36:102:42":10,"b:103:4:106:Infinity:undefined:undefined:undefined:undefined":9,"s:103:4:106:Infinity":39,"b:103:8:103:34:103:34:103:47":10,"s:104:6:104:Infinity":40,"s:105:6:105:Infinity":41,"s:109:8:136:Infinity":42,"f:110:4:110:5":11,"b:111:6:111:Infinity:undefined:undefined:undefined:undefined":11,"s:111:6:111:Infinity":43,"b:111:10:111:31:111:31:111:54:111:54:111:63":12,"s:111:63:111:Infinity":44,"s:113:6:113:Infinity":45,"s:115:24:115:Infinity":46,"s:116:6:116:Infinity":47,"s:118:21:118:Infinity":48,"s:120:8:124:Infinity":49,"b:120:8:124:13:124:13:124:Infinity":13,"f:121:10:121:11":12,"s:122:12:123:Infinity":50,"b:122:12:122:Infinity:123:12:123:Infinity":14,"f:124:25:124:26":13,"s:124:32:124:73":51,"b:126:6:128:Infinity:undefined:undefined:undefined:undefined":15,"s:126:6:128:Infinity":52,"s:127:8:127:Infinity":53,"s:130:6:130:Infinity":54,"s:131:6:131:Infinity":55,"s:133:6:133:Infinity":56,"s:139:2:143:Infinity":57,"f:139:12:139:18":14,"b:140:4:142:Infinity:undefined:undefined:undefined:undefined":16,"s:140:4:142:Infinity":58,"b:140:8:140:19:140:19:140:37":17,"s:141:6:141:Infinity":59,"s:145:8:150:Infinity":60,"f:145:38:145:44":15,"s:146:4:146:Infinity":61,"f:146:26:146:27":16,"s:146:36:146:41":62,"b:147:4:149:Infinity:undefined:undefined:undefined:undefined":18,"s:147:4:149:Infinity":63,"b:147:8:147:30:147:30:147:48":19,"s:148:6:148:Infinity":64,"s:152:2:160:Infinity":65}}}
,"/Users/danleemh/ai/apps/inspiror.feature-starter-template-gallery/frontend/src/i18n/translations.ts": {"path":"/Users/danleemh/ai/apps/inspiror.feature-starter-template-gallery/frontend/src/i18n/translations.ts","statementMap":{"0":{"start":{"line":81,"column":63},"end":{"line":317,"column":null}}},"fnMap":{},"branchMap":{},"s":{"0":5},"f":{},"b":{},"meta":{"lastBranch":0,"lastFunction":0,"lastStatement":1,"seen":{"s:81:63:317:Infinity":0}}}
,"/Users/danleemh/ai/apps/inspiror.feature-starter-template-gallery/frontend/src/runtime/engine.ts": {"path":"/Users/danleemh/ai/apps/inspiror.feature-starter-template-gallery/frontend/src/runtime/engine.ts","statementMap":{"0":{"start":{"line":10,"column":30},"end":{"line":10,"column":null}}},"fnMap":{},"branchMap":{},"s":{"0":4},"f":{},"b":{},"meta":{"lastBranch":0,"lastFunction":0,"lastStatement":1,"seen":{"s:10:30:10:Infinity":0}}}
,"/Users/danleemh/ai/apps/inspiror.feature-starter-template-gallery/frontend/src/types/achievements.ts": {"path":"/Users/danleemh/ai/apps/inspiror.feature-starter-template-gallery/frontend/src/types/achievements.ts","statementMap":{"0":{"start":{"line":27,"column":43},"end":{"line":92,"column":null}},"1":{"start":{"line":94,"column":44},"end":{"line":100,"column":null}},"2":{"start":{"line":102,"column":59},"end":{"line":110,"column":null}}},"fnMap":{},"branchMap":{},"s":{"0":3,"1":3,"2":3},"f":{},"b":{},"meta":{"lastBranch":0,"lastFunction":0,"lastStatement":3,"seen":{"s:27:43:92:Infinity":0,"s:94:44:100:Infinity":1,"s:102:59:110:Infinity":2}}}
,"/Users/danleemh/ai/apps/inspiror.feature-starter-template-gallery/frontend/src/utils/downloadHtml.ts": {"path":"/Users/danleemh/ai/apps/inspiror.feature-starter-template-gallery/frontend/src/utils/downloadHtml.ts","statementMap":{"0":{"start":{"line":7,"column":18},"end":{"line":12,"column":null}},"1":{"start":{"line":13,"column":2},"end":{"line":13,"column":null}},"2":{"start":{"line":20,"column":19},"end":{"line":20,"column":null}},"3":{"start":{"line":21,"column":15},"end":{"line":21,"column":null}},"4":{"start":{"line":22,"column":14},"end":{"line":22,"column":null}},"5":{"start":{"line":24,"column":17},"end":{"line":24,"column":null}},"6":{"start":{"line":25,"column":2},"end":{"line":25,"column":null}},"7":{"start":{"line":26,"column":2},"end":{"line":26,"column":null}},"8":{"start":{"line":27,"column":2},"end":{"line":27,"column":null}},"9":{"start":{"line":28,"column":2},"end":{"line":28,"column":null}},"10":{"start":{"line":29,"column":2},"end":{"line":29,"column":null}},"11":{"start":{"line":32,"column":2},"end":{"line":32,"column":null}},"12":{"start":{"line":33,"column":2},"end":{"line":33,"column":null}}},"fnMap":{"0":{"name":"sanitizeFilename","decl":{"start":{"line":6,"column":16},"end":{"line":6,"column":33}},"loc":{"start":{"line":6,"column":56},"end":{"line":14,"column":null}},"line":6},"1":{"name":"downloadHtml","decl":{"start":{"line":19,"column":16},"end":{"line":19,"column":29}},"loc":{"start":{"line":19,"column":64},"end":{"line":34,"column":null}},"line":19}},"branchMap":{"0":{"loc":{"start":{"line":13,"column":10},"end":{"line":13,"column":37}},"type":"binary-expr","locations":[{"start":{"line":13,"column":10},"end":{"line":13,"column":21}},{"start":{"line":13,"column":21},"end":{"line":13,"column":37}}],"line":13}},"s":{"0":9,"1":9,"2":2,"3":2,"4":2,"5":2,"6":2,"7":2,"8":2,"9":2,"10":2,"11":2,"12":2},"f":{"0":9,"1":2},"b":{"0":[9,1]},"meta":{"lastBranch":1,"lastFunction":2,"lastStatement":13,"seen":{"f:6:16:6:33":0,"s:7:18:12:Infinity":0,"s:13:2:13:Infinity":1,"b:13:10:13:21:13:21:13:37":0,"f:19:16:19:29":1,"s:20:19:20:Infinity":2,"s:21:15:21:Infinity":3,"s:22:14:22:Infinity":4,"s:24:17:24:Infinity":5,"s:25:2:25:Infinity":6,"s:26:2:26:Infinity":7,"s:27:2:27:Infinity":8,"s:28:2:28:Infinity":9,"s:29:2:29:Infinity":10,"s:32:2:32:Infinity":11,"s:33:2:33:Infinity":12}}}
,"/Users/danleemh/ai/apps/inspiror.feature-starter-template-gallery/frontend/src/utils/injectErrorCatcher.ts": {"path":"/Users/danleemh/ai/apps/inspiror.feature-starter-template-gallery/frontend/src/utils/injectErrorCatcher.ts","statementMap":{"0":{"start":{"line":1,"column":29},"end":{"line":1,"column":null}},"1":{"start":{"line":4,"column":20},"end":{"line":4,"column":null}},"2":{"start":{"line":5,"column":2},"end":{"line":9,"column":null}},"3":{"start":{"line":6,"column":4},"end":{"line":7,"column":null}},"4":{"start":{"line":10,"column":19},"end":{"line":10,"column":null}},"5":{"start":{"line":11,"column":2},"end":{"line":15,"column":null}},"6":{"start":{"line":12,"column":4},"end":{"line":13,"column":null}},"7":{"start":{"line":16,"column":19},"end":{"line":16,"column":null}},"8":{"start":{"line":17,"column":2},"end":{"line":20,"column":null}},"9":{"start":{"line":18,"column":20},"end":{"line":18,"column":null}},"10":{"start":{"line":19,"column":4},"end":{"line":19,"column":null}},"11":{"start":{"line":21,"column":21},"end":{"line":21,"column":null}},"12":{"start":{"line":22,"column":2},"end":{"line":28,"column":null}},"13":{"start":{"line":23,"column":4},"end":{"line":26,"column":null}},"14":{"start":{"line":29,"column":2},"end":{"line":29,"column":null}}},"fnMap":{"0":{"name":"injectErrorCatcher","decl":{"start":{"line":3,"column":16},"end":{"line":3,"column":35}},"loc":{"start":{"line":3,"column":57},"end":{"line":30,"column":null}},"line":3}},"branchMap":{"0":{"loc":{"start":{"line":5,"column":2},"end":{"line":9,"column":null}},"type":"if","locations":[{"start":{"line":5,"column":2},"end":{"line":9,"column":null}},{"start":{},"end":{}}],"line":5},"1":{"loc":{"start":{"line":11,"column":2},"end":{"line":15,"column":null}},"type":"if","locations":[{"start":{"line":11,"column":2},"end":{"line":15,"column":null}},{"start":{},"end":{}}],"line":11},"2":{"loc":{"start":{"line":17,"column":2},"end":{"line":20,"column":null}},"type":"if","locations":[{"start":{"line":17,"column":2},"end":{"line":20,"column":null}},{"start":{},"end":{}}],"line":17},"3":{"loc":{"start":{"line":22,"column":2},"end":{"line":28,"column":null}},"type":"if","locations":[{"start":{"line":22,"column":2},"end":{"line":28,"column":null}},{"start":{},"end":{}}],"line":22}},"s":{"0":1,"1":49,"2":49,"3":38,"4":11,"5":11,"6":8,"7":3,"8":3,"9":1,"10":1,"11":2,"12":2,"13":1,"14":1},"f":{"0":49},"b":{"0":[38,11],"1":[8,3],"2":[1,2],"3":[1,1]},"meta":{"lastBranch":4,"lastFunction":1,"lastStatement":15,"seen":{"s:1:29:1:Infinity":0,"f:3:16:3:35":0,"s:4:20:4:Infinity":1,"b:5:2:9:Infinity:undefined:undefined:undefined:undefined":0,"s:5:2:9:Infinity":2,"s:6:4:7:Infinity":3,"s:10:19:10:Infinity":4,"b:11:2:15:Infinity:undefined:undefined:undefined:undefined":1,"s:11:2:15:Infinity":5,"s:12:4:13:Infinity":6,"s:16:19:16:Infinity":7,"b:17:2:20:Infinity:undefined:undefined:undefined:undefined":2,"s:17:2:20:Infinity":8,"s:18:20:18:Infinity":9,"s:19:4:19:Infinity":10,"s:21:21:21:Infinity":11,"b:22:2:28:Infinity:undefined:undefined:undefined:undefined":3,"s:22:2:28:Infinity":12,"s:23:4:26:Infinity":13,"s:29:2:29:Infinity":14}}}
,"/Users/danleemh/ai/apps/inspiror.feature-starter-template-gallery/frontend/src/utils/safeSave.ts": {"path":"/Users/danleemh/ai/apps/inspiror.feature-starter-template-gallery/frontend/src/utils/safeSave.ts","statementMap":{"0":{"start":{"line":6,"column":2},"end":{"line":15,"column":null}},"1":{"start":{"line":7,"column":4},"end":{"line":7,"column":null}},"2":{"start":{"line":8,"column":4},"end":{"line":8,"column":null}},"3":{"start":{"line":10,"column":4},"end":{"line":13,"column":null}},"4":{"start":{"line":14,"column":4},"end":{"line":14,"column":null}}},"fnMap":{"0":{"name":"safeSave","decl":{"start":{"line":5,"column":16},"end":{"line":5,"column":25}},"loc":{"start":{"line":5,"column":62},"end":{"line":16,"column":null}},"line":5}},"branchMap":{},"s":{"0":261,"1":261,"2":261,"3":2,"4":2},"f":{"0":261},"b":{},"meta":{"lastBranch":0,"lastFunction":1,"lastStatement":5,"seen":{"f:5:16:5:25":0,"s:6:2:15:Infinity":0,"s:7:4:7:Infinity":1,"s:8:4:8:Infinity":2,"s:10:4:13:Infinity":3,"s:14:4:14:Infinity":4}}}
}
