{"/Users/danleemh/ai/apps/inspiror/backend/src/llmService.ts": {"path":"/Users/danleemh/ai/apps/inspiror/backend/src/llmService.ts","statementMap":{"0":{"start":{"line":1,"column":0},"end":{"line":1,"column":24}},"1":{"start":{"line":2,"column":0},"end":{"line":2,"column":43}},"2":{"start":{"line":3,"column":0},"end":{"line":3,"column":40}},"3":{"start":{"line":6,"column":13},"end":{"line":15,"column":3}},"4":{"start":{"line":30,"column":4},"end":{"line":69,"column":5}},"5":{"start":{"line":31,"column":25},"end":{"line":47,"column":103}},"6":{"start":{"line":49,"column":28},"end":{"line":51,"column":20}},"7":{"start":{"line":53,"column":21},"end":{"line":63,"column":8}},"8":{"start":{"line":65,"column":6},"end":{"line":65,"column":20}},"9":{"start":{"line":67,"column":6},"end":{"line":67,"column":62}},"10":{"start":{"line":68,"column":6},"end":{"line":68,"column":63}},"11":{"start":{"line":20,"column":0},"end":{"line":20,"column":13}},"12":{"start":{"line":73,"column":13},"end":{"line":73,"column":43}}},"fnMap":{"0":{"name":"(anonymous_0)","decl":{"start":{"line":21,"column":2},"end":{"line":21,"column":null}},"loc":{"start":{"line":21,"column":2},"end":{"line":24,"column":3}}},"1":{"name":"(anonymous_1)","decl":{"start":{"line":26,"column":2},"end":{"line":26,"column":7}},"loc":{"start":{"line":28,"column":24},"end":{"line":70,"column":3}}}},"branchMap":{"0":{"loc":{"start":{"line":49,"column":28},"end":{"line":51,"column":20}},"type":"cond-expr","locations":[{"start":{"line":50,"column":10},"end":{"line":50,"column":189}},{"start":{"line":51,"column":10},"end":{"line":51,"column":20}}]}},"s":{"0":1,"1":1,"2":1,"3":1,"4":4,"5":4,"6":4,"7":4,"8":3,"9":1,"10":1,"11":1,"12":1},"f":{"0":1,"1":4},"b":{"0":[1,3]}}
,"/Users/danleemh/ai/apps/inspiror/backend/src/server.ts": {"path":"/Users/danleemh/ai/apps/inspiror/backend/src/server.ts","statementMap":{"0":{"start":{"line":1,"column":0},"end":{"line":1,"column":30}},"1":{"start":{"line":2,"column":0},"end":{"line":2,"column":24}},"2":{"start":{"line":3,"column":0},"end":{"line":3,"column":42}},"3":{"start":{"line":5,"column":13},"end":{"line":5,"column":29}},"4":{"start":{"line":7,"column":0},"end":{"line":7,"column":16}},"5":{"start":{"line":8,"column":0},"end":{"line":8,"column":24}},"6":{"start":{"line":10,"column":0},"end":{"line":28,"column":3}},"7":{"start":{"line":11,"column":2},"end":{"line":14,"column":3}},"8":{"start":{"line":12,"column":4},"end":{"line":12,"column":68}},"9":{"start":{"line":13,"column":4},"end":{"line":13,"column":73}},"10":{"start":{"line":16,"column":2},"end":{"line":16,"column":143}},"11":{"start":{"line":18,"column":2},"end":{"line":27,"column":3}},"12":{"start":{"line":19,"column":19},"end":{"line":21,"column":null}},"13":{"start":{"line":23,"column":4},"end":{"line":23,"column":41}},"14":{"start":{"line":25,"column":4},"end":{"line":25,"column":67}},"15":{"start":{"line":26,"column":4},"end":{"line":26,"column":79}},"16":{"start":{"line":30,"column":0},"end":{"line":35,"column":1}},"17":{"start":{"line":31,"column":15},"end":{"line":31,"column":39}},"18":{"start":{"line":32,"column":2},"end":{"line":34,"column":5}},"19":{"start":{"line":33,"column":4},"end":{"line":33,"column":60}}},"fnMap":{"0":{"name":"(anonymous_1)","decl":{"start":{"line":10,"column":26},"end":{"line":10,"column":31}},"loc":{"start":{"line":10,"column":45},"end":{"line":28,"column":1}}},"1":{"name":"(anonymous_2)","decl":{"start":{"line":32,"column":19},"end":{"line":32,"column":22}},"loc":{"start":{"line":32,"column":24},"end":{"line":34,"column":3}}}},"branchMap":{"0":{"loc":{"start":{"line":11,"column":2},"end":{"line":14,"column":3}},"type":"if","locations":[{"start":{"line":11,"column":2},"end":{"line":14,"column":3}},{"start":{},"end":{}}]},"1":{"loc":{"start":{"line":11,"column":6},"end":{"line":11,"column":61}},"type":"binary-expr","locations":[{"start":{"line":11,"column":6},"end":{"line":11,"column":24}},{"start":{"line":11,"column":28},"end":{"line":11,"column":61}}]},"2":{"loc":{"start":{"line":16,"column":106},"end":{"line":16,"column":139}},"type":"binary-expr","locations":[{"start":{"line":16,"column":106},"end":{"line":16,"column":134}},{"start":{"line":16,"column":138},"end":{"line":16,"column":139}}]},"3":{"loc":{"start":{"line":30,"column":0},"end":{"line":35,"column":1}},"type":"if","locations":[{"start":{"line":30,"column":0},"end":{"line":35,"column":1}},{"start":{},"end":{}}]},"4":{"loc":{"start":{"line":31,"column":15},"end":{"line":31,"column":39}},"type":"binary-expr","locations":[{"start":{"line":31,"column":15},"end":{"line":31,"column":31}},{"start":{"line":31,"column":35},"end":{"line":31,"column":39}}]}},"s":{"0":1,"1":1,"2":1,"3":1,"4":1,"5":1,"6":1,"7":5,"8":1,"9":1,"10":4,"11":4,"12":4,"13":3,"14":1,"15":1,"16":1,"17":0,"18":0,"19":0},"f":{"0":5,"1":0},"b":{"0":[1,4],"1":[5,4],"2":[4,3],"3":[0,1],"4":[0,0]}}
}
