TN:
SF:src/llmService.ts
FN:21,(anonymous_0)
FN:26,(anonymous_1)
FNF:2
FNH:2
FNDA:1,(anonymous_0)
FNDA:4,(anonymous_1)
DA:1,1
DA:2,1
DA:3,1
DA:6,1
DA:20,1
DA:30,4
DA:31,4
DA:49,4
DA:53,4
DA:65,3
DA:67,1
DA:68,1
DA:73,1
LF:13
LH:13
BRDA:49,0,0,1
BRDA:49,0,1,3
BRF:2
BRH:2
end_of_record
TN:
SF:src/server.ts
FN:10,(anonymous_1)
FN:32,(anonymous_2)
FNF:2
FNH:1
FNDA:5,(anonymous_1)
FNDA:0,(anonymous_2)
DA:1,1
DA:2,1
DA:3,1
DA:5,1
DA:7,1
DA:8,1
DA:10,1
DA:11,5
DA:12,1
DA:13,1
DA:16,4
DA:18,4
DA:19,4
DA:23,3
DA:25,1
DA:26,1
DA:30,1
DA:31,0
DA:32,0
DA:33,0
LF:20
LH:17
BRDA:11,0,0,1
BRDA:11,0,1,4
BRDA:11,1,0,5
BRDA:11,1,1,4
BRDA:16,2,0,4
BRDA:16,2,1,3
BRDA:30,3,0,0
BRDA:30,3,1,1
BRDA:31,4,0,0
BRDA:31,4,1,0
BRF:10
BRH:7
end_of_record
